Rank 0: Starting epoch 1/200
Rank 0: Starting epoch 2/200
Rank 0: Starting epoch 3/200
Rank 0: Starting epoch 4/200
Rank 0: Starting epoch 5/200
Rank 0: Starting epoch 6/200
Rank 0: Starting epoch 7/200
Rank 0: Starting epoch 8/200
Rank 0: Starting epoch 9/200
Rank 0: Starting epoch 10/200
Rank 0: Starting epoch 11/200
Rank 0: Starting epoch 12/200
Rank 0: Starting epoch 13/200
Rank 0: Starting epoch 14/200
Rank 0: Starting epoch 15/200
Rank 0: Starting epoch 16/200
Rank 0: Starting epoch 17/200
Rank 0: Starting epoch 18/200
Rank 0: Starting epoch 19/200
Rank 0: Starting epoch 20/200
Rank 0: Starting epoch 21/200
Rank 0: Starting epoch 22/200
Rank 0: Starting epoch 23/200
Rank 0: Starting epoch 24/200
Rank 0: Starting epoch 25/200
Rank 0: Starting epoch 26/200
Rank 0: Starting epoch 27/200
Rank 0: Starting epoch 28/200
Rank 0: Starting epoch 29/200
Rank 0: Starting epoch 30/200
Rank 0: Starting epoch 31/200
Rank 0: Starting epoch 32/200
Rank 0: Starting epoch 33/200
Rank 0: Starting epoch 34/200
Rank 0: Starting epoch 35/200
Rank 0: Starting epoch 36/200
Rank 0: Starting epoch 37/200
Rank 0: Starting epoch 38/200
Rank 0: Starting epoch 39/200
Rank 0: Starting epoch 40/200
Rank 0: Starting epoch 41/200
Rank 0: Starting epoch 42/200
Rank 0: Starting epoch 43/200
Rank 0: Starting epoch 44/200
Rank 0: Starting epoch 45/200
Rank 0: Starting epoch 46/200
Rank 0: Starting epoch 47/200
Rank 0: Starting epoch 48/200
Rank 0: Starting epoch 49/200
Rank 0: Starting epoch 50/200
Rank 0: Starting epoch 51/200
Rank 0: Starting epoch 52/200
Rank 0: Starting epoch 53/200
Rank 0: Starting epoch 54/200
Rank 0: Starting epoch 55/200
Rank 0: Starting epoch 56/200
Rank 0: Starting epoch 57/200
Rank 0: Starting epoch 58/200
Rank 0: Starting epoch 59/200
Rank 0: Starting epoch 60/200
Rank 0: Starting epoch 61/200
Rank 0: Starting epoch 62/200
Rank 0: Starting epoch 63/200
Rank 0: Starting epoch 64/200
Rank 0: Starting epoch 65/200
Rank 0: Starting epoch 66/200
Rank 0: Starting epoch 67/200
Rank 0: Starting epoch 68/200
Rank 0: Starting epoch 69/200
Rank 0: Starting epoch 70/200
Rank 0: Starting epoch 71/200
Rank 0: Starting epoch 72/200
Rank 0: Starting epoch 73/200
Rank 0: Starting epoch 74/200
Rank 0: Starting epoch 75/200
Rank 0: Starting epoch 76/200
Rank 0: Starting epoch 77/200
Rank 0: Starting epoch 78/200
Rank 0: Starting epoch 79/200
Rank 0: Starting epoch 80/200
Rank 0: Starting epoch 81/200
Rank 0: Starting epoch 82/200
Rank 0: Starting epoch 83/200
Rank 0: Starting epoch 84/200
Rank 0: Starting epoch 85/200
Rank 0: Starting epoch 86/200
Rank 0: Starting epoch 87/200
Rank 0: Starting epoch 88/200
Rank 0: Starting epoch 89/200
Rank 0: Starting epoch 90/200
Rank 0: Starting epoch 91/200
Rank 0: Starting epoch 92/200
Rank 0: Starting epoch 93/200
Rank 0: Starting epoch 94/200
Rank 0: Starting epoch 95/200
Rank 0: Starting epoch 96/200
Rank 0: Starting epoch 97/200
Rank 0: Starting epoch 98/200
Rank 0: Starting epoch 99/200
Rank 0: Starting epoch 100/200
Rank 0: Starting epoch 101/200
Rank 0: Starting epoch 102/200
Rank 0: Starting epoch 103/200
Rank 0: Starting epoch 104/200
Rank 0: Starting epoch 105/200
Rank 0: Starting epoch 106/200
Rank 0: Starting epoch 107/200
Rank 0: Starting epoch 108/200
Rank 0: Starting epoch 109/200
Rank 0: Starting epoch 110/200
Rank 0: Starting epoch 111/200
Rank 0: Starting epoch 112/200
Rank 0: Starting epoch 113/200
Rank 0: Starting epoch 114/200
Rank 0: Starting epoch 115/200
Rank 0: Starting epoch 116/200
Rank 0: Starting epoch 117/200
Rank 0: Starting epoch 118/200
Rank 0: Starting epoch 119/200
Rank 0: Starting epoch 120/200
Rank 0: Starting epoch 121/200
Rank 0: Starting epoch 122/200
Rank 0: Starting epoch 123/200
Rank 0: Starting epoch 124/200
Rank 0: Starting epoch 125/200
Rank 0: Starting epoch 126/200
Rank 0: Starting epoch 127/200
Rank 0: Starting epoch 128/200
Rank 0: Starting epoch 129/200
Rank 0: Starting epoch 130/200
Rank 0: Starting epoch 131/200
Rank 0: Starting epoch 132/200
Rank 0: Starting epoch 133/200
Rank 0: Starting epoch 134/200
Rank 0: Starting epoch 135/200
Rank 0: Starting epoch 136/200
Rank 0: Starting epoch 137/200
Rank 0: Starting epoch 138/200
Rank 0: Starting epoch 139/200
Rank 0: Starting epoch 140/200
Rank 0: Starting epoch 141/200
Rank 0: Starting epoch 142/200
Rank 0: Starting epoch 143/200
Rank 0: Starting epoch 144/200
Rank 0: Starting epoch 145/200
Rank 0: Starting epoch 146/200
Rank 0: Starting epoch 147/200
Rank 0: Starting epoch 148/200
Rank 0: Starting epoch 149/200
Rank 0: Starting epoch 150/200
Rank 0: Starting epoch 151/200
Rank 0: Starting epoch 152/200
Rank 0: Starting epoch 153/200
Rank 0: Starting epoch 154/200
Rank 0: Starting epoch 155/200
Rank 0: Starting epoch 156/200
Rank 0: Starting epoch 157/200
Rank 0: Starting epoch 158/200
Rank 0: Starting epoch 159/200
Rank 0: Starting epoch 160/200
Rank 0: Starting epoch 161/200
Rank 0: Starting epoch 162/200
Rank 0: Starting epoch 163/200
Rank 0: Starting epoch 164/200
Rank 0: Starting epoch 165/200
Rank 0: Starting epoch 166/200
Rank 0: Starting epoch 167/200
Rank 0: Starting epoch 168/200
Epoch: 1, Validation Loss: 0.1471657156944275
Epoch: 2, Validation Loss: 0.0896025151014328
Epoch: 3, Validation Loss: 0.09681566804647446
Epoch: 4, Validation Loss: 0.07695771753787994
Epoch: 5, Validation Loss: 0.09650768339633942
Epoch: 6, Validation Loss: 0.08718699961900711
Epoch: 7, Validation Loss: 0.0904909148812294
Epoch: 8, Validation Loss: 0.08156134188175201
Epoch: 9, Validation Loss: 0.082893505692482
Epoch: 10, Validation Loss: 0.07339384406805038
Epoch: 11, Validation Loss: 0.0640290379524231
Epoch: 12, Validation Loss: 0.05644647404551506
Epoch: 13, Validation Loss: 0.06173669174313545
Epoch: 14, Validation Loss: 0.05268564820289612
Epoch: 15, Validation Loss: 0.04844794422388077
Epoch: 16, Validation Loss: 0.044813357293605804
Epoch: 17, Validation Loss: 0.047144703567028046
Epoch: 18, Validation Loss: 0.04599608853459358
Epoch: 19, Validation Loss: 0.03350559622049332
Epoch: 20, Validation Loss: 0.04071930795907974
Epoch: 21, Validation Loss: 0.046585384756326675
Epoch: 22, Validation Loss: 0.043586671352386475
Epoch: 23, Validation Loss: 0.046613212674856186
Epoch: 24, Validation Loss: 0.040197230875492096
Epoch: 25, Validation Loss: 0.04659305885434151
Epoch: 26, Validation Loss: 0.0537848062813282
Epoch: 27, Validation Loss: 0.04779871925711632
Epoch: 28, Validation Loss: 0.050602614879608154
Epoch: 29, Validation Loss: 0.045458972454071045
Epoch: 30, Validation Loss: 0.03904419392347336
Epoch: 31, Validation Loss: 0.0390431173145771
Epoch: 32, Validation Loss: 0.03448349982500076
Epoch: 33, Validation Loss: 0.029705947265028954
Epoch: 34, Validation Loss: 0.030857771635055542
Epoch: 35, Validation Loss: 0.026869529858231544
Epoch: 36, Validation Loss: 0.025207411497831345
Epoch: 37, Validation Loss: 0.02170305699110031
Epoch: 38, Validation Loss: 0.018893254920840263
Epoch: 39, Validation Loss: 0.01623918116092682
Epoch: 40, Validation Loss: 0.019098399206995964
Epoch: 41, Validation Loss: 0.01867530308663845
Epoch: 42, Validation Loss: 0.016184862703084946
Epoch: 43, Validation Loss: 0.01632821559906006
Epoch: 44, Validation Loss: 0.01753629744052887
Epoch: 45, Validation Loss: 0.01485026441514492
Epoch: 46, Validation Loss: 0.01909370720386505
Epoch: 47, Validation Loss: 0.014083588495850563
Epoch: 48, Validation Loss: 0.01268852036446333
Epoch: 49, Validation Loss: 0.01817851886153221
Epoch: 50, Validation Loss: 0.014700752682983875
Epoch: 51, Validation Loss: 0.022009344771504402
Epoch: 52, Validation Loss: 0.017568111419677734
Epoch: 53, Validation Loss: 0.014530112966895103
Epoch: 54, Validation Loss: 0.018418066203594208
Epoch: 55, Validation Loss: 0.013739779591560364
Epoch: 56, Validation Loss: 0.0166135523468256
Epoch: 57, Validation Loss: 0.014561556279659271
Epoch: 58, Validation Loss: 0.011597095988690853
Epoch: 59, Validation Loss: 0.011854039505124092
Epoch: 60, Validation Loss: 0.01097737718373537
Epoch: 61, Validation Loss: 0.011494070291519165
Epoch: 62, Validation Loss: 0.013725494965910912
Epoch: 63, Validation Loss: 0.017255611717700958
Epoch: 64, Validation Loss: 0.01362031139433384
Epoch: 65, Validation Loss: 0.01891745626926422
Epoch: 66, Validation Loss: 0.016269883140921593
Epoch: 67, Validation Loss: 0.010675812140107155
Epoch: 68, Validation Loss: 0.011092322878539562
Epoch: 69, Validation Loss: 0.012707558460533619
Epoch: 70, Validation Loss: 0.010043023154139519
Epoch: 71, Validation Loss: 0.009480291977524757
Epoch: 72, Validation Loss: 0.010127191431820393
Epoch: 73, Validation Loss: 0.010846413671970367
Epoch: 74, Validation Loss: 0.015000668354332447
Epoch: 75, Validation Loss: 0.015106509439647198
Epoch: 76, Validation Loss: 0.014602847397327423
Epoch: 77, Validation Loss: 0.01827661320567131
Epoch: 78, Validation Loss: 0.014606758952140808
Epoch: 79, Validation Loss: 0.013369357213377953
Epoch: 80, Validation Loss: 0.013502612709999084
Epoch: 81, Validation Loss: 0.020462431013584137
Epoch: 82, Validation Loss: 0.015138152055442333
Epoch: 83, Validation Loss: 0.012845626100897789
Epoch: 84, Validation Loss: 0.01414240151643753
Epoch: 85, Validation Loss: 0.01857839897274971
Epoch: 86, Validation Loss: 0.010894734412431717
Epoch: 87, Validation Loss: 0.013808024115860462
Epoch: 88, Validation Loss: 0.009741130284965038
Epoch: 89, Validation Loss: 0.010080978274345398
Epoch: 90, Validation Loss: 0.009818144142627716
Epoch: 91, Validation Loss: 0.011747455224394798
Epoch: 92, Validation Loss: 0.012062527239322662
Epoch: 93, Validation Loss: 0.011131878942251205
Epoch: 94, Validation Loss: 0.01261677872389555
Epoch: 95, Validation Loss: 0.009837002493441105
Epoch: 96, Validation Loss: 0.009921456687152386
Epoch: 97, Validation Loss: 0.009197999723255634
Epoch: 98, Validation Loss: 0.009170572273433208
Epoch: 99, Validation Loss: 0.009739183820784092
Epoch: 100, Validation Loss: 0.010194584727287292
Epoch: 101, Validation Loss: 0.009681657887995243
Epoch: 102, Validation Loss: 0.010103918612003326
Epoch: 103, Validation Loss: 0.009727139957249165
Epoch: 104, Validation Loss: 0.008410382084548473
Epoch: 105, Validation Loss: 0.011516900733113289
Epoch: 106, Validation Loss: 0.011322948150336742
Epoch: 107, Validation Loss: 0.017257098108530045
Epoch: 108, Validation Loss: 0.011602049693465233
Epoch: 109, Validation Loss: 0.012600879184901714
Epoch: 110, Validation Loss: 0.011399525217711926
Epoch: 111, Validation Loss: 0.013433637097477913
Epoch: 112, Validation Loss: 0.011124936863780022
Epoch: 113, Validation Loss: 0.010946937836706638
Epoch: 114, Validation Loss: 0.009808908216655254
Epoch: 115, Validation Loss: 0.011168109253048897
Epoch: 116, Validation Loss: 0.01206006109714508
Epoch: 117, Validation Loss: 0.010486993007361889
Epoch: 118, Validation Loss: 0.009531700983643532
Epoch: 119, Validation Loss: 0.010065441019833088
Epoch: 120, Validation Loss: 0.009541992098093033
Epoch: 121, Validation Loss: 0.00957397185266018
Epoch: 122, Validation Loss: 0.008665407076478004
Epoch: 123, Validation Loss: 0.011364666745066643
Epoch: 124, Validation Loss: 0.008930115029215813
Epoch: 125, Validation Loss: 0.008349441923201084
Epoch: 126, Validation Loss: 0.008903874084353447
Epoch: 127, Validation Loss: 0.008655163459479809
Epoch: 128, Validation Loss: 0.009167764335870743
Epoch: 129, Validation Loss: 0.010023798793554306
Epoch: 130, Validation Loss: 0.010190853849053383
Epoch: 131, Validation Loss: 0.00890295673161745
Epoch: 132, Validation Loss: 0.010280599817633629
Epoch: 133, Validation Loss: 0.009533883072435856
Epoch: 134, Validation Loss: 0.009356383234262466
Epoch: 135, Validation Loss: 0.009366107173264027
Epoch: 136, Validation Loss: 0.00992159079760313
Epoch: 137, Validation Loss: 0.010404062457382679
Epoch: 138, Validation Loss: 0.012549174018204212
Epoch: 139, Validation Loss: 0.009000266902148724
Epoch: 140, Validation Loss: 0.011017631739377975
Epoch: 141, Validation Loss: 0.010339667089283466
Epoch: 142, Validation Loss: 0.008163467049598694
Epoch: 143, Validation Loss: 0.011992151848971844
Epoch: 144, Validation Loss: 0.008423159830272198
Epoch: 145, Validation Loss: 0.009861253201961517
Epoch: 146, Validation Loss: 0.008624129928648472
Epoch: 147, Validation Loss: 0.00961514376103878
Epoch: 148, Validation Loss: 0.008543151430785656
Epoch: 149, Validation Loss: 0.010663500055670738
Epoch: 150, Validation Loss: 0.008133512921631336
Epoch: 151, Validation Loss: 0.009040666744112968
Epoch: 152, Validation Loss: 0.009606038220226765
Epoch: 153, Validation Loss: 0.008938543498516083
Epoch: 154, Validation Loss: 0.009362680837512016
Epoch: 155, Validation Loss: 0.011768725700676441
Epoch: 156, Validation Loss: 0.011476671323180199
Epoch: 157, Validation Loss: 0.009613347239792347
Epoch: 158, Validation Loss: 0.01028035394847393
Epoch: 159, Validation Loss: 0.011138338595628738
Epoch: 160, Validation Loss: 0.010696684010326862
Epoch: 161, Validation Loss: 0.010315444320440292
Epoch: 162, Validation Loss: 0.012701218947768211
Epoch: 163, Validation Loss: 0.015097087249159813
Epoch: 164, Validation Loss: 0.01227649487555027
Epoch: 165, Validation Loss: 0.017799973487854004
Epoch: 166, Validation Loss: 0.0101724062114954
Epoch: 167, Validation Loss: 0.009252953343093395
Rank 0: Starting epoch 169/200
Rank 0: Starting epoch 170/200
Rank 0: Starting epoch 171/200
Rank 0: Starting epoch 172/200
Rank 0: Starting epoch 173/200
Rank 0: Starting epoch 174/200
Rank 0: Starting epoch 175/200
Rank 0: Starting epoch 176/200
Rank 0: Starting epoch 177/200
Rank 0: Starting epoch 178/200
Rank 0: Starting epoch 179/200
Rank 0: Starting epoch 180/200
Rank 0: Starting epoch 181/200
Rank 0: Starting epoch 182/200
Rank 0: Starting epoch 183/200
Rank 0: Starting epoch 184/200
Rank 0: Starting epoch 185/200
Rank 0: Starting epoch 186/200
Rank 0: Starting epoch 187/200
Rank 0: Starting epoch 188/200
Rank 0: Starting epoch 189/200
Rank 0: Starting epoch 190/200
Rank 0: Starting epoch 191/200
Rank 0: Starting epoch 192/200
Rank 0: Starting epoch 193/200
Rank 0: Starting epoch 194/200
Rank 0: Starting epoch 195/200
Rank 0: Starting epoch 196/200
Rank 0: Starting epoch 197/200
Rank 0: Starting epoch 198/200
Rank 0: Starting epoch 199/200
Rank 0: Starting epoch 200/200
Rank 0: Sent training data output to rank 1
Rank 0: Sent test data output to rank 1
Epoch: 168, Validation Loss: 0.010174131020903587
Epoch: 169, Validation Loss: 0.009236824698746204
Epoch: 170, Validation Loss: 0.010532192885875702
Epoch: 171, Validation Loss: 0.009732416830956936
Epoch: 172, Validation Loss: 0.012125007808208466
Epoch: 173, Validation Loss: 0.009132671169936657
Epoch: 174, Validation Loss: 0.00793367438018322
Epoch: 175, Validation Loss: 0.008412730880081654
Epoch: 176, Validation Loss: 0.008485977537930012
Epoch: 177, Validation Loss: 0.008900816552340984
Epoch: 178, Validation Loss: 0.008407439105212688
Epoch: 179, Validation Loss: 0.007090321741998196
Epoch: 180, Validation Loss: 0.0077353790402412415
Epoch: 181, Validation Loss: 0.007518465630710125
Epoch: 182, Validation Loss: 0.00710803410038352
Epoch: 183, Validation Loss: 0.009802709333598614
Epoch: 184, Validation Loss: 0.011714507825672626
Epoch: 185, Validation Loss: 0.007124667055904865
Epoch: 186, Validation Loss: 0.008593725040555
Epoch: 187, Validation Loss: 0.008166813291609287
Epoch: 188, Validation Loss: 0.007908356375992298
Epoch: 189, Validation Loss: 0.009232787415385246
Epoch: 190, Validation Loss: 0.009322576224803925
Epoch: 191, Validation Loss: 0.008844124153256416
Epoch: 192, Validation Loss: 0.007845512591302395
Epoch: 193, Validation Loss: 0.009243512526154518
Epoch: 194, Validation Loss: 0.007764504756778479
Epoch: 195, Validation Loss: 0.008049646392464638
Epoch: 196, Validation Loss: 0.009588867425918579
Epoch: 197, Validation Loss: 0.01227065734565258
Epoch: 198, Validation Loss: 0.01118101179599762
Epoch: 199, Validation Loss: 0.010107947513461113
Epoch: 200, Validation Loss: 0.012670825235545635
Model: ModelParallel_2L-GL
Training Time: 5065.04 seconds
Final Training MSE: 0.012671
Final Validation MSE: 0.010742
Test MSE: 0.350078
