Input Shape: (1585, 15, 6)
Output Shape: (1585, 1)
Training Shape: (1268, 15, 6) (317, 15, 6)
Testing Shape: (1268, 1) (317, 1)
Epoch 1/1000
72/72 - 4s - 51ms/step - loss: 0.0647 - val_loss: 0.0376
Epoch 2/1000
72/72 - 1s - 18ms/step - loss: 0.0256 - val_loss: 0.0279
Epoch 3/1000
72/72 - 1s - 18ms/step - loss: 0.0217 - val_loss: 0.0259
Epoch 4/1000
72/72 - 1s - 17ms/step - loss: 0.0199 - val_loss: 0.0229
Epoch 5/1000
72/72 - 1s - 19ms/step - loss: 0.0190 - val_loss: 0.0256
Epoch 6/1000
72/72 - 2s - 21ms/step - loss: 0.0171 - val_loss: 0.0235
Epoch 7/1000
72/72 - 2s - 21ms/step - loss: 0.0181 - val_loss: 0.0215
Epoch 8/1000
72/72 - 3s - 38ms/step - loss: 0.0168 - val_loss: 0.0221
Epoch 9/1000
72/72 - 2s - 22ms/step - loss: 0.0157 - val_loss: 0.0194
Epoch 10/1000
72/72 - 2s - 22ms/step - loss: 0.0159 - val_loss: 0.0217
Epoch 11/1000
72/72 - 2s - 24ms/step - loss: 0.0151 - val_loss: 0.0195
Epoch 12/1000
72/72 - 2s - 24ms/step - loss: 0.0150 - val_loss: 0.0190
Epoch 13/1000
72/72 - 2s - 23ms/step - loss: 0.0149 - val_loss: 0.0200
Epoch 14/1000
72/72 - 1s - 20ms/step - loss: 0.0144 - val_loss: 0.0176
Epoch 15/1000
72/72 - 1s - 18ms/step - loss: 0.0133 - val_loss: 0.0190
Epoch 16/1000
72/72 - 1s - 16ms/step - loss: 0.0145 - val_loss: 0.0198
Epoch 17/1000
72/72 - 1s - 17ms/step - loss: 0.0128 - val_loss: 0.0197
Epoch 18/1000
72/72 - 1s - 21ms/step - loss: 0.0128 - val_loss: 0.0179
Epoch 19/1000
72/72 - 1s - 20ms/step - loss: 0.0129 - val_loss: 0.0182
Epoch 20/1000
72/72 - 2s - 23ms/step - loss: 0.0139 - val_loss: 0.0182
Epoch 21/1000
72/72 - 2s - 22ms/step - loss: 0.0137 - val_loss: 0.0172
Epoch 22/1000
72/72 - 2s - 22ms/step - loss: 0.0121 - val_loss: 0.0175
Epoch 23/1000
72/72 - 1s - 16ms/step - loss: 0.0124 - val_loss: 0.0156
Epoch 24/1000
72/72 - 2s - 23ms/step - loss: 0.0122 - val_loss: 0.0153
Epoch 25/1000
72/72 - 2s - 23ms/step - loss: 0.0122 - val_loss: 0.0161
Epoch 26/1000
72/72 - 2s - 22ms/step - loss: 0.0123 - val_loss: 0.0159
Epoch 27/1000
72/72 - 1s - 20ms/step - loss: 0.0124 - val_loss: 0.0151
Epoch 28/1000
72/72 - 2s - 21ms/step - loss: 0.0118 - val_loss: 0.0148
Epoch 29/1000
72/72 - 1s - 20ms/step - loss: 0.0118 - val_loss: 0.0156
Epoch 30/1000
72/72 - 3s - 37ms/step - loss: 0.0120 - val_loss: 0.0140
Epoch 31/1000
72/72 - 1s - 20ms/step - loss: 0.0111 - val_loss: 0.0148
Epoch 32/1000
72/72 - 2s - 23ms/step - loss: 0.0117 - val_loss: 0.0151
Epoch 33/1000
72/72 - 1s - 20ms/step - loss: 0.0115 - val_loss: 0.0147
Epoch 34/1000
72/72 - 1s - 17ms/step - loss: 0.0108 - val_loss: 0.0137
Epoch 35/1000
72/72 - 1s - 16ms/step - loss: 0.0109 - val_loss: 0.0154
Epoch 36/1000
72/72 - 1s - 16ms/step - loss: 0.0113 - val_loss: 0.0149
Epoch 37/1000
72/72 - 1s - 17ms/step - loss: 0.0111 - val_loss: 0.0143
Epoch 38/1000
72/72 - 1s - 19ms/step - loss: 0.0115 - val_loss: 0.0143
Epoch 39/1000
72/72 - 1s - 17ms/step - loss: 0.0107 - val_loss: 0.0144
Epoch 40/1000
72/72 - 1s - 19ms/step - loss: 0.0113 - val_loss: 0.0148
Epoch 41/1000
72/72 - 1s - 17ms/step - loss: 0.0111 - val_loss: 0.0140
Epoch 42/1000
72/72 - 2s - 23ms/step - loss: 0.0103 - val_loss: 0.0143
Epoch 43/1000
72/72 - 2s - 23ms/step - loss: 0.0110 - val_loss: 0.0141
Epoch 44/1000
72/72 - 2s - 22ms/step - loss: 0.0117 - val_loss: 0.0138
Epoch 45/1000
72/72 - 3s - 35ms/step - loss: 0.0105 - val_loss: 0.0146
Epoch 46/1000
72/72 - 1s - 18ms/step - loss: 0.0113 - val_loss: 0.0142
Epoch 47/1000
72/72 - 2s - 21ms/step - loss: 0.0103 - val_loss: 0.0136
Epoch 48/1000
72/72 - 1s - 20ms/step - loss: 0.0111 - val_loss: 0.0139
Epoch 49/1000
72/72 - 1s - 20ms/step - loss: 0.0103 - val_loss: 0.0136
Epoch 50/1000
72/72 - 1s - 20ms/step - loss: 0.0103 - val_loss: 0.0127
Epoch 51/1000
72/72 - 2s - 23ms/step - loss: 0.0105 - val_loss: 0.0151
Epoch 52/1000
72/72 - 1s - 20ms/step - loss: 0.0111 - val_loss: 0.0127
Epoch 53/1000
72/72 - 1s - 21ms/step - loss: 0.0106 - val_loss: 0.0147
Epoch 54/1000
72/72 - 1s - 19ms/step - loss: 0.0107 - val_loss: 0.0111
Epoch 55/1000
72/72 - 1s - 20ms/step - loss: 0.0106 - val_loss: 0.0143
Epoch 56/1000
72/72 - 1s - 17ms/step - loss: 0.0097 - val_loss: 0.0129
Epoch 57/1000
72/72 - 1s - 19ms/step - loss: 0.0101 - val_loss: 0.0121
Epoch 58/1000
72/72 - 1s - 18ms/step - loss: 0.0101 - val_loss: 0.0133
Epoch 59/1000
72/72 - 1s - 18ms/step - loss: 0.0104 - val_loss: 0.0133
Epoch 60/1000
72/72 - 1s - 18ms/step - loss: 0.0102 - val_loss: 0.0138
Epoch 61/1000
72/72 - 3s - 37ms/step - loss: 0.0105 - val_loss: 0.0130
Epoch 62/1000
72/72 - 1s - 17ms/step - loss: 0.0099 - val_loss: 0.0126
Epoch 63/1000
72/72 - 1s - 18ms/step - loss: 0.0105 - val_loss: 0.0131
Epoch 64/1000
72/72 - 1s - 18ms/step - loss: 0.0101 - val_loss: 0.0136
Epoch 65/1000
72/72 - 1s - 21ms/step - loss: 0.0094 - val_loss: 0.0126
Epoch 66/1000
72/72 - 2s - 21ms/step - loss: 0.0096 - val_loss: 0.0121
Epoch 67/1000
72/72 - 1s - 18ms/step - loss: 0.0097 - val_loss: 0.0138
Epoch 68/1000
72/72 - 2s - 22ms/step - loss: 0.0092 - val_loss: 0.0113
Epoch 69/1000
72/72 - 1s - 21ms/step - loss: 0.0097 - val_loss: 0.0123
Epoch 70/1000
72/72 - 1s - 18ms/step - loss: 0.0098 - val_loss: 0.0127
Epoch 71/1000
72/72 - 2s - 22ms/step - loss: 0.0097 - val_loss: 0.0120
Epoch 72/1000
72/72 - 2s - 22ms/step - loss: 0.0098 - val_loss: 0.0132
Epoch 73/1000
72/72 - 1s - 21ms/step - loss: 0.0094 - val_loss: 0.0143
Epoch 74/1000
72/72 - 2s - 22ms/step - loss: 0.0089 - val_loss: 0.0130
Epoch 75/1000
72/72 - 2s - 23ms/step - loss: 0.0096 - val_loss: 0.0117
Epoch 76/1000
72/72 - 1s - 19ms/step - loss: 0.0101 - val_loss: 0.0107
Epoch 77/1000
72/72 - 1s - 18ms/step - loss: 0.0094 - val_loss: 0.0125
Epoch 78/1000
72/72 - 1s - 17ms/step - loss: 0.0093 - val_loss: 0.0128
Epoch 79/1000
72/72 - 2s - 22ms/step - loss: 0.0092 - val_loss: 0.0131
Epoch 80/1000
72/72 - 1s - 17ms/step - loss: 0.0094 - val_loss: 0.0115
Epoch 81/1000
72/72 - 1s - 20ms/step - loss: 0.0093 - val_loss: 0.0133
Epoch 82/1000
72/72 - 2s - 24ms/step - loss: 0.0091 - val_loss: 0.0126
Epoch 83/1000
72/72 - 2s - 26ms/step - loss: 0.0091 - val_loss: 0.0115
Epoch 84/1000
72/72 - 2s - 23ms/step - loss: 0.0094 - val_loss: 0.0114
Epoch 85/1000
72/72 - 2s - 23ms/step - loss: 0.0091 - val_loss: 0.0112
Epoch 86/1000
72/72 - 2s - 25ms/step - loss: 0.0093 - val_loss: 0.0107
Epoch 87/1000
72/72 - 2s - 27ms/step - loss: 0.0090 - val_loss: 0.0117
Epoch 88/1000
72/72 - 2s - 23ms/step - loss: 0.0090 - val_loss: 0.0115
Epoch 89/1000
72/72 - 2s - 23ms/step - loss: 0.0093 - val_loss: 0.0116
Epoch 90/1000
72/72 - 2s - 24ms/step - loss: 0.0093 - val_loss: 0.0117
Epoch 91/1000
72/72 - 2s - 28ms/step - loss: 0.0093 - val_loss: 0.0111
Epoch 92/1000
72/72 - 2s - 27ms/step - loss: 0.0084 - val_loss: 0.0113
Epoch 93/1000
72/72 - 2s - 22ms/step - loss: 0.0094 - val_loss: 0.0109
Epoch 94/1000
72/72 - 1s - 20ms/step - loss: 0.0094 - val_loss: 0.0127
Epoch 95/1000
72/72 - 1s - 18ms/step - loss: 0.0091 - val_loss: 0.0119
Epoch 96/1000
72/72 - 2s - 21ms/step - loss: 0.0089 - val_loss: 0.0133
Epoch 97/1000
72/72 - 1s - 20ms/step - loss: 0.0087 - val_loss: 0.0123
Epoch 98/1000
72/72 - 1s - 18ms/step - loss: 0.0091 - val_loss: 0.0119
Epoch 99/1000
72/72 - 1s - 19ms/step - loss: 0.0092 - val_loss: 0.0107
Epoch 100/1000
72/72 - 3s - 35ms/step - loss: 0.0093 - val_loss: 0.0119
Epoch 101/1000
72/72 - 1s - 17ms/step - loss: 0.0085 - val_loss: 0.0122
Epoch 102/1000
72/72 - 1s - 16ms/step - loss: 0.0091 - val_loss: 0.0115
Epoch 103/1000
72/72 - 1s - 18ms/step - loss: 0.0090 - val_loss: 0.0117
Epoch 104/1000
72/72 - 1s - 18ms/step - loss: 0.0094 - val_loss: 0.0120
Epoch 105/1000
72/72 - 2s - 23ms/step - loss: 0.0086 - val_loss: 0.0109
Epoch 106/1000
72/72 - 2s - 22ms/step - loss: 0.0086 - val_loss: 0.0115
Epoch 107/1000
72/72 - 2s - 22ms/step - loss: 0.0087 - val_loss: 0.0111
Epoch 108/1000
72/72 - 3s - 37ms/step - loss: 0.0090 - val_loss: 0.0106
Epoch 109/1000
72/72 - 2s - 22ms/step - loss: 0.0083 - val_loss: 0.0115
Epoch 110/1000
72/72 - 2s - 24ms/step - loss: 0.0084 - val_loss: 0.0111
Epoch 111/1000
72/72 - 2s - 24ms/step - loss: 0.0081 - val_loss: 0.0100
Epoch 112/1000
72/72 - 2s - 22ms/step - loss: 0.0085 - val_loss: 0.0095
Epoch 113/1000
72/72 - 1s - 20ms/step - loss: 0.0088 - val_loss: 0.0122
Epoch 114/1000
72/72 - 2s - 21ms/step - loss: 0.0091 - val_loss: 0.0118
Epoch 115/1000
72/72 - 1s - 18ms/step - loss: 0.0090 - val_loss: 0.0111
Epoch 116/1000
72/72 - 1s - 20ms/step - loss: 0.0087 - val_loss: 0.0121
Epoch 117/1000
72/72 - 1s - 19ms/step - loss: 0.0089 - val_loss: 0.0119
Epoch 118/1000
72/72 - 1s - 18ms/step - loss: 0.0085 - val_loss: 0.0113
Epoch 119/1000
72/72 - 1s - 20ms/step - loss: 0.0087 - val_loss: 0.0103
Epoch 120/1000
72/72 - 2s - 22ms/step - loss: 0.0087 - val_loss: 0.0126
Epoch 121/1000
72/72 - 1s - 17ms/step - loss: 0.0083 - val_loss: 0.0117
Epoch 122/1000
72/72 - 1s - 17ms/step - loss: 0.0082 - val_loss: 0.0112
Epoch 123/1000
72/72 - 1s - 19ms/step - loss: 0.0087 - val_loss: 0.0115
Epoch 124/1000
72/72 - 2s - 25ms/step - loss: 0.0087 - val_loss: 0.0127
Epoch 125/1000
72/72 - 2s - 24ms/step - loss: 0.0085 - val_loss: 0.0100
Epoch 126/1000
72/72 - 2s - 22ms/step - loss: 0.0089 - val_loss: 0.0095
Epoch 127/1000
72/72 - 2s - 23ms/step - loss: 0.0090 - val_loss: 0.0113
Epoch 128/1000
72/72 - 1s - 20ms/step - loss: 0.0086 - val_loss: 0.0108
Epoch 129/1000
72/72 - 2s - 25ms/step - loss: 0.0081 - val_loss: 0.0109
Epoch 130/1000
72/72 - 2s - 28ms/step - loss: 0.0083 - val_loss: 0.0121
Epoch 131/1000
72/72 - 2s - 25ms/step - loss: 0.0085 - val_loss: 0.0102
Epoch 132/1000
72/72 - 1s - 21ms/step - loss: 0.0086 - val_loss: 0.0113
Epoch 133/1000
72/72 - 1s - 18ms/step - loss: 0.0084 - val_loss: 0.0107
Epoch 134/1000
72/72 - 3s - 38ms/step - loss: 0.0086 - val_loss: 0.0114
Epoch 135/1000
72/72 - 2s - 22ms/step - loss: 0.0081 - val_loss: 0.0115
Epoch 136/1000
72/72 - 1s - 18ms/step - loss: 0.0078 - val_loss: 0.0105
Epoch 137/1000
72/72 - 1s - 19ms/step - loss: 0.0085 - val_loss: 0.0106
Epoch 138/1000
72/72 - 2s - 21ms/step - loss: 0.0083 - val_loss: 0.0101
Epoch 139/1000
72/72 - 1s - 18ms/step - loss: 0.0082 - val_loss: 0.0098
Epoch 140/1000
72/72 - 3s - 36ms/step - loss: 0.0083 - val_loss: 0.0101
Epoch 141/1000
72/72 - 2s - 21ms/step - loss: 0.0082 - val_loss: 0.0102
Epoch 142/1000
72/72 - 3s - 37ms/step - loss: 0.0080 - val_loss: 0.0100
Epoch 143/1000
72/72 - 2s - 22ms/step - loss: 0.0082 - val_loss: 0.0110
Epoch 144/1000
72/72 - 2s - 25ms/step - loss: 0.0082 - val_loss: 0.0105
Epoch 145/1000
72/72 - 1s - 20ms/step - loss: 0.0083 - val_loss: 0.0099
Epoch 146/1000
72/72 - 1s - 20ms/step - loss: 0.0086 - val_loss: 0.0102
Epoch 147/1000
72/72 - 1s - 20ms/step - loss: 0.0083 - val_loss: 0.0104
Epoch 148/1000
72/72 - 1s - 19ms/step - loss: 0.0081 - val_loss: 0.0109
Epoch 149/1000
72/72 - 1s - 20ms/step - loss: 0.0088 - val_loss: 0.0084
Epoch 150/1000
72/72 - 2s - 23ms/step - loss: 0.0084 - val_loss: 0.0097
Epoch 151/1000
72/72 - 1s - 18ms/step - loss: 0.0083 - val_loss: 0.0107
Epoch 152/1000
72/72 - 1s - 19ms/step - loss: 0.0078 - val_loss: 0.0104
Epoch 153/1000
72/72 - 3s - 41ms/step - loss: 0.0078 - val_loss: 0.0113
Epoch 154/1000
72/72 - 2s - 21ms/step - loss: 0.0080 - val_loss: 0.0098
Epoch 155/1000
72/72 - 1s - 16ms/step - loss: 0.0080 - val_loss: 0.0099
Epoch 156/1000
72/72 - 2s - 21ms/step - loss: 0.0076 - val_loss: 0.0097
Epoch 157/1000
72/72 - 1s - 17ms/step - loss: 0.0082 - val_loss: 0.0100
Epoch 158/1000
72/72 - 1s - 17ms/step - loss: 0.0088 - val_loss: 0.0098
Epoch 159/1000
72/72 - 1s - 20ms/step - loss: 0.0085 - val_loss: 0.0108
Epoch 160/1000
72/72 - 2s - 22ms/step - loss: 0.0082 - val_loss: 0.0095
Epoch 161/1000
72/72 - 2s - 24ms/step - loss: 0.0077 - val_loss: 0.0102
Epoch 162/1000
72/72 - 2s - 22ms/step - loss: 0.0079 - val_loss: 0.0092
Epoch 163/1000
72/72 - 2s - 23ms/step - loss: 0.0081 - val_loss: 0.0104
Epoch 164/1000
72/72 - 1s - 21ms/step - loss: 0.0079 - val_loss: 0.0089
Epoch 165/1000
72/72 - 2s - 27ms/step - loss: 0.0082 - val_loss: 0.0103
Epoch 166/1000
72/72 - 2s - 26ms/step - loss: 0.0082 - val_loss: 0.0114
Epoch 167/1000
72/72 - 2s - 25ms/step - loss: 0.0080 - val_loss: 0.0101
Epoch 168/1000
72/72 - 2s - 24ms/step - loss: 0.0077 - val_loss: 0.0098
Epoch 169/1000
72/72 - 3s - 37ms/step - loss: 0.0077 - val_loss: 0.0099
Epoch 170/1000
72/72 - 1s - 18ms/step - loss: 0.0081 - val_loss: 0.0098
Epoch 171/1000
72/72 - 1s - 19ms/step - loss: 0.0080 - val_loss: 0.0107
Epoch 172/1000
72/72 - 1s - 19ms/step - loss: 0.0081 - val_loss: 0.0101
Epoch 173/1000
72/72 - 1s - 18ms/step - loss: 0.0081 - val_loss: 0.0103
Epoch 174/1000
72/72 - 1s - 18ms/step - loss: 0.0077 - val_loss: 0.0106
Epoch 175/1000
72/72 - 2s - 26ms/step - loss: 0.0078 - val_loss: 0.0086
Epoch 176/1000
72/72 - 1s - 18ms/step - loss: 0.0080 - val_loss: 0.0103
Epoch 177/1000
72/72 - 1s - 16ms/step - loss: 0.0075 - val_loss: 0.0104
Epoch 178/1000
72/72 - 1s - 20ms/step - loss: 0.0082 - val_loss: 0.0099
Epoch 179/1000
72/72 - 2s - 22ms/step - loss: 0.0081 - val_loss: 0.0105
Epoch 180/1000
72/72 - 2s - 22ms/step - loss: 0.0078 - val_loss: 0.0095
Epoch 181/1000
72/72 - 2s - 24ms/step - loss: 0.0080 - val_loss: 0.0085
Epoch 182/1000
72/72 - 2s - 24ms/step - loss: 0.0074 - val_loss: 0.0096
Epoch 183/1000
72/72 - 2s - 23ms/step - loss: 0.0078 - val_loss: 0.0100
Epoch 184/1000
72/72 - 2s - 25ms/step - loss: 0.0075 - val_loss: 0.0098
Epoch 185/1000
72/72 - 2s - 34ms/step - loss: 0.0079 - val_loss: 0.0093
Epoch 186/1000
72/72 - 1s - 21ms/step - loss: 0.0078 - val_loss: 0.0089
Epoch 187/1000
72/72 - 2s - 25ms/step - loss: 0.0074 - val_loss: 0.0092
Epoch 188/1000
72/72 - 1s - 21ms/step - loss: 0.0071 - val_loss: 0.0104
Epoch 189/1000
72/72 - 1s - 17ms/step - loss: 0.0075 - val_loss: 0.0097
Epoch 190/1000
72/72 - 2s - 23ms/step - loss: 0.0080 - val_loss: 0.0093
Epoch 191/1000
72/72 - 1s - 20ms/step - loss: 0.0077 - val_loss: 0.0103
Epoch 192/1000
72/72 - 1s - 17ms/step - loss: 0.0080 - val_loss: 0.0090
Epoch 193/1000
72/72 - 1s - 17ms/step - loss: 0.0074 - val_loss: 0.0095
Epoch 194/1000
72/72 - 2s - 24ms/step - loss: 0.0077 - val_loss: 0.0105
Epoch 195/1000
72/72 - 1s - 18ms/step - loss: 0.0077 - val_loss: 0.0101
Epoch 196/1000
72/72 - 1s - 16ms/step - loss: 0.0072 - val_loss: 0.0089
Epoch 197/1000
72/72 - 1s - 19ms/step - loss: 0.0075 - val_loss: 0.0099
Epoch 198/1000
72/72 - 2s - 21ms/step - loss: 0.0077 - val_loss: 0.0091
Epoch 199/1000
72/72 - 2s - 25ms/step - loss: 0.0076 - val_loss: 0.0098
Epoch 200/1000
72/72 - 2s - 28ms/step - loss: 0.0077 - val_loss: 0.0089
Epoch 201/1000
72/72 - 2s - 28ms/step - loss: 0.0076 - val_loss: 0.0089
Epoch 202/1000
72/72 - 2s - 31ms/step - loss: 0.0073 - val_loss: 0.0090
Epoch 203/1000
72/72 - 2s - 27ms/step - loss: 0.0075 - val_loss: 0.0089
Epoch 204/1000
72/72 - 2s - 25ms/step - loss: 0.0076 - val_loss: 0.0097
Epoch 205/1000
72/72 - 2s - 22ms/step - loss: 0.0078 - val_loss: 0.0096
Epoch 206/1000
72/72 - 2s - 22ms/step - loss: 0.0079 - val_loss: 0.0091
Epoch 207/1000
72/72 - 1s - 19ms/step - loss: 0.0072 - val_loss: 0.0098
Epoch 208/1000
72/72 - 1s - 18ms/step - loss: 0.0074 - val_loss: 0.0098
Epoch 209/1000
72/72 - 2s - 24ms/step - loss: 0.0076 - val_loss: 0.0105
Epoch 210/1000
72/72 - 1s - 19ms/step - loss: 0.0078 - val_loss: 0.0107
Epoch 211/1000
72/72 - 1s - 16ms/step - loss: 0.0073 - val_loss: 0.0097
Epoch 212/1000
72/72 - 1s - 19ms/step - loss: 0.0070 - val_loss: 0.0107
Epoch 213/1000
72/72 - 2s - 21ms/step - loss: 0.0076 - val_loss: 0.0107
Epoch 214/1000
72/72 - 1s - 17ms/step - loss: 0.0084 - val_loss: 0.0106
Epoch 215/1000
72/72 - 1s - 18ms/step - loss: 0.0075 - val_loss: 0.0091
Epoch 216/1000
72/72 - 1s - 18ms/step - loss: 0.0073 - val_loss: 0.0112
Epoch 217/1000
72/72 - 1s - 20ms/step - loss: 0.0070 - val_loss: 0.0095
Epoch 218/1000
72/72 - 2s - 21ms/step - loss: 0.0070 - val_loss: 0.0112
Epoch 219/1000
72/72 - 1s - 20ms/step - loss: 0.0073 - val_loss: 0.0093
Epoch 220/1000
72/72 - 2s - 22ms/step - loss: 0.0077 - val_loss: 0.0100
Epoch 221/1000
72/72 - 1s - 19ms/step - loss: 0.0075 - val_loss: 0.0109
Epoch 222/1000
72/72 - 1s - 19ms/step - loss: 0.0076 - val_loss: 0.0105
Epoch 223/1000
72/72 - 2s - 22ms/step - loss: 0.0076 - val_loss: 0.0094
Epoch 224/1000
72/72 - 2s - 23ms/step - loss: 0.0070 - val_loss: 0.0094
Epoch 225/1000
72/72 - 1s - 20ms/step - loss: 0.0072 - val_loss: 0.0087
Epoch 226/1000
72/72 - 2s - 22ms/step - loss: 0.0070 - val_loss: 0.0099
Epoch 227/1000
72/72 - 1s - 20ms/step - loss: 0.0073 - val_loss: 0.0091
Epoch 228/1000
72/72 - 1s - 17ms/step - loss: 0.0077 - val_loss: 0.0086
Epoch 229/1000
72/72 - 1s - 18ms/step - loss: 0.0075 - val_loss: 0.0107
Epoch 230/1000
72/72 - 1s - 20ms/step - loss: 0.0074 - val_loss: 0.0105
Epoch 231/1000
72/72 - 1s - 20ms/step - loss: 0.0079 - val_loss: 0.0087
Epoch 232/1000
72/72 - 1s - 18ms/step - loss: 0.0070 - val_loss: 0.0088
Epoch 233/1000
72/72 - 1s - 17ms/step - loss: 0.0069 - val_loss: 0.0107
Epoch 234/1000
72/72 - 2s - 21ms/step - loss: 0.0074 - val_loss: 0.0101
Epoch 235/1000
72/72 - 2s - 22ms/step - loss: 0.0073 - val_loss: 0.0118
Epoch 236/1000
72/72 - 1s - 17ms/step - loss: 0.0073 - val_loss: 0.0096
Epoch 237/1000
72/72 - 2s - 22ms/step - loss: 0.0070 - val_loss: 0.0088
Epoch 238/1000
72/72 - 2s - 22ms/step - loss: 0.0075 - val_loss: 0.0084
Epoch 239/1000
72/72 - 2s - 21ms/step - loss: 0.0071 - val_loss: 0.0097
Epoch 240/1000
72/72 - 2s - 24ms/step - loss: 0.0067 - val_loss: 0.0102
Epoch 241/1000
72/72 - 3s - 37ms/step - loss: 0.0072 - val_loss: 0.0093
Epoch 242/1000
72/72 - 1s - 19ms/step - loss: 0.0071 - val_loss: 0.0094
Epoch 243/1000
72/72 - 2s - 23ms/step - loss: 0.0073 - val_loss: 0.0100
Epoch 244/1000
72/72 - 2s - 25ms/step - loss: 0.0071 - val_loss: 0.0099
Epoch 245/1000
72/72 - 2s - 24ms/step - loss: 0.0073 - val_loss: 0.0093
Epoch 246/1000
72/72 - 2s - 24ms/step - loss: 0.0068 - val_loss: 0.0087
Epoch 247/1000
72/72 - 2s - 22ms/step - loss: 0.0074 - val_loss: 0.0097
Epoch 248/1000
72/72 - 1s - 19ms/step - loss: 0.0071 - val_loss: 0.0084
Epoch 249/1000
72/72 - 2s - 24ms/step - loss: 0.0069 - val_loss: 0.0091
Epoch 250/1000
72/72 - 1s - 20ms/step - loss: 0.0075 - val_loss: 0.0093
Epoch 251/1000
72/72 - 1s - 17ms/step - loss: 0.0069 - val_loss: 0.0099
Epoch 252/1000
72/72 - 1s - 20ms/step - loss: 0.0071 - val_loss: 0.0102
Epoch 253/1000
72/72 - 2s - 22ms/step - loss: 0.0070 - val_loss: 0.0105
Epoch 254/1000
72/72 - 1s - 19ms/step - loss: 0.0071 - val_loss: 0.0102
Epoch 255/1000
72/72 - 1s - 17ms/step - loss: 0.0070 - val_loss: 0.0109
Epoch 256/1000
72/72 - 1s - 21ms/step - loss: 0.0074 - val_loss: 0.0111
Epoch 257/1000
72/72 - 2s - 21ms/step - loss: 0.0071 - val_loss: 0.0092
Epoch 258/1000
72/72 - 2s - 21ms/step - loss: 0.0066 - val_loss: 0.0110
Epoch 259/1000
72/72 - 2s - 21ms/step - loss: 0.0070 - val_loss: 0.0095
Epoch 260/1000
72/72 - 2s - 24ms/step - loss: 0.0071 - val_loss: 0.0095
Epoch 261/1000
72/72 - 1s - 21ms/step - loss: 0.0068 - val_loss: 0.0104
Epoch 262/1000
72/72 - 2s - 24ms/step - loss: 0.0070 - val_loss: 0.0094
Epoch 263/1000
72/72 - 2s - 23ms/step - loss: 0.0066 - val_loss: 0.0098
Epoch 264/1000
72/72 - 2s - 25ms/step - loss: 0.0069 - val_loss: 0.0102
Epoch 265/1000
72/72 - 1s - 20ms/step - loss: 0.0070 - val_loss: 0.0099
Epoch 266/1000
72/72 - 1s - 19ms/step - loss: 0.0067 - val_loss: 0.0082
Epoch 267/1000
72/72 - 1s - 17ms/step - loss: 0.0074 - val_loss: 0.0091
Epoch 268/1000
72/72 - 1s - 20ms/step - loss: 0.0068 - val_loss: 0.0089
Epoch 269/1000
72/72 - 1s - 20ms/step - loss: 0.0066 - val_loss: 0.0107
Epoch 270/1000
72/72 - 1s - 18ms/step - loss: 0.0074 - val_loss: 0.0087
Epoch 271/1000
72/72 - 1s - 19ms/step - loss: 0.0071 - val_loss: 0.0092
Epoch 272/1000
72/72 - 2s - 21ms/step - loss: 0.0068 - val_loss: 0.0092
Epoch 273/1000
72/72 - 2s - 23ms/step - loss: 0.0069 - val_loss: 0.0087
Epoch 274/1000
72/72 - 1s - 19ms/step - loss: 0.0076 - val_loss: 0.0092
Epoch 275/1000
72/72 - 1s - 19ms/step - loss: 0.0069 - val_loss: 0.0084
Epoch 276/1000
72/72 - 2s - 24ms/step - loss: 0.0073 - val_loss: 0.0099
Epoch 277/1000
72/72 - 2s - 24ms/step - loss: 0.0068 - val_loss: 0.0090
Epoch 278/1000
72/72 - 2s - 24ms/step - loss: 0.0065 - val_loss: 0.0101
Epoch 279/1000
72/72 - 2s - 22ms/step - loss: 0.0067 - val_loss: 0.0093
Epoch 280/1000
72/72 - 2s - 22ms/step - loss: 0.0067 - val_loss: 0.0093
Epoch 281/1000
72/72 - 2s - 23ms/step - loss: 0.0069 - val_loss: 0.0089
Epoch 282/1000
72/72 - 2s - 26ms/step - loss: 0.0073 - val_loss: 0.0085
Epoch 283/1000
72/72 - 2s - 22ms/step - loss: 0.0069 - val_loss: 0.0090
Epoch 284/1000
72/72 - 2s - 23ms/step - loss: 0.0073 - val_loss: 0.0086
Epoch 285/1000
72/72 - 2s - 25ms/step - loss: 0.0068 - val_loss: 0.0091
Epoch 286/1000
72/72 - 1s - 20ms/step - loss: 0.0068 - val_loss: 0.0093
Epoch 287/1000
72/72 - 1s - 17ms/step - loss: 0.0063 - val_loss: 0.0097
Epoch 288/1000
72/72 - 1s - 19ms/step - loss: 0.0070 - val_loss: 0.0095
Epoch 289/1000
72/72 - 2s - 22ms/step - loss: 0.0063 - val_loss: 0.0095
Epoch 290/1000
72/72 - 1s - 20ms/step - loss: 0.0069 - val_loss: 0.0092
Epoch 291/1000
72/72 - 3s - 36ms/step - loss: 0.0070 - val_loss: 0.0095
Epoch 292/1000
72/72 - 2s - 24ms/step - loss: 0.0065 - val_loss: 0.0090
Epoch 293/1000
72/72 - 1s - 18ms/step - loss: 0.0068 - val_loss: 0.0097
Epoch 294/1000
72/72 - 1s - 20ms/step - loss: 0.0069 - val_loss: 0.0105
Epoch 295/1000
72/72 - 2s - 24ms/step - loss: 0.0071 - val_loss: 0.0091
Epoch 296/1000
72/72 - 2s - 23ms/step - loss: 0.0068 - val_loss: 0.0088
Epoch 297/1000
72/72 - 2s - 24ms/step - loss: 0.0069 - val_loss: 0.0090
Epoch 298/1000
72/72 - 2s - 23ms/step - loss: 0.0068 - val_loss: 0.0079
Epoch 299/1000
72/72 - 2s - 21ms/step - loss: 0.0070 - val_loss: 0.0098
Epoch 300/1000
72/72 - 2s - 25ms/step - loss: 0.0067 - val_loss: 0.0092
Epoch 301/1000
72/72 - 2s - 21ms/step - loss: 0.0063 - val_loss: 0.0109
Epoch 302/1000
72/72 - 2s - 23ms/step - loss: 0.0066 - val_loss: 0.0092
Epoch 303/1000
72/72 - 1s - 17ms/step - loss: 0.0071 - val_loss: 0.0107
Epoch 304/1000
72/72 - 1s - 19ms/step - loss: 0.0065 - val_loss: 0.0092
Epoch 305/1000
72/72 - 1s - 20ms/step - loss: 0.0064 - val_loss: 0.0100
Epoch 306/1000
72/72 - 2s - 24ms/step - loss: 0.0066 - val_loss: 0.0097
Epoch 307/1000
72/72 - 2s - 26ms/step - loss: 0.0068 - val_loss: 0.0091
Epoch 308/1000
72/72 - 2s - 22ms/step - loss: 0.0068 - val_loss: 0.0087
Epoch 309/1000
72/72 - 1s - 17ms/step - loss: 0.0068 - val_loss: 0.0094
Epoch 310/1000
72/72 - 2s - 22ms/step - loss: 0.0068 - val_loss: 0.0094
Epoch 311/1000
72/72 - 1s - 21ms/step - loss: 0.0069 - val_loss: 0.0088
Epoch 312/1000
72/72 - 1s - 20ms/step - loss: 0.0071 - val_loss: 0.0095
Epoch 313/1000
72/72 - 1s - 18ms/step - loss: 0.0068 - val_loss: 0.0094
Epoch 314/1000
72/72 - 2s - 23ms/step - loss: 0.0069 - val_loss: 0.0096
Epoch 315/1000
72/72 - 1s - 21ms/step - loss: 0.0067 - val_loss: 0.0092
Epoch 316/1000
72/72 - 2s - 22ms/step - loss: 0.0066 - val_loss: 0.0089
Epoch 317/1000
72/72 - 1s - 20ms/step - loss: 0.0067 - val_loss: 0.0098
Epoch 318/1000
72/72 - 2s - 22ms/step - loss: 0.0071 - val_loss: 0.0096
Epoch 319/1000
72/72 - 2s - 24ms/step - loss: 0.0067 - val_loss: 0.0089
Epoch 320/1000
72/72 - 1s - 20ms/step - loss: 0.0063 - val_loss: 0.0084
Epoch 321/1000
72/72 - 2s - 26ms/step - loss: 0.0067 - val_loss: 0.0093
Epoch 322/1000
72/72 - 2s - 23ms/step - loss: 0.0069 - val_loss: 0.0084
Epoch 323/1000
72/72 - 2s - 21ms/step - loss: 0.0067 - val_loss: 0.0081
Epoch 324/1000
72/72 - 2s - 22ms/step - loss: 0.0069 - val_loss: 0.0079
Epoch 325/1000
72/72 - 1s - 18ms/step - loss: 0.0066 - val_loss: 0.0078
Epoch 326/1000
72/72 - 1s - 18ms/step - loss: 0.0069 - val_loss: 0.0101
Epoch 327/1000
72/72 - 1s - 19ms/step - loss: 0.0064 - val_loss: 0.0096
Epoch 328/1000
72/72 - 1s - 19ms/step - loss: 0.0068 - val_loss: 0.0097
Epoch 329/1000
72/72 - 1s - 18ms/step - loss: 0.0068 - val_loss: 0.0092
Epoch 330/1000
72/72 - 1s - 17ms/step - loss: 0.0068 - val_loss: 0.0086
Epoch 331/1000
72/72 - 2s - 21ms/step - loss: 0.0065 - val_loss: 0.0090
Epoch 332/1000
72/72 - 1s - 20ms/step - loss: 0.0063 - val_loss: 0.0093
Epoch 333/1000
72/72 - 1s - 18ms/step - loss: 0.0068 - val_loss: 0.0079
Epoch 334/1000
72/72 - 1s - 18ms/step - loss: 0.0065 - val_loss: 0.0089
Epoch 335/1000
72/72 - 1s - 20ms/step - loss: 0.0066 - val_loss: 0.0095
Epoch 336/1000
72/72 - 3s - 36ms/step - loss: 0.0061 - val_loss: 0.0078
Epoch 337/1000
72/72 - 2s - 26ms/step - loss: 0.0065 - val_loss: 0.0078
Epoch 338/1000
72/72 - 1s - 18ms/step - loss: 0.0067 - val_loss: 0.0085
Epoch 339/1000
72/72 - 2s - 22ms/step - loss: 0.0069 - val_loss: 0.0081
Epoch 340/1000
72/72 - 2s - 22ms/step - loss: 0.0066 - val_loss: 0.0080
Epoch 341/1000
72/72 - 2s - 23ms/step - loss: 0.0066 - val_loss: 0.0094
Epoch 342/1000
72/72 - 1s - 17ms/step - loss: 0.0066 - val_loss: 0.0090
Epoch 343/1000
72/72 - 1s - 20ms/step - loss: 0.0067 - val_loss: 0.0077
Epoch 344/1000
72/72 - 1s - 19ms/step - loss: 0.0061 - val_loss: 0.0096
Epoch 345/1000
72/72 - 1s - 18ms/step - loss: 0.0066 - val_loss: 0.0098
Epoch 346/1000
72/72 - 1s - 17ms/step - loss: 0.0069 - val_loss: 0.0085
Epoch 347/1000
72/72 - 2s - 22ms/step - loss: 0.0067 - val_loss: 0.0095
Epoch 348/1000
72/72 - 1s - 19ms/step - loss: 0.0065 - val_loss: 0.0078
Epoch 349/1000
72/72 - 1s - 19ms/step - loss: 0.0065 - val_loss: 0.0073
Epoch 350/1000
72/72 - 1s - 18ms/step - loss: 0.0061 - val_loss: 0.0081
Epoch 351/1000
72/72 - 2s - 21ms/step - loss: 0.0064 - val_loss: 0.0078
Epoch 352/1000
72/72 - 1s - 18ms/step - loss: 0.0064 - val_loss: 0.0092
Epoch 353/1000
72/72 - 1s - 18ms/step - loss: 0.0070 - val_loss: 0.0084
Epoch 354/1000
72/72 - 2s - 22ms/step - loss: 0.0064 - val_loss: 0.0082
Epoch 355/1000
72/72 - 1s - 20ms/step - loss: 0.0064 - val_loss: 0.0094
Epoch 356/1000
72/72 - 2s - 22ms/step - loss: 0.0068 - val_loss: 0.0081
Epoch 357/1000
72/72 - 2s - 24ms/step - loss: 0.0065 - val_loss: 0.0086
Epoch 358/1000
72/72 - 2s - 28ms/step - loss: 0.0066 - val_loss: 0.0096
Epoch 359/1000
72/72 - 2s - 22ms/step - loss: 0.0063 - val_loss: 0.0090
Epoch 360/1000
72/72 - 2s - 23ms/step - loss: 0.0062 - val_loss: 0.0088
Epoch 361/1000
72/72 - 2s - 25ms/step - loss: 0.0066 - val_loss: 0.0080
Epoch 362/1000
72/72 - 1s - 20ms/step - loss: 0.0062 - val_loss: 0.0078
Epoch 363/1000
72/72 - 2s - 21ms/step - loss: 0.0066 - val_loss: 0.0083
Epoch 364/1000
72/72 - 1s - 20ms/step - loss: 0.0069 - val_loss: 0.0085
Epoch 365/1000
72/72 - 1s - 18ms/step - loss: 0.0062 - val_loss: 0.0085
Epoch 366/1000
72/72 - 1s - 19ms/step - loss: 0.0065 - val_loss: 0.0093
Epoch 367/1000
72/72 - 1s - 21ms/step - loss: 0.0066 - val_loss: 0.0099
Epoch 368/1000
72/72 - 1s - 20ms/step - loss: 0.0063 - val_loss: 0.0095
Epoch 369/1000
72/72 - 2s - 35ms/step - loss: 0.0068 - val_loss: 0.0081
Epoch 370/1000
72/72 - 2s - 22ms/step - loss: 0.0064 - val_loss: 0.0088
Epoch 371/1000
72/72 - 1s - 18ms/step - loss: 0.0067 - val_loss: 0.0076
Epoch 372/1000
72/72 - 1s - 19ms/step - loss: 0.0060 - val_loss: 0.0083
Epoch 373/1000
72/72 - 3s - 39ms/step - loss: 0.0064 - val_loss: 0.0083
Epoch 374/1000
72/72 - 2s - 21ms/step - loss: 0.0066 - val_loss: 0.0070
Epoch 375/1000
72/72 - 2s - 27ms/step - loss: 0.0065 - val_loss: 0.0083
Epoch 376/1000
72/72 - 2s - 28ms/step - loss: 0.0066 - val_loss: 0.0092
Epoch 377/1000
72/72 - 2s - 25ms/step - loss: 0.0059 - val_loss: 0.0071
Epoch 378/1000
72/72 - 2s - 24ms/step - loss: 0.0060 - val_loss: 0.0078
Epoch 379/1000
72/72 - 2s - 25ms/step - loss: 0.0061 - val_loss: 0.0084
Epoch 380/1000
72/72 - 2s - 21ms/step - loss: 0.0066 - val_loss: 0.0071
Epoch 381/1000
72/72 - 2s - 23ms/step - loss: 0.0067 - val_loss: 0.0098
Epoch 382/1000
72/72 - 2s - 29ms/step - loss: 0.0066 - val_loss: 0.0088
Epoch 383/1000
72/72 - 1s - 17ms/step - loss: 0.0065 - val_loss: 0.0073
Epoch 384/1000
72/72 - 2s - 23ms/step - loss: 0.0063 - val_loss: 0.0076
Epoch 385/1000
72/72 - 2s - 21ms/step - loss: 0.0061 - val_loss: 0.0087
Epoch 386/1000
72/72 - 1s - 18ms/step - loss: 0.0066 - val_loss: 0.0077
Epoch 387/1000
72/72 - 1s - 20ms/step - loss: 0.0067 - val_loss: 0.0070
Epoch 388/1000
72/72 - 1s - 20ms/step - loss: 0.0060 - val_loss: 0.0069
Epoch 389/1000
72/72 - 1s - 17ms/step - loss: 0.0067 - val_loss: 0.0080
Epoch 390/1000
72/72 - 2s - 21ms/step - loss: 0.0066 - val_loss: 0.0083
Epoch 391/1000
72/72 - 3s - 37ms/step - loss: 0.0067 - val_loss: 0.0084
Epoch 392/1000
72/72 - 2s - 24ms/step - loss: 0.0066 - val_loss: 0.0065
Epoch 393/1000
72/72 - 2s - 28ms/step - loss: 0.0065 - val_loss: 0.0083
Epoch 394/1000
72/72 - 2s - 33ms/step - loss: 0.0066 - val_loss: 0.0101
Epoch 395/1000
72/72 - 2s - 23ms/step - loss: 0.0064 - val_loss: 0.0088
Epoch 396/1000
72/72 - 3s - 38ms/step - loss: 0.0063 - val_loss: 0.0109
Epoch 397/1000
72/72 - 2s - 26ms/step - loss: 0.0065 - val_loss: 0.0070
Epoch 398/1000
72/72 - 2s - 21ms/step - loss: 0.0061 - val_loss: 0.0090
Epoch 399/1000
72/72 - 1s - 20ms/step - loss: 0.0063 - val_loss: 0.0079
Epoch 400/1000
72/72 - 2s - 34ms/step - loss: 0.0060 - val_loss: 0.0071
Epoch 401/1000
72/72 - 1s - 19ms/step - loss: 0.0059 - val_loss: 0.0077
Epoch 402/1000
72/72 - 1s - 19ms/step - loss: 0.0062 - val_loss: 0.0083
Epoch 403/1000
72/72 - 1s - 20ms/step - loss: 0.0064 - val_loss: 0.0088
Epoch 404/1000
72/72 - 2s - 24ms/step - loss: 0.0062 - val_loss: 0.0078
Epoch 405/1000
72/72 - 1s - 20ms/step - loss: 0.0065 - val_loss: 0.0076
Epoch 406/1000
72/72 - 1s - 17ms/step - loss: 0.0061 - val_loss: 0.0076
Epoch 407/1000
72/72 - 2s - 22ms/step - loss: 0.0058 - val_loss: 0.0079
Epoch 408/1000
72/72 - 2s - 22ms/step - loss: 0.0063 - val_loss: 0.0090
Epoch 409/1000
72/72 - 2s - 24ms/step - loss: 0.0062 - val_loss: 0.0069
Epoch 410/1000
72/72 - 2s - 24ms/step - loss: 0.0061 - val_loss: 0.0072
Epoch 411/1000
72/72 - 2s - 24ms/step - loss: 0.0060 - val_loss: 0.0081
Epoch 412/1000
72/72 - 2s - 21ms/step - loss: 0.0068 - val_loss: 0.0074
Epoch 413/1000
72/72 - 1s - 21ms/step - loss: 0.0060 - val_loss: 0.0081
Epoch 414/1000
72/72 - 2s - 28ms/step - loss: 0.0066 - val_loss: 0.0081
Epoch 415/1000
72/72 - 2s - 22ms/step - loss: 0.0065 - val_loss: 0.0078
Epoch 416/1000
72/72 - 1s - 20ms/step - loss: 0.0060 - val_loss: 0.0071
Epoch 417/1000
72/72 - 1s - 20ms/step - loss: 0.0059 - val_loss: 0.0076
Epoch 418/1000
72/72 - 1s - 17ms/step - loss: 0.0061 - val_loss: 0.0076
Epoch 419/1000
72/72 - 1s - 17ms/step - loss: 0.0065 - val_loss: 0.0070
Epoch 420/1000
72/72 - 1s - 20ms/step - loss: 0.0062 - val_loss: 0.0081
Epoch 421/1000
72/72 - 1s - 18ms/step - loss: 0.0064 - val_loss: 0.0077
Epoch 422/1000
72/72 - 1s - 17ms/step - loss: 0.0062 - val_loss: 0.0083
Epoch 423/1000
72/72 - 1s - 18ms/step - loss: 0.0059 - val_loss: 0.0080
Epoch 424/1000
72/72 - 1s - 20ms/step - loss: 0.0060 - val_loss: 0.0088
Epoch 425/1000
72/72 - 1s - 20ms/step - loss: 0.0063 - val_loss: 0.0081
Epoch 426/1000
72/72 - 1s - 18ms/step - loss: 0.0065 - val_loss: 0.0081
Epoch 427/1000
72/72 - 1s - 17ms/step - loss: 0.0061 - val_loss: 0.0067
Epoch 428/1000
72/72 - 1s - 20ms/step - loss: 0.0058 - val_loss: 0.0092
Epoch 429/1000
72/72 - 2s - 21ms/step - loss: 0.0062 - val_loss: 0.0090
Epoch 430/1000
72/72 - 2s - 26ms/step - loss: 0.0065 - val_loss: 0.0087
Epoch 431/1000
72/72 - 2s - 25ms/step - loss: 0.0062 - val_loss: 0.0088
Epoch 432/1000
72/72 - 2s - 24ms/step - loss: 0.0061 - val_loss: 0.0082
Epoch 433/1000
72/72 - 2s - 21ms/step - loss: 0.0060 - val_loss: 0.0077
Epoch 434/1000
72/72 - 2s - 24ms/step - loss: 0.0062 - val_loss: 0.0095
Epoch 435/1000
72/72 - 1s - 19ms/step - loss: 0.0058 - val_loss: 0.0088
Epoch 436/1000
72/72 - 2s - 21ms/step - loss: 0.0061 - val_loss: 0.0078
Epoch 437/1000
72/72 - 2s - 23ms/step - loss: 0.0064 - val_loss: 0.0082
Epoch 438/1000
72/72 - 2s - 21ms/step - loss: 0.0062 - val_loss: 0.0078
Epoch 439/1000
72/72 - 1s - 20ms/step - loss: 0.0061 - val_loss: 0.0068
Epoch 440/1000
72/72 - 1s - 17ms/step - loss: 0.0058 - val_loss: 0.0087
Epoch 441/1000
72/72 - 2s - 22ms/step - loss: 0.0058 - val_loss: 0.0081
Epoch 442/1000
72/72 - 1s - 19ms/step - loss: 0.0061 - val_loss: 0.0079
Epoch 443/1000
72/72 - 1s - 17ms/step - loss: 0.0058 - val_loss: 0.0082
Epoch 444/1000
72/72 - 1s - 20ms/step - loss: 0.0059 - val_loss: 0.0084
Epoch 445/1000
72/72 - 1s - 20ms/step - loss: 0.0062 - val_loss: 0.0088
Epoch 446/1000
72/72 - 1s - 18ms/step - loss: 0.0063 - val_loss: 0.0081
Epoch 447/1000
72/72 - 1s - 18ms/step - loss: 0.0060 - val_loss: 0.0065
Epoch 448/1000
72/72 - 1s - 20ms/step - loss: 0.0057 - val_loss: 0.0072
Epoch 449/1000
72/72 - 1s - 19ms/step - loss: 0.0059 - val_loss: 0.0089
Epoch 450/1000
72/72 - 1s - 19ms/step - loss: 0.0061 - val_loss: 0.0076
Epoch 451/1000
72/72 - 2s - 24ms/step - loss: 0.0056 - val_loss: 0.0072
Epoch 452/1000
72/72 - 3s - 36ms/step - loss: 0.0059 - val_loss: 0.0079
Epoch 453/1000
72/72 - 2s - 23ms/step - loss: 0.0065 - val_loss: 0.0092
Epoch 454/1000
72/72 - 1s - 19ms/step - loss: 0.0059 - val_loss: 0.0074
Epoch 455/1000
72/72 - 1s - 19ms/step - loss: 0.0060 - val_loss: 0.0086
Epoch 456/1000
72/72 - 2s - 22ms/step - loss: 0.0061 - val_loss: 0.0076
Epoch 457/1000
72/72 - 1s - 20ms/step - loss: 0.0065 - val_loss: 0.0075
Epoch 458/1000
72/72 - 2s - 33ms/step - loss: 0.0061 - val_loss: 0.0085
Epoch 459/1000
72/72 - 1s - 19ms/step - loss: 0.0061 - val_loss: 0.0078
Epoch 460/1000
72/72 - 2s - 23ms/step - loss: 0.0060 - val_loss: 0.0072
Epoch 461/1000
72/72 - 1s - 20ms/step - loss: 0.0063 - val_loss: 0.0078
Epoch 462/1000
72/72 - 1s - 17ms/step - loss: 0.0060 - val_loss: 0.0073
Epoch 463/1000
72/72 - 1s - 17ms/step - loss: 0.0056 - val_loss: 0.0078
Epoch 464/1000
72/72 - 1s - 21ms/step - loss: 0.0060 - val_loss: 0.0080
Epoch 465/1000
72/72 - 1s - 19ms/step - loss: 0.0057 - val_loss: 0.0074
Epoch 466/1000
72/72 - 1s - 18ms/step - loss: 0.0063 - val_loss: 0.0081
Epoch 467/1000
72/72 - 1s - 19ms/step - loss: 0.0064 - val_loss: 0.0081
Epoch 468/1000
72/72 - 2s - 22ms/step - loss: 0.0057 - val_loss: 0.0080
Epoch 469/1000
72/72 - 1s - 19ms/step - loss: 0.0063 - val_loss: 0.0084
Epoch 470/1000
72/72 - 1s - 20ms/step - loss: 0.0060 - val_loss: 0.0074
Epoch 471/1000
72/72 - 2s - 22ms/step - loss: 0.0062 - val_loss: 0.0079
Epoch 472/1000
72/72 - 2s - 21ms/step - loss: 0.0058 - val_loss: 0.0073
Epoch 473/1000
72/72 - 2s - 21ms/step - loss: 0.0062 - val_loss: 0.0073
Epoch 474/1000
72/72 - 2s - 27ms/step - loss: 0.0062 - val_loss: 0.0084
Epoch 475/1000
72/72 - 2s - 26ms/step - loss: 0.0057 - val_loss: 0.0095
Epoch 476/1000
72/72 - 2s - 21ms/step - loss: 0.0059 - val_loss: 0.0082
Epoch 477/1000
72/72 - 2s - 24ms/step - loss: 0.0061 - val_loss: 0.0080
Epoch 478/1000
72/72 - 1s - 19ms/step - loss: 0.0058 - val_loss: 0.0082
Epoch 479/1000
72/72 - 1s - 19ms/step - loss: 0.0057 - val_loss: 0.0092
Epoch 480/1000
72/72 - 2s - 21ms/step - loss: 0.0063 - val_loss: 0.0079
Epoch 481/1000
72/72 - 2s - 21ms/step - loss: 0.0056 - val_loss: 0.0078
Epoch 482/1000
72/72 - 2s - 33ms/step - loss: 0.0062 - val_loss: 0.0090
Epoch 483/1000
72/72 - 2s - 22ms/step - loss: 0.0065 - val_loss: 0.0075
Epoch 484/1000
72/72 - 2s - 30ms/step - loss: 0.0059 - val_loss: 0.0087
Epoch 485/1000
72/72 - 1s - 21ms/step - loss: 0.0058 - val_loss: 0.0077
Epoch 486/1000
72/72 - 1s - 19ms/step - loss: 0.0060 - val_loss: 0.0069
Epoch 487/1000
72/72 - 2s - 24ms/step - loss: 0.0057 - val_loss: 0.0085
Epoch 488/1000
72/72 - 2s - 25ms/step - loss: 0.0059 - val_loss: 0.0081
Epoch 489/1000
72/72 - 2s - 22ms/step - loss: 0.0057 - val_loss: 0.0080
Epoch 490/1000
72/72 - 1s - 20ms/step - loss: 0.0057 - val_loss: 0.0081
Epoch 491/1000
72/72 - 2s - 21ms/step - loss: 0.0065 - val_loss: 0.0078
Epoch 492/1000
72/72 - 2s - 21ms/step - loss: 0.0064 - val_loss: 0.0080
Epoch 493/1000
72/72 - 1s - 20ms/step - loss: 0.0063 - val_loss: 0.0076
Epoch 494/1000
72/72 - 2s - 26ms/step - loss: 0.0058 - val_loss: 0.0073
Epoch 495/1000
72/72 - 1s - 18ms/step - loss: 0.0062 - val_loss: 0.0082
Epoch 496/1000
72/72 - 1s - 18ms/step - loss: 0.0059 - val_loss: 0.0095
Epoch 497/1000
72/72 - 1s - 17ms/step - loss: 0.0054 - val_loss: 0.0081
Epoch 498/1000
72/72 - 1s - 17ms/step - loss: 0.0058 - val_loss: 0.0087
Epoch 499/1000
72/72 - 1s - 19ms/step - loss: 0.0059 - val_loss: 0.0083
Epoch 500/1000
72/72 - 1s - 18ms/step - loss: 0.0061 - val_loss: 0.0068
Epoch 501/1000
72/72 - 1s - 18ms/step - loss: 0.0061 - val_loss: 0.0073
Epoch 502/1000
72/72 - 2s - 21ms/step - loss: 0.0055 - val_loss: 0.0077
Epoch 503/1000
72/72 - 1s - 19ms/step - loss: 0.0060 - val_loss: 0.0088
Epoch 504/1000
72/72 - 1s - 18ms/step - loss: 0.0058 - val_loss: 0.0090
Epoch 505/1000
72/72 - 1s - 18ms/step - loss: 0.0060 - val_loss: 0.0073
Epoch 506/1000
72/72 - 1s - 17ms/step - loss: 0.0058 - val_loss: 0.0076
Epoch 507/1000
72/72 - 2s - 21ms/step - loss: 0.0057 - val_loss: 0.0071
Epoch 508/1000
72/72 - 1s - 20ms/step - loss: 0.0059 - val_loss: 0.0091
Epoch 509/1000
72/72 - 1s - 17ms/step - loss: 0.0058 - val_loss: 0.0074
Epoch 510/1000
72/72 - 2s - 21ms/step - loss: 0.0059 - val_loss: 0.0078
Epoch 511/1000
72/72 - 2s - 24ms/step - loss: 0.0058 - val_loss: 0.0082
Epoch 512/1000
72/72 - 2s - 22ms/step - loss: 0.0056 - val_loss: 0.0094
Epoch 513/1000
72/72 - 2s - 22ms/step - loss: 0.0060 - val_loss: 0.0080
Epoch 514/1000
72/72 - 2s - 22ms/step - loss: 0.0061 - val_loss: 0.0092
Epoch 515/1000
72/72 - 2s - 22ms/step - loss: 0.0059 - val_loss: 0.0088
Epoch 516/1000
72/72 - 1s - 17ms/step - loss: 0.0058 - val_loss: 0.0081
Epoch 517/1000
72/72 - 2s - 23ms/step - loss: 0.0058 - val_loss: 0.0082
Epoch 518/1000
72/72 - 1s - 18ms/step - loss: 0.0061 - val_loss: 0.0099
Epoch 519/1000
72/72 - 1s - 19ms/step - loss: 0.0062 - val_loss: 0.0076
Epoch 520/1000
72/72 - 1s - 20ms/step - loss: 0.0059 - val_loss: 0.0086
Epoch 521/1000
72/72 - 2s - 21ms/step - loss: 0.0058 - val_loss: 0.0078
Epoch 522/1000
72/72 - 1s - 18ms/step - loss: 0.0055 - val_loss: 0.0086
Epoch 523/1000
72/72 - 1s - 21ms/step - loss: 0.0058 - val_loss: 0.0070
Epoch 524/1000
72/72 - 2s - 21ms/step - loss: 0.0061 - val_loss: 0.0071
Epoch 525/1000
72/72 - 1s - 19ms/step - loss: 0.0059 - val_loss: 0.0079
Epoch 526/1000
72/72 - 1s - 17ms/step - loss: 0.0060 - val_loss: 0.0069
Epoch 527/1000
72/72 - 1s - 19ms/step - loss: 0.0058 - val_loss: 0.0068
Epoch 528/1000
72/72 - 2s - 23ms/step - loss: 0.0057 - val_loss: 0.0088
Epoch 529/1000
72/72 - 2s - 23ms/step - loss: 0.0059 - val_loss: 0.0086
Epoch 530/1000
72/72 - 2s - 24ms/step - loss: 0.0059 - val_loss: 0.0086
Epoch 531/1000
72/72 - 2s - 23ms/step - loss: 0.0063 - val_loss: 0.0084
Epoch 532/1000
72/72 - 1s - 20ms/step - loss: 0.0059 - val_loss: 0.0066
Epoch 533/1000
72/72 - 2s - 25ms/step - loss: 0.0060 - val_loss: 0.0090
Epoch 534/1000
72/72 - 2s - 24ms/step - loss: 0.0059 - val_loss: 0.0063
Epoch 535/1000
72/72 - 2s - 23ms/step - loss: 0.0057 - val_loss: 0.0084
Epoch 536/1000
72/72 - 2s - 25ms/step - loss: 0.0058 - val_loss: 0.0097
Epoch 537/1000
72/72 - 2s - 22ms/step - loss: 0.0057 - val_loss: 0.0096
Epoch 538/1000
72/72 - 1s - 16ms/step - loss: 0.0059 - val_loss: 0.0072
Epoch 539/1000
72/72 - 1s - 21ms/step - loss: 0.0058 - val_loss: 0.0078
Epoch 540/1000
72/72 - 2s - 25ms/step - loss: 0.0061 - val_loss: 0.0090
Epoch 541/1000
72/72 - 2s - 22ms/step - loss: 0.0061 - val_loss: 0.0069
Epoch 542/1000
72/72 - 2s - 21ms/step - loss: 0.0056 - val_loss: 0.0079
Epoch 543/1000
72/72 - 1s - 20ms/step - loss: 0.0057 - val_loss: 0.0081
Epoch 544/1000
72/72 - 1s - 17ms/step - loss: 0.0058 - val_loss: 0.0073
Epoch 545/1000
72/72 - 1s - 18ms/step - loss: 0.0060 - val_loss: 0.0075
Epoch 546/1000
72/72 - 3s - 42ms/step - loss: 0.0059 - val_loss: 0.0073
Epoch 547/1000
72/72 - 2s - 29ms/step - loss: 0.0061 - val_loss: 0.0082
Epoch 548/1000
72/72 - 2s - 29ms/step - loss: 0.0059 - val_loss: 0.0067
Epoch 549/1000
72/72 - 2s - 28ms/step - loss: 0.0058 - val_loss: 0.0089
Epoch 550/1000
72/72 - 2s - 25ms/step - loss: 0.0059 - val_loss: 0.0066
Epoch 551/1000
72/72 - 2s - 26ms/step - loss: 0.0059 - val_loss: 0.0074
Epoch 552/1000
72/72 - 2s - 24ms/step - loss: 0.0059 - val_loss: 0.0075
Epoch 553/1000
72/72 - 2s - 27ms/step - loss: 0.0056 - val_loss: 0.0084
Epoch 554/1000
72/72 - 2s - 22ms/step - loss: 0.0062 - val_loss: 0.0068
Epoch 555/1000
72/72 - 2s - 24ms/step - loss: 0.0057 - val_loss: 0.0068
Epoch 556/1000
72/72 - 2s - 27ms/step - loss: 0.0062 - val_loss: 0.0070
Epoch 557/1000
72/72 - 2s - 23ms/step - loss: 0.0058 - val_loss: 0.0076
Epoch 558/1000
72/72 - 1s - 17ms/step - loss: 0.0057 - val_loss: 0.0083
Epoch 559/1000
72/72 - 1s - 17ms/step - loss: 0.0058 - val_loss: 0.0068
Epoch 560/1000
72/72 - 1s - 21ms/step - loss: 0.0056 - val_loss: 0.0072
Epoch 561/1000
72/72 - 1s - 18ms/step - loss: 0.0058 - val_loss: 0.0074
Epoch 562/1000
72/72 - 1s - 18ms/step - loss: 0.0060 - val_loss: 0.0085
Epoch 563/1000
72/72 - 1s - 20ms/step - loss: 0.0058 - val_loss: 0.0079
Epoch 564/1000
72/72 - 2s - 23ms/step - loss: 0.0057 - val_loss: 0.0074
Epoch 565/1000
72/72 - 2s - 26ms/step - loss: 0.0058 - val_loss: 0.0084
Epoch 566/1000
72/72 - 2s - 24ms/step - loss: 0.0058 - val_loss: 0.0063
Epoch 567/1000
72/72 - 2s - 22ms/step - loss: 0.0058 - val_loss: 0.0071
Epoch 568/1000
72/72 - 1s - 20ms/step - loss: 0.0055 - val_loss: 0.0077
Epoch 569/1000
72/72 - 2s - 22ms/step - loss: 0.0058 - val_loss: 0.0075
Epoch 570/1000
72/72 - 2s - 23ms/step - loss: 0.0058 - val_loss: 0.0074
Epoch 571/1000
72/72 - 2s - 24ms/step - loss: 0.0058 - val_loss: 0.0075
Epoch 572/1000
72/72 - 1s - 21ms/step - loss: 0.0060 - val_loss: 0.0067
Epoch 573/1000
72/72 - 2s - 24ms/step - loss: 0.0055 - val_loss: 0.0071
Epoch 574/1000
72/72 - 1s - 19ms/step - loss: 0.0059 - val_loss: 0.0077
Epoch 575/1000
72/72 - 1s - 21ms/step - loss: 0.0056 - val_loss: 0.0071
Epoch 576/1000
72/72 - 1s - 20ms/step - loss: 0.0058 - val_loss: 0.0072
Epoch 577/1000
72/72 - 1s - 18ms/step - loss: 0.0055 - val_loss: 0.0081
Epoch 578/1000
72/72 - 1s - 17ms/step - loss: 0.0057 - val_loss: 0.0073
Epoch 579/1000
72/72 - 1s - 17ms/step - loss: 0.0054 - val_loss: 0.0072
Epoch 580/1000
72/72 - 1s - 20ms/step - loss: 0.0059 - val_loss: 0.0065
Epoch 581/1000
72/72 - 1s - 18ms/step - loss: 0.0057 - val_loss: 0.0073
Epoch 582/1000
72/72 - 3s - 35ms/step - loss: 0.0059 - val_loss: 0.0067
Epoch 583/1000
72/72 - 1s - 20ms/step - loss: 0.0053 - val_loss: 0.0081
Epoch 584/1000
72/72 - 1s - 19ms/step - loss: 0.0058 - val_loss: 0.0080
Epoch 585/1000
72/72 - 1s - 19ms/step - loss: 0.0055 - val_loss: 0.0085
Epoch 586/1000
72/72 - 2s - 25ms/step - loss: 0.0058 - val_loss: 0.0072
Epoch 587/1000
72/72 - 2s - 24ms/step - loss: 0.0057 - val_loss: 0.0075
Epoch 588/1000
72/72 - 1s - 19ms/step - loss: 0.0055 - val_loss: 0.0065
Epoch 589/1000
72/72 - 2s - 21ms/step - loss: 0.0058 - val_loss: 0.0064
Epoch 590/1000
72/72 - 2s - 21ms/step - loss: 0.0056 - val_loss: 0.0060
Epoch 591/1000
72/72 - 1s - 19ms/step - loss: 0.0053 - val_loss: 0.0071
Epoch 592/1000
72/72 - 1s - 20ms/step - loss: 0.0056 - val_loss: 0.0070
Epoch 593/1000
72/72 - 1s - 20ms/step - loss: 0.0058 - val_loss: 0.0071
Epoch 594/1000
72/72 - 1s - 19ms/step - loss: 0.0056 - val_loss: 0.0066
Epoch 595/1000
72/72 - 1s - 18ms/step - loss: 0.0055 - val_loss: 0.0075
Epoch 596/1000
72/72 - 1s - 20ms/step - loss: 0.0056 - val_loss: 0.0076
Epoch 597/1000
72/72 - 2s - 22ms/step - loss: 0.0055 - val_loss: 0.0056
Epoch 598/1000
72/72 - 1s - 16ms/step - loss: 0.0056 - val_loss: 0.0083
Epoch 599/1000
72/72 - 1s - 17ms/step - loss: 0.0055 - val_loss: 0.0069
Epoch 600/1000
72/72 - 2s - 21ms/step - loss: 0.0058 - val_loss: 0.0072
Epoch 601/1000
72/72 - 1s - 18ms/step - loss: 0.0057 - val_loss: 0.0081
Epoch 602/1000
72/72 - 1s - 18ms/step - loss: 0.0059 - val_loss: 0.0066
Epoch 603/1000
72/72 - 1s - 20ms/step - loss: 0.0055 - val_loss: 0.0072
Epoch 604/1000
72/72 - 2s - 22ms/step - loss: 0.0058 - val_loss: 0.0090
Epoch 605/1000
72/72 - 1s - 18ms/step - loss: 0.0056 - val_loss: 0.0079
Epoch 606/1000
72/72 - 2s - 22ms/step - loss: 0.0059 - val_loss: 0.0081
Epoch 607/1000
72/72 - 2s - 22ms/step - loss: 0.0056 - val_loss: 0.0088
Epoch 608/1000
72/72 - 2s - 24ms/step - loss: 0.0056 - val_loss: 0.0062
Epoch 609/1000
72/72 - 2s - 21ms/step - loss: 0.0060 - val_loss: 0.0066
Epoch 610/1000
72/72 - 2s - 22ms/step - loss: 0.0057 - val_loss: 0.0074
Epoch 611/1000
72/72 - 2s - 21ms/step - loss: 0.0056 - val_loss: 0.0056
Epoch 612/1000
72/72 - 2s - 21ms/step - loss: 0.0056 - val_loss: 0.0063
Epoch 613/1000
72/72 - 2s - 23ms/step - loss: 0.0057 - val_loss: 0.0073
Epoch 614/1000
72/72 - 1s - 19ms/step - loss: 0.0055 - val_loss: 0.0080
Epoch 615/1000
72/72 - 2s - 22ms/step - loss: 0.0056 - val_loss: 0.0068
Epoch 616/1000
72/72 - 1s - 18ms/step - loss: 0.0062 - val_loss: 0.0066
Epoch 617/1000
72/72 - 1s - 18ms/step - loss: 0.0057 - val_loss: 0.0069
Epoch 618/1000
72/72 - 1s - 16ms/step - loss: 0.0054 - val_loss: 0.0070
Epoch 619/1000
72/72 - 1s - 18ms/step - loss: 0.0052 - val_loss: 0.0071
Epoch 620/1000
72/72 - 1s - 18ms/step - loss: 0.0059 - val_loss: 0.0076
Epoch 621/1000
72/72 - 2s - 22ms/step - loss: 0.0057 - val_loss: 0.0086
Epoch 622/1000
72/72 - 1s - 20ms/step - loss: 0.0055 - val_loss: 0.0066
Epoch 623/1000
72/72 - 1s - 19ms/step - loss: 0.0057 - val_loss: 0.0069
Epoch 624/1000
72/72 - 1s - 19ms/step - loss: 0.0055 - val_loss: 0.0067
Epoch 625/1000
72/72 - 2s - 22ms/step - loss: 0.0058 - val_loss: 0.0078
Epoch 626/1000
72/72 - 1s - 20ms/step - loss: 0.0054 - val_loss: 0.0065
Epoch 627/1000
72/72 - 2s - 23ms/step - loss: 0.0057 - val_loss: 0.0073
Epoch 628/1000
72/72 - 2s - 25ms/step - loss: 0.0059 - val_loss: 0.0064
Epoch 629/1000
72/72 - 2s - 25ms/step - loss: 0.0055 - val_loss: 0.0071
Epoch 630/1000
72/72 - 2s - 26ms/step - loss: 0.0053 - val_loss: 0.0064
Epoch 631/1000
72/72 - 1s - 20ms/step - loss: 0.0056 - val_loss: 0.0077
Epoch 632/1000
72/72 - 2s - 28ms/step - loss: 0.0056 - val_loss: 0.0066
Epoch 633/1000
72/72 - 2s - 22ms/step - loss: 0.0060 - val_loss: 0.0061
Epoch 634/1000
72/72 - 1s - 19ms/step - loss: 0.0056 - val_loss: 0.0076
Epoch 635/1000
72/72 - 1s - 20ms/step - loss: 0.0056 - val_loss: 0.0079
Epoch 636/1000
72/72 - 1s - 19ms/step - loss: 0.0058 - val_loss: 0.0082
Epoch 637/1000
72/72 - 1s - 19ms/step - loss: 0.0057 - val_loss: 0.0078
Epoch 638/1000
72/72 - 1s - 19ms/step - loss: 0.0059 - val_loss: 0.0068
Epoch 639/1000
72/72 - 1s - 19ms/step - loss: 0.0053 - val_loss: 0.0081
Epoch 640/1000
72/72 - 1s - 21ms/step - loss: 0.0055 - val_loss: 0.0063
Epoch 641/1000
72/72 - 2s - 34ms/step - loss: 0.0053 - val_loss: 0.0078
Epoch 642/1000
72/72 - 1s - 20ms/step - loss: 0.0053 - val_loss: 0.0071
Epoch 643/1000
72/72 - 2s - 21ms/step - loss: 0.0055 - val_loss: 0.0076
Epoch 644/1000
72/72 - 1s - 18ms/step - loss: 0.0053 - val_loss: 0.0065
Epoch 645/1000
72/72 - 2s - 21ms/step - loss: 0.0057 - val_loss: 0.0062
Epoch 646/1000
72/72 - 1s - 19ms/step - loss: 0.0055 - val_loss: 0.0083
Epoch 647/1000
72/72 - 1s - 21ms/step - loss: 0.0055 - val_loss: 0.0076
Epoch 648/1000
72/72 - 1s - 19ms/step - loss: 0.0056 - val_loss: 0.0075
Epoch 649/1000
72/72 - 3s - 40ms/step - loss: 0.0057 - val_loss: 0.0079
Epoch 650/1000
72/72 - 2s - 21ms/step - loss: 0.0053 - val_loss: 0.0078
Epoch 651/1000
72/72 - 2s - 26ms/step - loss: 0.0060 - val_loss: 0.0068
Epoch 652/1000
72/72 - 2s - 32ms/step - loss: 0.0055 - val_loss: 0.0066
Epoch 653/1000
72/72 - 2s - 22ms/step - loss: 0.0057 - val_loss: 0.0069
Epoch 654/1000
72/72 - 1s - 17ms/step - loss: 0.0056 - val_loss: 0.0059
Epoch 655/1000
72/72 - 1s - 21ms/step - loss: 0.0055 - val_loss: 0.0066
Epoch 656/1000
72/72 - 1s - 19ms/step - loss: 0.0057 - val_loss: 0.0068
Epoch 657/1000
72/72 - 1s - 16ms/step - loss: 0.0055 - val_loss: 0.0065
Epoch 658/1000
72/72 - 1s - 17ms/step - loss: 0.0054 - val_loss: 0.0064
Epoch 659/1000
72/72 - 1s - 19ms/step - loss: 0.0051 - val_loss: 0.0065
Epoch 660/1000
72/72 - 1s - 18ms/step - loss: 0.0055 - val_loss: 0.0080
Epoch 661/1000
72/72 - 1s - 17ms/step - loss: 0.0057 - val_loss: 0.0072
Epoch 662/1000
72/72 - 1s - 18ms/step - loss: 0.0056 - val_loss: 0.0074
Epoch 663/1000
72/72 - 1s - 20ms/step - loss: 0.0051 - val_loss: 0.0079
Epoch 664/1000
72/72 - 2s - 22ms/step - loss: 0.0052 - val_loss: 0.0062
Epoch 665/1000
72/72 - 2s - 22ms/step - loss: 0.0056 - val_loss: 0.0065
Epoch 666/1000
72/72 - 2s - 21ms/step - loss: 0.0056 - val_loss: 0.0070
Epoch 667/1000
72/72 - 3s - 37ms/step - loss: 0.0058 - val_loss: 0.0059
Epoch 668/1000
72/72 - 2s - 22ms/step - loss: 0.0055 - val_loss: 0.0069
Epoch 669/1000
72/72 - 2s - 25ms/step - loss: 0.0054 - val_loss: 0.0078
Epoch 670/1000
72/72 - 1s - 18ms/step - loss: 0.0056 - val_loss: 0.0067
Epoch 671/1000
72/72 - 2s - 21ms/step - loss: 0.0052 - val_loss: 0.0066
Epoch 672/1000
72/72 - 2s - 25ms/step - loss: 0.0057 - val_loss: 0.0067
Epoch 673/1000
72/72 - 2s - 25ms/step - loss: 0.0057 - val_loss: 0.0078
Epoch 674/1000
72/72 - 1s - 19ms/step - loss: 0.0056 - val_loss: 0.0079
Epoch 675/1000
72/72 - 1s - 19ms/step - loss: 0.0057 - val_loss: 0.0082
Epoch 676/1000
72/72 - 1s - 20ms/step - loss: 0.0057 - val_loss: 0.0070
Epoch 677/1000
72/72 - 1s - 17ms/step - loss: 0.0053 - val_loss: 0.0073
Epoch 678/1000
72/72 - 1s - 21ms/step - loss: 0.0053 - val_loss: 0.0070
Epoch 679/1000
72/72 - 2s - 22ms/step - loss: 0.0054 - val_loss: 0.0069
Epoch 680/1000
72/72 - 1s - 17ms/step - loss: 0.0053 - val_loss: 0.0066
Epoch 681/1000
72/72 - 1s - 17ms/step - loss: 0.0054 - val_loss: 0.0067
Epoch 682/1000
72/72 - 1s - 21ms/step - loss: 0.0055 - val_loss: 0.0061
Epoch 683/1000
72/72 - 3s - 38ms/step - loss: 0.0054 - val_loss: 0.0068
Epoch 684/1000
72/72 - 1s - 20ms/step - loss: 0.0056 - val_loss: 0.0061
Epoch 685/1000
72/72 - 2s - 21ms/step - loss: 0.0056 - val_loss: 0.0066
Epoch 686/1000
72/72 - 2s - 22ms/step - loss: 0.0055 - val_loss: 0.0072
Epoch 687/1000
72/72 - 3s - 37ms/step - loss: 0.0056 - val_loss: 0.0075
Epoch 688/1000
72/72 - 2s - 26ms/step - loss: 0.0052 - val_loss: 0.0067
Epoch 689/1000
72/72 - 2s - 23ms/step - loss: 0.0053 - val_loss: 0.0073
Epoch 690/1000
72/72 - 2s - 32ms/step - loss: 0.0053 - val_loss: 0.0077
Epoch 691/1000
72/72 - 1s - 15ms/step - loss: 0.0058 - val_loss: 0.0064
Epoch 692/1000
72/72 - 1s - 17ms/step - loss: 0.0053 - val_loss: 0.0079
Epoch 693/1000
72/72 - 1s - 19ms/step - loss: 0.0052 - val_loss: 0.0063
Epoch 694/1000
72/72 - 1s - 20ms/step - loss: 0.0055 - val_loss: 0.0085
Epoch 695/1000
72/72 - 1s - 16ms/step - loss: 0.0052 - val_loss: 0.0084
Epoch 696/1000
72/72 - 1s - 17ms/step - loss: 0.0053 - val_loss: 0.0073
Epoch 697/1000
72/72 - 1s - 20ms/step - loss: 0.0050 - val_loss: 0.0081
Epoch 698/1000
72/72 - 1s - 18ms/step - loss: 0.0054 - val_loss: 0.0088
Epoch 699/1000
72/72 - 1s - 16ms/step - loss: 0.0054 - val_loss: 0.0073
Epoch 700/1000
72/72 - 1s - 16ms/step - loss: 0.0054 - val_loss: 0.0065
Epoch 701/1000
72/72 - 2s - 22ms/step - loss: 0.0058 - val_loss: 0.0074
Epoch 702/1000
72/72 - 1s - 19ms/step - loss: 0.0055 - val_loss: 0.0064
Epoch 703/1000
72/72 - 1s - 19ms/step - loss: 0.0056 - val_loss: 0.0073
Epoch 704/1000
72/72 - 2s - 22ms/step - loss: 0.0051 - val_loss: 0.0071
Epoch 705/1000
72/72 - 2s - 22ms/step - loss: 0.0056 - val_loss: 0.0072
Epoch 706/1000
72/72 - 1s - 20ms/step - loss: 0.0053 - val_loss: 0.0070
Epoch 707/1000
72/72 - 1s - 20ms/step - loss: 0.0055 - val_loss: 0.0078
Epoch 708/1000
72/72 - 2s - 22ms/step - loss: 0.0055 - val_loss: 0.0071
Epoch 709/1000
72/72 - 2s - 23ms/step - loss: 0.0053 - val_loss: 0.0069
Epoch 710/1000
72/72 - 1s - 19ms/step - loss: 0.0052 - val_loss: 0.0062
Epoch 711/1000
72/72 - 1s - 18ms/step - loss: 0.0054 - val_loss: 0.0076
Epoch 712/1000
72/72 - 1s - 20ms/step - loss: 0.0055 - val_loss: 0.0063
Epoch 713/1000
72/72 - 1s - 16ms/step - loss: 0.0051 - val_loss: 0.0083
Epoch 714/1000
72/72 - 1s - 18ms/step - loss: 0.0055 - val_loss: 0.0085
Epoch 715/1000
72/72 - 1s - 20ms/step - loss: 0.0053 - val_loss: 0.0072
Epoch 716/1000
72/72 - 2s - 21ms/step - loss: 0.0055 - val_loss: 0.0066
Epoch 717/1000
72/72 - 2s - 33ms/step - loss: 0.0052 - val_loss: 0.0082
Epoch 718/1000
72/72 - 1s - 20ms/step - loss: 0.0054 - val_loss: 0.0066
Epoch 719/1000
72/72 - 1s - 18ms/step - loss: 0.0055 - val_loss: 0.0060
Epoch 720/1000
72/72 - 1s - 17ms/step - loss: 0.0056 - val_loss: 0.0070
Epoch 721/1000
72/72 - 1s - 17ms/step - loss: 0.0053 - val_loss: 0.0062
Epoch 722/1000
72/72 - 1s - 19ms/step - loss: 0.0055 - val_loss: 0.0088
Epoch 723/1000
72/72 - 2s - 23ms/step - loss: 0.0052 - val_loss: 0.0078
Epoch 724/1000
72/72 - 2s - 22ms/step - loss: 0.0054 - val_loss: 0.0085
Epoch 725/1000
72/72 - 2s - 21ms/step - loss: 0.0054 - val_loss: 0.0073
Epoch 726/1000
72/72 - 2s - 21ms/step - loss: 0.0051 - val_loss: 0.0080
Epoch 727/1000
72/72 - 2s - 24ms/step - loss: 0.0053 - val_loss: 0.0070
Epoch 728/1000
72/72 - 2s - 23ms/step - loss: 0.0052 - val_loss: 0.0063
Epoch 729/1000
72/72 - 3s - 36ms/step - loss: 0.0053 - val_loss: 0.0069
Epoch 730/1000
72/72 - 2s - 23ms/step - loss: 0.0057 - val_loss: 0.0069
Epoch 731/1000
72/72 - 2s - 24ms/step - loss: 0.0052 - val_loss: 0.0084
Epoch 732/1000
72/72 - 1s - 18ms/step - loss: 0.0050 - val_loss: 0.0088
Epoch 733/1000
72/72 - 1s - 18ms/step - loss: 0.0052 - val_loss: 0.0068
Epoch 734/1000
72/72 - 3s - 37ms/step - loss: 0.0055 - val_loss: 0.0062
Epoch 735/1000
72/72 - 1s - 17ms/step - loss: 0.0052 - val_loss: 0.0067
Epoch 736/1000
72/72 - 1s - 18ms/step - loss: 0.0051 - val_loss: 0.0059
Epoch 737/1000
72/72 - 2s - 21ms/step - loss: 0.0052 - val_loss: 0.0080
Epoch 738/1000
72/72 - 2s - 30ms/step - loss: 0.0052 - val_loss: 0.0057
Epoch 739/1000
72/72 - 2s - 21ms/step - loss: 0.0055 - val_loss: 0.0069
Epoch 740/1000
72/72 - 1s - 18ms/step - loss: 0.0054 - val_loss: 0.0076
Epoch 741/1000
72/72 - 2s - 25ms/step - loss: 0.0052 - val_loss: 0.0080
Epoch 742/1000
72/72 - 2s - 24ms/step - loss: 0.0055 - val_loss: 0.0063
Epoch 743/1000
72/72 - 2s - 23ms/step - loss: 0.0055 - val_loss: 0.0066
Epoch 744/1000
72/72 - 2s - 24ms/step - loss: 0.0056 - val_loss: 0.0066
Epoch 745/1000
72/72 - 2s - 25ms/step - loss: 0.0055 - val_loss: 0.0064
Epoch 746/1000
72/72 - 2s - 25ms/step - loss: 0.0051 - val_loss: 0.0071
Epoch 747/1000
72/72 - 2s - 23ms/step - loss: 0.0053 - val_loss: 0.0064
Epoch 748/1000
72/72 - 2s - 24ms/step - loss: 0.0052 - val_loss: 0.0072
Epoch 749/1000
72/72 - 2s - 22ms/step - loss: 0.0056 - val_loss: 0.0066
Epoch 750/1000
72/72 - 1s - 15ms/step - loss: 0.0055 - val_loss: 0.0079
Epoch 751/1000
72/72 - 1s - 17ms/step - loss: 0.0055 - val_loss: 0.0073
Epoch 752/1000
72/72 - 2s - 23ms/step - loss: 0.0054 - val_loss: 0.0074
Epoch 753/1000
72/72 - 1s - 20ms/step - loss: 0.0056 - val_loss: 0.0073
Epoch 754/1000
72/72 - 1s - 17ms/step - loss: 0.0052 - val_loss: 0.0062
Epoch 755/1000
72/72 - 1s - 20ms/step - loss: 0.0050 - val_loss: 0.0081
Epoch 756/1000
72/72 - 2s - 21ms/step - loss: 0.0056 - val_loss: 0.0073
Epoch 757/1000
72/72 - 1s - 18ms/step - loss: 0.0056 - val_loss: 0.0058
Epoch 758/1000
72/72 - 1s - 16ms/step - loss: 0.0049 - val_loss: 0.0065
Epoch 759/1000
72/72 - 1s - 17ms/step - loss: 0.0052 - val_loss: 0.0064
Epoch 760/1000
72/72 - 2s - 22ms/step - loss: 0.0056 - val_loss: 0.0063
Epoch 761/1000
72/72 - 2s - 25ms/step - loss: 0.0054 - val_loss: 0.0069
Epoch 762/1000
72/72 - 2s - 24ms/step - loss: 0.0052 - val_loss: 0.0070
Epoch 763/1000
72/72 - 2s - 24ms/step - loss: 0.0057 - val_loss: 0.0063
Epoch 764/1000
72/72 - 2s - 21ms/step - loss: 0.0049 - val_loss: 0.0071
Epoch 765/1000
72/72 - 2s - 24ms/step - loss: 0.0050 - val_loss: 0.0068
Epoch 766/1000
72/72 - 2s - 27ms/step - loss: 0.0054 - val_loss: 0.0059
Epoch 767/1000
72/72 - 2s - 26ms/step - loss: 0.0052 - val_loss: 0.0075
Epoch 768/1000
72/72 - 2s - 27ms/step - loss: 0.0052 - val_loss: 0.0054
Epoch 769/1000
72/72 - 1s - 19ms/step - loss: 0.0053 - val_loss: 0.0051
Epoch 770/1000
72/72 - 1s - 16ms/step - loss: 0.0053 - val_loss: 0.0078
Epoch 771/1000
72/72 - 1s - 19ms/step - loss: 0.0055 - val_loss: 0.0062
Epoch 772/1000
72/72 - 3s - 37ms/step - loss: 0.0053 - val_loss: 0.0078
Epoch 773/1000
72/72 - 2s - 34ms/step - loss: 0.0051 - val_loss: 0.0061
Epoch 774/1000
72/72 - 3s - 35ms/step - loss: 0.0050 - val_loss: 0.0062
Epoch 775/1000
72/72 - 2s - 34ms/step - loss: 0.0054 - val_loss: 0.0070
Epoch 776/1000
72/72 - 2s - 22ms/step - loss: 0.0051 - val_loss: 0.0059
Epoch 777/1000
72/72 - 2s - 21ms/step - loss: 0.0052 - val_loss: 0.0057
Epoch 778/1000
72/72 - 2s - 30ms/step - loss: 0.0054 - val_loss: 0.0055
Epoch 779/1000
72/72 - 1s - 21ms/step - loss: 0.0053 - val_loss: 0.0061
Epoch 780/1000
72/72 - 2s - 25ms/step - loss: 0.0053 - val_loss: 0.0076
Epoch 781/1000
72/72 - 2s - 24ms/step - loss: 0.0055 - val_loss: 0.0056
Epoch 782/1000
72/72 - 2s - 26ms/step - loss: 0.0052 - val_loss: 0.0060
Epoch 783/1000
72/72 - 2s - 25ms/step - loss: 0.0057 - val_loss: 0.0063
Epoch 784/1000
72/72 - 2s - 27ms/step - loss: 0.0051 - val_loss: 0.0060
Epoch 785/1000
72/72 - 1s - 20ms/step - loss: 0.0053 - val_loss: 0.0071
Epoch 786/1000
72/72 - 1s - 17ms/step - loss: 0.0050 - val_loss: 0.0068
Epoch 787/1000
72/72 - 1s - 19ms/step - loss: 0.0053 - val_loss: 0.0064
Epoch 788/1000
72/72 - 2s - 23ms/step - loss: 0.0051 - val_loss: 0.0072
Epoch 789/1000
72/72 - 1s - 18ms/step - loss: 0.0052 - val_loss: 0.0066
Epoch 790/1000
72/72 - 1s - 19ms/step - loss: 0.0050 - val_loss: 0.0059
Epoch 791/1000
72/72 - 3s - 39ms/step - loss: 0.0054 - val_loss: 0.0062
Epoch 792/1000
72/72 - 1s - 16ms/step - loss: 0.0049 - val_loss: 0.0090
Epoch 793/1000
72/72 - 1s - 16ms/step - loss: 0.0056 - val_loss: 0.0052
Epoch 794/1000
72/72 - 1s - 19ms/step - loss: 0.0054 - val_loss: 0.0062
Epoch 795/1000
72/72 - 1s - 19ms/step - loss: 0.0053 - val_loss: 0.0067
Epoch 796/1000
72/72 - 1s - 21ms/step - loss: 0.0050 - val_loss: 0.0062
Epoch 797/1000
72/72 - 2s - 24ms/step - loss: 0.0050 - val_loss: 0.0079
Epoch 798/1000
72/72 - 1s - 20ms/step - loss: 0.0053 - val_loss: 0.0060
Epoch 799/1000
72/72 - 1s - 19ms/step - loss: 0.0056 - val_loss: 0.0070
Epoch 800/1000
72/72 - 2s - 22ms/step - loss: 0.0052 - val_loss: 0.0071
Epoch 801/1000
72/72 - 2s - 22ms/step - loss: 0.0056 - val_loss: 0.0073
Epoch 802/1000
72/72 - 2s - 26ms/step - loss: 0.0051 - val_loss: 0.0071
Epoch 803/1000
72/72 - 1s - 18ms/step - loss: 0.0051 - val_loss: 0.0062
Epoch 804/1000
72/72 - 2s - 21ms/step - loss: 0.0053 - val_loss: 0.0084
Epoch 805/1000
72/72 - 2s - 32ms/step - loss: 0.0050 - val_loss: 0.0057
Epoch 806/1000
72/72 - 1s - 17ms/step - loss: 0.0052 - val_loss: 0.0075
Epoch 807/1000
72/72 - 1s - 19ms/step - loss: 0.0049 - val_loss: 0.0061
Epoch 808/1000
72/72 - 1s - 18ms/step - loss: 0.0051 - val_loss: 0.0068
Epoch 809/1000
72/72 - 1s - 17ms/step - loss: 0.0054 - val_loss: 0.0069
Epoch 810/1000
72/72 - 1s - 17ms/step - loss: 0.0053 - val_loss: 0.0053
Epoch 811/1000
72/72 - 2s - 22ms/step - loss: 0.0053 - val_loss: 0.0066
Epoch 812/1000
72/72 - 1s - 19ms/step - loss: 0.0054 - val_loss: 0.0071
Epoch 813/1000
72/72 - 1s - 17ms/step - loss: 0.0049 - val_loss: 0.0068
Epoch 814/1000
72/72 - 1s - 17ms/step - loss: 0.0050 - val_loss: 0.0053
Epoch 815/1000
72/72 - 1s - 18ms/step - loss: 0.0052 - val_loss: 0.0056
Epoch 816/1000
72/72 - 2s - 24ms/step - loss: 0.0053 - val_loss: 0.0058
Epoch 817/1000
72/72 - 1s - 19ms/step - loss: 0.0052 - val_loss: 0.0053
Epoch 818/1000
72/72 - 2s - 22ms/step - loss: 0.0050 - val_loss: 0.0060
Epoch 819/1000
72/72 - 1s - 21ms/step - loss: 0.0052 - val_loss: 0.0061
Epoch 820/1000
72/72 - 1s - 16ms/step - loss: 0.0050 - val_loss: 0.0071
Epoch 821/1000
72/72 - 2s - 27ms/step - loss: 0.0054 - val_loss: 0.0071
Epoch 822/1000
72/72 - 2s - 28ms/step - loss: 0.0050 - val_loss: 0.0065
Epoch 823/1000
72/72 - 2s - 28ms/step - loss: 0.0054 - val_loss: 0.0062
Epoch 824/1000
72/72 - 2s - 22ms/step - loss: 0.0050 - val_loss: 0.0059
Epoch 825/1000
72/72 - 1s - 19ms/step - loss: 0.0050 - val_loss: 0.0080
Epoch 826/1000
72/72 - 1s - 17ms/step - loss: 0.0050 - val_loss: 0.0063
Epoch 827/1000
72/72 - 1s - 19ms/step - loss: 0.0053 - val_loss: 0.0082
Epoch 828/1000
72/72 - 2s - 22ms/step - loss: 0.0056 - val_loss: 0.0070
Epoch 829/1000
72/72 - 1s - 18ms/step - loss: 0.0052 - val_loss: 0.0074
Epoch 830/1000
72/72 - 1s - 18ms/step - loss: 0.0053 - val_loss: 0.0059
Epoch 831/1000
72/72 - 2s - 22ms/step - loss: 0.0049 - val_loss: 0.0059
Epoch 832/1000
72/72 - 2s - 22ms/step - loss: 0.0050 - val_loss: 0.0067
Epoch 833/1000
72/72 - 1s - 18ms/step - loss: 0.0050 - val_loss: 0.0066
Epoch 834/1000
72/72 - 1s - 17ms/step - loss: 0.0049 - val_loss: 0.0078
Epoch 835/1000
72/72 - 2s - 22ms/step - loss: 0.0052 - val_loss: 0.0068
Epoch 836/1000
72/72 - 1s - 20ms/step - loss: 0.0055 - val_loss: 0.0061
Epoch 837/1000
72/72 - 1s - 20ms/step - loss: 0.0050 - val_loss: 0.0059
Epoch 838/1000
72/72 - 1s - 19ms/step - loss: 0.0051 - val_loss: 0.0063
Epoch 839/1000
72/72 - 2s - 23ms/step - loss: 0.0053 - val_loss: 0.0074
Epoch 840/1000
72/72 - 2s - 26ms/step - loss: 0.0051 - val_loss: 0.0065
Epoch 841/1000
72/72 - 2s - 24ms/step - loss: 0.0054 - val_loss: 0.0059
Epoch 842/1000
72/72 - 2s - 26ms/step - loss: 0.0054 - val_loss: 0.0061
Epoch 843/1000
72/72 - 2s - 24ms/step - loss: 0.0053 - val_loss: 0.0066
Epoch 844/1000
72/72 - 2s - 25ms/step - loss: 0.0054 - val_loss: 0.0062
Epoch 845/1000
72/72 - 1s - 20ms/step - loss: 0.0051 - val_loss: 0.0059
Epoch 846/1000
72/72 - 1s - 18ms/step - loss: 0.0051 - val_loss: 0.0075
Epoch 847/1000
72/72 - 1s - 20ms/step - loss: 0.0048 - val_loss: 0.0075
Epoch 848/1000
72/72 - 1s - 19ms/step - loss: 0.0050 - val_loss: 0.0071
Epoch 849/1000
72/72 - 1s - 17ms/step - loss: 0.0052 - val_loss: 0.0074
Epoch 850/1000
72/72 - 1s - 18ms/step - loss: 0.0055 - val_loss: 0.0058
Epoch 851/1000
72/72 - 3s - 37ms/step - loss: 0.0053 - val_loss: 0.0054
Epoch 852/1000
72/72 - 1s - 19ms/step - loss: 0.0049 - val_loss: 0.0055
Epoch 853/1000
72/72 - 1s - 19ms/step - loss: 0.0049 - val_loss: 0.0064
Epoch 854/1000
72/72 - 1s - 20ms/step - loss: 0.0052 - val_loss: 0.0073
Epoch 855/1000
72/72 - 1s - 20ms/step - loss: 0.0050 - val_loss: 0.0071
Epoch 856/1000
72/72 - 1s - 20ms/step - loss: 0.0048 - val_loss: 0.0072
Epoch 857/1000
72/72 - 3s - 36ms/step - loss: 0.0053 - val_loss: 0.0061
Epoch 858/1000
72/72 - 2s - 27ms/step - loss: 0.0052 - val_loss: 0.0061
Epoch 859/1000
72/72 - 2s - 21ms/step - loss: 0.0049 - val_loss: 0.0066
Epoch 860/1000
72/72 - 2s - 23ms/step - loss: 0.0052 - val_loss: 0.0067
Epoch 861/1000
72/72 - 1s - 20ms/step - loss: 0.0050 - val_loss: 0.0062
Epoch 862/1000
72/72 - 2s - 24ms/step - loss: 0.0050 - val_loss: 0.0072
Epoch 863/1000
72/72 - 2s - 33ms/step - loss: 0.0051 - val_loss: 0.0052
Epoch 864/1000
72/72 - 1s - 18ms/step - loss: 0.0052 - val_loss: 0.0062
Epoch 865/1000
72/72 - 1s - 18ms/step - loss: 0.0053 - val_loss: 0.0067
Epoch 866/1000
72/72 - 1s - 19ms/step - loss: 0.0049 - val_loss: 0.0062
Epoch 867/1000
72/72 - 1s - 18ms/step - loss: 0.0048 - val_loss: 0.0056
Epoch 868/1000
72/72 - 1s - 16ms/step - loss: 0.0051 - val_loss: 0.0078
Epoch 869/1000
72/72 - 1s - 20ms/step - loss: 0.0052 - val_loss: 0.0071
Epoch 870/1000
72/72 - 1s - 21ms/step - loss: 0.0051 - val_loss: 0.0070
Epoch 871/1000
72/72 - 1s - 16ms/step - loss: 0.0051 - val_loss: 0.0056
Epoch 872/1000
72/72 - 1s - 19ms/step - loss: 0.0052 - val_loss: 0.0055
Epoch 873/1000
72/72 - 1s - 20ms/step - loss: 0.0053 - val_loss: 0.0065
Epoch 874/1000
72/72 - 2s - 21ms/step - loss: 0.0048 - val_loss: 0.0072
Epoch 875/1000
72/72 - 2s - 23ms/step - loss: 0.0048 - val_loss: 0.0060
Epoch 876/1000
72/72 - 2s - 21ms/step - loss: 0.0048 - val_loss: 0.0069
Epoch 877/1000
72/72 - 2s - 21ms/step - loss: 0.0049 - val_loss: 0.0070
Epoch 878/1000
72/72 - 1s - 19ms/step - loss: 0.0050 - val_loss: 0.0056
Epoch 879/1000
72/72 - 1s - 18ms/step - loss: 0.0052 - val_loss: 0.0061
Epoch 880/1000
72/72 - 2s - 21ms/step - loss: 0.0049 - val_loss: 0.0073
Epoch 881/1000
72/72 - 1s - 18ms/step - loss: 0.0049 - val_loss: 0.0057
Epoch 882/1000
72/72 - 1s - 18ms/step - loss: 0.0050 - val_loss: 0.0051
Epoch 883/1000
72/72 - 1s - 20ms/step - loss: 0.0051 - val_loss: 0.0061
Epoch 884/1000
72/72 - 2s - 22ms/step - loss: 0.0049 - val_loss: 0.0069
Epoch 885/1000
72/72 - 1s - 17ms/step - loss: 0.0049 - val_loss: 0.0070
Epoch 886/1000
72/72 - 1s - 20ms/step - loss: 0.0049 - val_loss: 0.0065
Epoch 887/1000
72/72 - 1s - 18ms/step - loss: 0.0049 - val_loss: 0.0056
Epoch 888/1000
72/72 - 3s - 36ms/step - loss: 0.0050 - val_loss: 0.0062
Epoch 889/1000
72/72 - 1s - 18ms/step - loss: 0.0052 - val_loss: 0.0068
Epoch 890/1000
72/72 - 2s - 21ms/step - loss: 0.0052 - val_loss: 0.0067
Epoch 891/1000
72/72 - 2s - 31ms/step - loss: 0.0048 - val_loss: 0.0067
Epoch 892/1000
72/72 - 1s - 19ms/step - loss: 0.0051 - val_loss: 0.0063
Epoch 893/1000
72/72 - 2s - 22ms/step - loss: 0.0052 - val_loss: 0.0057
Epoch 894/1000
72/72 - 2s - 21ms/step - loss: 0.0052 - val_loss: 0.0058
Epoch 895/1000
72/72 - 3s - 37ms/step - loss: 0.0053 - val_loss: 0.0061
Epoch 896/1000
72/72 - 2s - 22ms/step - loss: 0.0051 - val_loss: 0.0076
Epoch 897/1000
72/72 - 2s - 21ms/step - loss: 0.0051 - val_loss: 0.0058
Epoch 898/1000
72/72 - 2s - 22ms/step - loss: 0.0048 - val_loss: 0.0062
Epoch 899/1000
72/72 - 2s - 27ms/step - loss: 0.0049 - val_loss: 0.0055
Epoch 900/1000
72/72 - 2s - 29ms/step - loss: 0.0051 - val_loss: 0.0051
Epoch 901/1000
72/72 - 2s - 22ms/step - loss: 0.0048 - val_loss: 0.0076
Epoch 902/1000
72/72 - 2s - 31ms/step - loss: 0.0053 - val_loss: 0.0062
Epoch 903/1000
72/72 - 1s - 18ms/step - loss: 0.0054 - val_loss: 0.0064
Epoch 904/1000
72/72 - 1s - 18ms/step - loss: 0.0050 - val_loss: 0.0053
Epoch 905/1000
72/72 - 2s - 21ms/step - loss: 0.0054 - val_loss: 0.0069
Epoch 906/1000
72/72 - 1s - 18ms/step - loss: 0.0052 - val_loss: 0.0067
Epoch 907/1000
72/72 - 1s - 19ms/step - loss: 0.0050 - val_loss: 0.0055
Epoch 908/1000
72/72 - 2s - 22ms/step - loss: 0.0048 - val_loss: 0.0053
Epoch 909/1000
72/72 - 1s - 18ms/step - loss: 0.0050 - val_loss: 0.0072
Epoch 910/1000
72/72 - 1s - 18ms/step - loss: 0.0050 - val_loss: 0.0066
Epoch 911/1000
72/72 - 1s - 17ms/step - loss: 0.0051 - val_loss: 0.0062
Epoch 912/1000
72/72 - 1s - 20ms/step - loss: 0.0050 - val_loss: 0.0076
Epoch 913/1000
72/72 - 2s - 22ms/step - loss: 0.0048 - val_loss: 0.0060
Epoch 914/1000
72/72 - 1s - 21ms/step - loss: 0.0048 - val_loss: 0.0055
Epoch 915/1000
72/72 - 1s - 20ms/step - loss: 0.0049 - val_loss: 0.0071
Epoch 916/1000
72/72 - 1s - 18ms/step - loss: 0.0050 - val_loss: 0.0065
Epoch 917/1000
72/72 - 1s - 20ms/step - loss: 0.0051 - val_loss: 0.0067
Epoch 918/1000
72/72 - 2s - 22ms/step - loss: 0.0050 - val_loss: 0.0061
Epoch 919/1000
72/72 - 3s - 38ms/step - loss: 0.0051 - val_loss: 0.0056
Epoch 920/1000
72/72 - 2s - 24ms/step - loss: 0.0048 - val_loss: 0.0057
Epoch 921/1000
72/72 - 2s - 22ms/step - loss: 0.0048 - val_loss: 0.0062
Epoch 922/1000
72/72 - 2s - 31ms/step - loss: 0.0051 - val_loss: 0.0051
Epoch 923/1000
72/72 - 1s - 18ms/step - loss: 0.0051 - val_loss: 0.0063
Epoch 924/1000
72/72 - 1s - 20ms/step - loss: 0.0047 - val_loss: 0.0064
Epoch 925/1000
72/72 - 1s - 18ms/step - loss: 0.0050 - val_loss: 0.0065
Epoch 926/1000
72/72 - 1s - 21ms/step - loss: 0.0049 - val_loss: 0.0064
Epoch 927/1000
72/72 - 2s - 23ms/step - loss: 0.0050 - val_loss: 0.0068
Epoch 928/1000
72/72 - 2s - 24ms/step - loss: 0.0054 - val_loss: 0.0063
Epoch 929/1000
72/72 - 1s - 19ms/step - loss: 0.0050 - val_loss: 0.0070
Epoch 930/1000
72/72 - 1s - 19ms/step - loss: 0.0049 - val_loss: 0.0054
Epoch 931/1000
72/72 - 1s - 20ms/step - loss: 0.0048 - val_loss: 0.0051
Epoch 932/1000
72/72 - 1s - 20ms/step - loss: 0.0049 - val_loss: 0.0059
Epoch 933/1000
72/72 - 2s - 23ms/step - loss: 0.0046 - val_loss: 0.0064
Epoch 934/1000
72/72 - 2s - 22ms/step - loss: 0.0048 - val_loss: 0.0059
Epoch 935/1000
72/72 - 1s - 19ms/step - loss: 0.0049 - val_loss: 0.0068
Epoch 936/1000
72/72 - 2s - 21ms/step - loss: 0.0051 - val_loss: 0.0059
Epoch 937/1000
72/72 - 2s - 21ms/step - loss: 0.0048 - val_loss: 0.0058
Epoch 938/1000
72/72 - 2s - 21ms/step - loss: 0.0046 - val_loss: 0.0068
Epoch 939/1000
72/72 - 1s - 20ms/step - loss: 0.0050 - val_loss: 0.0066
Epoch 940/1000
72/72 - 2s - 22ms/step - loss: 0.0049 - val_loss: 0.0057
Epoch 941/1000
72/72 - 1s - 18ms/step - loss: 0.0050 - val_loss: 0.0056
Epoch 942/1000
72/72 - 2s - 33ms/step - loss: 0.0049 - val_loss: 0.0055
Epoch 943/1000
72/72 - 1s - 18ms/step - loss: 0.0048 - val_loss: 0.0058
Epoch 944/1000
72/72 - 1s - 19ms/step - loss: 0.0050 - val_loss: 0.0065
Epoch 945/1000
72/72 - 3s - 37ms/step - loss: 0.0049 - val_loss: 0.0053
Epoch 946/1000
72/72 - 1s - 21ms/step - loss: 0.0048 - val_loss: 0.0058
Epoch 947/1000
72/72 - 1s - 18ms/step - loss: 0.0050 - val_loss: 0.0053
Epoch 948/1000
72/72 - 1s - 17ms/step - loss: 0.0049 - val_loss: 0.0071
Epoch 949/1000
72/72 - 1s - 18ms/step - loss: 0.0052 - val_loss: 0.0057
Epoch 950/1000
72/72 - 2s - 23ms/step - loss: 0.0050 - val_loss: 0.0054
Epoch 951/1000
72/72 - 2s - 29ms/step - loss: 0.0051 - val_loss: 0.0054
Epoch 952/1000
72/72 - 2s - 27ms/step - loss: 0.0053 - val_loss: 0.0054
Epoch 953/1000
72/72 - 2s - 24ms/step - loss: 0.0049 - val_loss: 0.0059
Epoch 954/1000
72/72 - 1s - 18ms/step - loss: 0.0049 - val_loss: 0.0068
Epoch 955/1000
72/72 - 1s - 19ms/step - loss: 0.0054 - val_loss: 0.0063
Epoch 956/1000
72/72 - 1s - 19ms/step - loss: 0.0048 - val_loss: 0.0048
Epoch 957/1000
72/72 - 1s - 20ms/step - loss: 0.0049 - val_loss: 0.0057
Epoch 958/1000
72/72 - 2s - 21ms/step - loss: 0.0052 - val_loss: 0.0075
Epoch 959/1000
72/72 - 2s - 22ms/step - loss: 0.0049 - val_loss: 0.0057
Epoch 960/1000
72/72 - 1s - 19ms/step - loss: 0.0048 - val_loss: 0.0076
Epoch 961/1000
72/72 - 3s - 37ms/step - loss: 0.0051 - val_loss: 0.0062
Epoch 962/1000
72/72 - 1s - 18ms/step - loss: 0.0049 - val_loss: 0.0065
Epoch 963/1000
72/72 - 1s - 19ms/step - loss: 0.0047 - val_loss: 0.0080
Epoch 964/1000
72/72 - 1s - 20ms/step - loss: 0.0052 - val_loss: 0.0058
Epoch 965/1000
72/72 - 1s - 20ms/step - loss: 0.0047 - val_loss: 0.0054
Epoch 966/1000
72/72 - 1s - 20ms/step - loss: 0.0049 - val_loss: 0.0062
Epoch 967/1000
72/72 - 1s - 17ms/step - loss: 0.0048 - val_loss: 0.0054
Epoch 968/1000
72/72 - 2s - 21ms/step - loss: 0.0047 - val_loss: 0.0055
Epoch 969/1000
72/72 - 2s - 23ms/step - loss: 0.0051 - val_loss: 0.0057
Epoch 970/1000
72/72 - 2s - 22ms/step - loss: 0.0052 - val_loss: 0.0059
Epoch 971/1000
72/72 - 1s - 20ms/step - loss: 0.0051 - val_loss: 0.0057
Epoch 972/1000
72/72 - 2s - 21ms/step - loss: 0.0049 - val_loss: 0.0072
Epoch 973/1000
72/72 - 2s - 22ms/step - loss: 0.0052 - val_loss: 0.0059
Epoch 974/1000
72/72 - 2s - 22ms/step - loss: 0.0047 - val_loss: 0.0063
Epoch 975/1000
72/72 - 2s - 23ms/step - loss: 0.0052 - val_loss: 0.0069
Epoch 976/1000
72/72 - 2s - 26ms/step - loss: 0.0050 - val_loss: 0.0054
Epoch 977/1000
72/72 - 1s - 19ms/step - loss: 0.0048 - val_loss: 0.0054
Epoch 978/1000
72/72 - 2s - 23ms/step - loss: 0.0050 - val_loss: 0.0049
Epoch 979/1000
72/72 - 1s - 19ms/step - loss: 0.0047 - val_loss: 0.0048
Epoch 980/1000
72/72 - 1s - 18ms/step - loss: 0.0049 - val_loss: 0.0050
Epoch 981/1000
72/72 - 1s - 19ms/step - loss: 0.0049 - val_loss: 0.0050
Epoch 982/1000
72/72 - 1s - 19ms/step - loss: 0.0051 - val_loss: 0.0063
Epoch 983/1000
72/72 - 2s - 34ms/step - loss: 0.0048 - val_loss: 0.0053
Epoch 984/1000
72/72 - 1s - 20ms/step - loss: 0.0049 - val_loss: 0.0062
Epoch 985/1000
72/72 - 2s - 34ms/step - loss: 0.0047 - val_loss: 0.0050
Epoch 986/1000
72/72 - 1s - 18ms/step - loss: 0.0047 - val_loss: 0.0064
Epoch 987/1000
72/72 - 1s - 19ms/step - loss: 0.0051 - val_loss: 0.0056
Epoch 988/1000
72/72 - 2s - 21ms/step - loss: 0.0049 - val_loss: 0.0069
Epoch 989/1000
72/72 - 2s - 24ms/step - loss: 0.0050 - val_loss: 0.0062
Epoch 990/1000
72/72 - 2s - 21ms/step - loss: 0.0050 - val_loss: 0.0055
Epoch 991/1000
72/72 - 2s - 22ms/step - loss: 0.0049 - val_loss: 0.0054
Epoch 992/1000
72/72 - 2s - 21ms/step - loss: 0.0050 - val_loss: 0.0058
Epoch 993/1000
72/72 - 1s - 20ms/step - loss: 0.0046 - val_loss: 0.0060
Epoch 994/1000
72/72 - 2s - 23ms/step - loss: 0.0047 - val_loss: 0.0060
Epoch 995/1000
72/72 - 2s - 22ms/step - loss: 0.0053 - val_loss: 0.0058
Epoch 996/1000
72/72 - 1s - 18ms/step - loss: 0.0049 - val_loss: 0.0062
Epoch 997/1000
72/72 - 1s - 19ms/step - loss: 0.0049 - val_loss: 0.0056
Epoch 998/1000
72/72 - 2s - 22ms/step - loss: 0.0050 - val_loss: 0.0053
Epoch 999/1000
72/72 - 1s - 17ms/step - loss: 0.0052 - val_loss: 0.0053
Epoch 1000/1000
72/72 - 1s - 17ms/step - loss: 0.0052 - val_loss: 0.0070
[1m 1/40[0m [37m[0m [1m14s[0m 372ms/step[1m 9/40[0m [32m[0m[37m[0m [1m0s[0m 7ms/step   [1m14/40[0m [32m[0m[37m[0m [1m0s[0m 8ms/step[1m21/40[0m [32m[0m[37m[0m [1m0s[0m 8ms/step[1m32/40[0m [32m[0m[37m[0m [1m0s[0m 7ms/step[1m40/40[0m [32m[0m[37m[0m [1m0s[0m 18ms/step[1m40/40[0m [32m[0m[37m[0m [1m1s[0m 18ms/step
[1m 1/10[0m [32m[0m[37m[0m [1m0s[0m 76ms/step[1m 8/10[0m [32m[0m[37m[0m [1m0s[0m 7ms/step [1m10/10[0m [32m[0m[37m[0m [1m0s[0m 8ms/step
Model:Parallel_'BiLSTM
Training Time: 1558.04 seconds
Final Training MSE: 0.0052
Final Validation MSE: 0.0070
Test MSE: 0.1383
