Input Shape: (1585, 15, 6)
Output Shape: (1585, 1)
Training Shape: (1268, 15, 6) (317, 15, 6)
Testing Shape: (1268, 1) (317, 1)
Epoch 1/1000
72/72 - 2s - 34ms/step - loss: 0.0625 - val_loss: 0.0354
Epoch 2/1000
72/72 - 1s - 12ms/step - loss: 0.0291 - val_loss: 0.0295
Epoch 3/1000
72/72 - 1s - 13ms/step - loss: 0.0246 - val_loss: 0.0256
Epoch 4/1000
72/72 - 1s - 13ms/step - loss: 0.0222 - val_loss: 0.0259
Epoch 5/1000
72/72 - 1s - 14ms/step - loss: 0.0214 - val_loss: 0.0209
Epoch 6/1000
72/72 - 1s - 17ms/step - loss: 0.0209 - val_loss: 0.0247
Epoch 7/1000
72/72 - 1s - 13ms/step - loss: 0.0193 - val_loss: 0.0283
Epoch 8/1000
72/72 - 1s - 13ms/step - loss: 0.0200 - val_loss: 0.0220
Epoch 9/1000
72/72 - 1s - 14ms/step - loss: 0.0195 - val_loss: 0.0222
Epoch 10/1000
72/72 - 1s - 20ms/step - loss: 0.0194 - val_loss: 0.0221
Epoch 11/1000
72/72 - 1s - 14ms/step - loss: 0.0176 - val_loss: 0.0226
Epoch 12/1000
72/72 - 1s - 13ms/step - loss: 0.0172 - val_loss: 0.0210
Epoch 13/1000
72/72 - 1s - 15ms/step - loss: 0.0169 - val_loss: 0.0210
Epoch 14/1000
72/72 - 1s - 15ms/step - loss: 0.0178 - val_loss: 0.0227
Epoch 15/1000
72/72 - 1s - 17ms/step - loss: 0.0172 - val_loss: 0.0223
Epoch 16/1000
72/72 - 1s - 13ms/step - loss: 0.0168 - val_loss: 0.0222
Epoch 17/1000
72/72 - 1s - 15ms/step - loss: 0.0161 - val_loss: 0.0208
Epoch 18/1000
72/72 - 1s - 14ms/step - loss: 0.0147 - val_loss: 0.0176
Epoch 19/1000
72/72 - 1s - 12ms/step - loss: 0.0161 - val_loss: 0.0211
Epoch 20/1000
72/72 - 1s - 13ms/step - loss: 0.0163 - val_loss: 0.0192
Epoch 21/1000
72/72 - 1s - 17ms/step - loss: 0.0165 - val_loss: 0.0200
Epoch 22/1000
72/72 - 1s - 13ms/step - loss: 0.0141 - val_loss: 0.0165
Epoch 23/1000
72/72 - 1s - 14ms/step - loss: 0.0145 - val_loss: 0.0228
Epoch 24/1000
72/72 - 1s - 13ms/step - loss: 0.0156 - val_loss: 0.0198
Epoch 25/1000
72/72 - 1s - 12ms/step - loss: 0.0142 - val_loss: 0.0190
Epoch 26/1000
72/72 - 1s - 13ms/step - loss: 0.0143 - val_loss: 0.0207
Epoch 27/1000
72/72 - 1s - 11ms/step - loss: 0.0145 - val_loss: 0.0184
Epoch 28/1000
72/72 - 1s - 12ms/step - loss: 0.0142 - val_loss: 0.0187
Epoch 29/1000
72/72 - 1s - 19ms/step - loss: 0.0139 - val_loss: 0.0193
Epoch 30/1000
72/72 - 1s - 17ms/step - loss: 0.0146 - val_loss: 0.0183
Epoch 31/1000
72/72 - 1s - 12ms/step - loss: 0.0137 - val_loss: 0.0177
Epoch 32/1000
72/72 - 1s - 12ms/step - loss: 0.0139 - val_loss: 0.0189
Epoch 33/1000
72/72 - 1s - 13ms/step - loss: 0.0139 - val_loss: 0.0187
Epoch 34/1000
72/72 - 1s - 15ms/step - loss: 0.0132 - val_loss: 0.0184
Epoch 35/1000
72/72 - 1s - 13ms/step - loss: 0.0138 - val_loss: 0.0185
Epoch 36/1000
72/72 - 1s - 14ms/step - loss: 0.0131 - val_loss: 0.0189
Epoch 37/1000
72/72 - 1s - 14ms/step - loss: 0.0131 - val_loss: 0.0162
Epoch 38/1000
72/72 - 1s - 14ms/step - loss: 0.0124 - val_loss: 0.0184
Epoch 39/1000
72/72 - 1s - 14ms/step - loss: 0.0131 - val_loss: 0.0163
Epoch 40/1000
72/72 - 1s - 12ms/step - loss: 0.0132 - val_loss: 0.0179
Epoch 41/1000
72/72 - 1s - 13ms/step - loss: 0.0123 - val_loss: 0.0160
Epoch 42/1000
72/72 - 1s - 13ms/step - loss: 0.0124 - val_loss: 0.0147
Epoch 43/1000
72/72 - 1s - 14ms/step - loss: 0.0120 - val_loss: 0.0178
Epoch 44/1000
72/72 - 1s - 14ms/step - loss: 0.0131 - val_loss: 0.0173
Epoch 45/1000
72/72 - 1s - 15ms/step - loss: 0.0127 - val_loss: 0.0174
Epoch 46/1000
72/72 - 1s - 14ms/step - loss: 0.0127 - val_loss: 0.0176
Epoch 47/1000
72/72 - 1s - 17ms/step - loss: 0.0122 - val_loss: 0.0169
Epoch 48/1000
72/72 - 1s - 15ms/step - loss: 0.0141 - val_loss: 0.0160
Epoch 49/1000
72/72 - 1s - 14ms/step - loss: 0.0120 - val_loss: 0.0160
Epoch 50/1000
72/72 - 1s - 17ms/step - loss: 0.0120 - val_loss: 0.0171
Epoch 51/1000
72/72 - 1s - 14ms/step - loss: 0.0125 - val_loss: 0.0162
Epoch 52/1000
72/72 - 1s - 16ms/step - loss: 0.0123 - val_loss: 0.0152
Epoch 53/1000
72/72 - 1s - 11ms/step - loss: 0.0129 - val_loss: 0.0157
Epoch 54/1000
72/72 - 1s - 14ms/step - loss: 0.0116 - val_loss: 0.0148
Epoch 55/1000
72/72 - 1s - 14ms/step - loss: 0.0117 - val_loss: 0.0145
Epoch 56/1000
72/72 - 1s - 12ms/step - loss: 0.0127 - val_loss: 0.0163
Epoch 57/1000
72/72 - 1s - 11ms/step - loss: 0.0108 - val_loss: 0.0157
Epoch 58/1000
72/72 - 1s - 13ms/step - loss: 0.0115 - val_loss: 0.0180
Epoch 59/1000
72/72 - 1s - 16ms/step - loss: 0.0119 - val_loss: 0.0169
Epoch 60/1000
72/72 - 1s - 14ms/step - loss: 0.0118 - val_loss: 0.0169
Epoch 61/1000
72/72 - 1s - 17ms/step - loss: 0.0132 - val_loss: 0.0149
Epoch 62/1000
72/72 - 1s - 16ms/step - loss: 0.0124 - val_loss: 0.0178
Epoch 63/1000
72/72 - 1s - 16ms/step - loss: 0.0119 - val_loss: 0.0165
Epoch 64/1000
72/72 - 1s - 16ms/step - loss: 0.0116 - val_loss: 0.0131
Epoch 65/1000
72/72 - 1s - 14ms/step - loss: 0.0119 - val_loss: 0.0155
Epoch 66/1000
72/72 - 1s - 11ms/step - loss: 0.0117 - val_loss: 0.0176
Epoch 67/1000
72/72 - 1s - 15ms/step - loss: 0.0114 - val_loss: 0.0171
Epoch 68/1000
72/72 - 1s - 12ms/step - loss: 0.0115 - val_loss: 0.0156
Epoch 69/1000
72/72 - 1s - 12ms/step - loss: 0.0116 - val_loss: 0.0141
Epoch 70/1000
72/72 - 1s - 15ms/step - loss: 0.0123 - val_loss: 0.0150
Epoch 71/1000
72/72 - 1s - 14ms/step - loss: 0.0111 - val_loss: 0.0144
Epoch 72/1000
72/72 - 1s - 11ms/step - loss: 0.0113 - val_loss: 0.0183
Epoch 73/1000
72/72 - 1s - 20ms/step - loss: 0.0116 - val_loss: 0.0135
Epoch 74/1000
72/72 - 1s - 15ms/step - loss: 0.0111 - val_loss: 0.0167
Epoch 75/1000
72/72 - 1s - 14ms/step - loss: 0.0107 - val_loss: 0.0136
Epoch 76/1000
72/72 - 1s - 20ms/step - loss: 0.0108 - val_loss: 0.0147
Epoch 77/1000
72/72 - 1s - 16ms/step - loss: 0.0112 - val_loss: 0.0136
Epoch 78/1000
72/72 - 1s - 17ms/step - loss: 0.0114 - val_loss: 0.0143
Epoch 79/1000
72/72 - 1s - 15ms/step - loss: 0.0114 - val_loss: 0.0140
Epoch 80/1000
72/72 - 1s - 12ms/step - loss: 0.0117 - val_loss: 0.0113
Epoch 81/1000
72/72 - 1s - 13ms/step - loss: 0.0115 - val_loss: 0.0152
Epoch 82/1000
72/72 - 1s - 12ms/step - loss: 0.0112 - val_loss: 0.0133
Epoch 83/1000
72/72 - 1s - 13ms/step - loss: 0.0108 - val_loss: 0.0135
Epoch 84/1000
72/72 - 1s - 17ms/step - loss: 0.0115 - val_loss: 0.0138
Epoch 85/1000
72/72 - 1s - 11ms/step - loss: 0.0105 - val_loss: 0.0130
Epoch 86/1000
72/72 - 1s - 11ms/step - loss: 0.0115 - val_loss: 0.0128
Epoch 87/1000
72/72 - 1s - 14ms/step - loss: 0.0109 - val_loss: 0.0142
Epoch 88/1000
72/72 - 1s - 13ms/step - loss: 0.0107 - val_loss: 0.0133
Epoch 89/1000
72/72 - 1s - 12ms/step - loss: 0.0113 - val_loss: 0.0120
Epoch 90/1000
72/72 - 1s - 17ms/step - loss: 0.0114 - val_loss: 0.0141
Epoch 91/1000
72/72 - 1s - 11ms/step - loss: 0.0111 - val_loss: 0.0157
Epoch 92/1000
72/72 - 1s - 11ms/step - loss: 0.0111 - val_loss: 0.0160
Epoch 93/1000
72/72 - 1s - 12ms/step - loss: 0.0115 - val_loss: 0.0140
Epoch 94/1000
72/72 - 1s - 10ms/step - loss: 0.0106 - val_loss: 0.0134
Epoch 95/1000
72/72 - 1s - 13ms/step - loss: 0.0106 - val_loss: 0.0125
Epoch 96/1000
72/72 - 1s - 13ms/step - loss: 0.0106 - val_loss: 0.0146
Epoch 97/1000
72/72 - 1s - 13ms/step - loss: 0.0105 - val_loss: 0.0134
Epoch 98/1000
72/72 - 1s - 11ms/step - loss: 0.0112 - val_loss: 0.0128
Epoch 99/1000
72/72 - 1s - 13ms/step - loss: 0.0106 - val_loss: 0.0155
Epoch 100/1000
72/72 - 1s - 12ms/step - loss: 0.0104 - val_loss: 0.0135
Epoch 101/1000
72/72 - 1s - 17ms/step - loss: 0.0109 - val_loss: 0.0164
Epoch 102/1000
72/72 - 1s - 13ms/step - loss: 0.0109 - val_loss: 0.0154
Epoch 103/1000
72/72 - 1s - 13ms/step - loss: 0.0111 - val_loss: 0.0156
Epoch 104/1000
72/72 - 1s - 13ms/step - loss: 0.0105 - val_loss: 0.0143
Epoch 105/1000
72/72 - 1s - 13ms/step - loss: 0.0113 - val_loss: 0.0134
Epoch 106/1000
72/72 - 1s - 15ms/step - loss: 0.0104 - val_loss: 0.0157
Epoch 107/1000
72/72 - 1s - 13ms/step - loss: 0.0112 - val_loss: 0.0135
Epoch 108/1000
72/72 - 1s - 14ms/step - loss: 0.0108 - val_loss: 0.0139
Epoch 109/1000
72/72 - 1s - 13ms/step - loss: 0.0101 - val_loss: 0.0113
Epoch 110/1000
72/72 - 1s - 14ms/step - loss: 0.0104 - val_loss: 0.0128
Epoch 111/1000
72/72 - 1s - 11ms/step - loss: 0.0103 - val_loss: 0.0158
Epoch 112/1000
72/72 - 1s - 12ms/step - loss: 0.0103 - val_loss: 0.0133
Epoch 113/1000
72/72 - 1s - 12ms/step - loss: 0.0106 - val_loss: 0.0134
Epoch 114/1000
72/72 - 1s - 20ms/step - loss: 0.0102 - val_loss: 0.0157
Epoch 115/1000
72/72 - 1s - 13ms/step - loss: 0.0110 - val_loss: 0.0138
Epoch 116/1000
72/72 - 1s - 19ms/step - loss: 0.0105 - val_loss: 0.0145
Epoch 117/1000
72/72 - 1s - 12ms/step - loss: 0.0106 - val_loss: 0.0158
Epoch 118/1000
72/72 - 1s - 14ms/step - loss: 0.0111 - val_loss: 0.0119
Epoch 119/1000
72/72 - 1s - 15ms/step - loss: 0.0102 - val_loss: 0.0146
Epoch 120/1000
72/72 - 1s - 15ms/step - loss: 0.0104 - val_loss: 0.0125
Epoch 121/1000
72/72 - 1s - 11ms/step - loss: 0.0106 - val_loss: 0.0117
Epoch 122/1000
72/72 - 1s - 11ms/step - loss: 0.0106 - val_loss: 0.0117
Epoch 123/1000
72/72 - 1s - 11ms/step - loss: 0.0098 - val_loss: 0.0114
Epoch 124/1000
72/72 - 1s - 12ms/step - loss: 0.0102 - val_loss: 0.0125
Epoch 125/1000
72/72 - 1s - 18ms/step - loss: 0.0097 - val_loss: 0.0128
Epoch 126/1000
72/72 - 1s - 13ms/step - loss: 0.0100 - val_loss: 0.0146
Epoch 127/1000
72/72 - 1s - 14ms/step - loss: 0.0099 - val_loss: 0.0144
Epoch 128/1000
72/72 - 1s - 14ms/step - loss: 0.0106 - val_loss: 0.0149
Epoch 129/1000
72/72 - 1s - 14ms/step - loss: 0.0102 - val_loss: 0.0125
Epoch 130/1000
72/72 - 1s - 13ms/step - loss: 0.0100 - val_loss: 0.0156
Epoch 131/1000
72/72 - 1s - 13ms/step - loss: 0.0104 - val_loss: 0.0127
Epoch 132/1000
72/72 - 1s - 14ms/step - loss: 0.0109 - val_loss: 0.0158
Epoch 133/1000
72/72 - 1s - 12ms/step - loss: 0.0102 - val_loss: 0.0108
Epoch 134/1000
72/72 - 1s - 13ms/step - loss: 0.0103 - val_loss: 0.0133
Epoch 135/1000
72/72 - 1s - 13ms/step - loss: 0.0096 - val_loss: 0.0138
Epoch 136/1000
72/72 - 1s - 14ms/step - loss: 0.0099 - val_loss: 0.0147
Epoch 137/1000
72/72 - 1s - 16ms/step - loss: 0.0100 - val_loss: 0.0156
Epoch 138/1000
72/72 - 1s - 13ms/step - loss: 0.0098 - val_loss: 0.0124
Epoch 139/1000
72/72 - 1s - 14ms/step - loss: 0.0097 - val_loss: 0.0130
Epoch 140/1000
72/72 - 1s - 15ms/step - loss: 0.0099 - val_loss: 0.0120
Epoch 141/1000
72/72 - 1s - 12ms/step - loss: 0.0096 - val_loss: 0.0114
Epoch 142/1000
72/72 - 1s - 11ms/step - loss: 0.0098 - val_loss: 0.0117
Epoch 143/1000
72/72 - 1s - 12ms/step - loss: 0.0093 - val_loss: 0.0118
Epoch 144/1000
72/72 - 1s - 14ms/step - loss: 0.0094 - val_loss: 0.0138
Epoch 145/1000
72/72 - 1s - 15ms/step - loss: 0.0102 - val_loss: 0.0128
Epoch 146/1000
72/72 - 1s - 12ms/step - loss: 0.0095 - val_loss: 0.0137
Epoch 147/1000
72/72 - 1s - 12ms/step - loss: 0.0100 - val_loss: 0.0117
Epoch 148/1000
72/72 - 1s - 12ms/step - loss: 0.0099 - val_loss: 0.0120
Epoch 149/1000
72/72 - 1s - 17ms/step - loss: 0.0102 - val_loss: 0.0121
Epoch 150/1000
72/72 - 1s - 14ms/step - loss: 0.0101 - val_loss: 0.0105
Epoch 151/1000
72/72 - 1s - 12ms/step - loss: 0.0108 - val_loss: 0.0135
Epoch 152/1000
72/72 - 1s - 14ms/step - loss: 0.0096 - val_loss: 0.0125
Epoch 153/1000
72/72 - 1s - 10ms/step - loss: 0.0107 - val_loss: 0.0130
Epoch 154/1000
72/72 - 1s - 11ms/step - loss: 0.0099 - val_loss: 0.0115
Epoch 155/1000
72/72 - 1s - 12ms/step - loss: 0.0097 - val_loss: 0.0107
Epoch 156/1000
72/72 - 1s - 14ms/step - loss: 0.0095 - val_loss: 0.0135
Epoch 157/1000
72/72 - 1s - 13ms/step - loss: 0.0099 - val_loss: 0.0103
Epoch 158/1000
72/72 - 1s - 13ms/step - loss: 0.0096 - val_loss: 0.0104
Epoch 159/1000
72/72 - 1s - 15ms/step - loss: 0.0096 - val_loss: 0.0126
Epoch 160/1000
72/72 - 1s - 12ms/step - loss: 0.0104 - val_loss: 0.0132
Epoch 161/1000
72/72 - 1s - 11ms/step - loss: 0.0101 - val_loss: 0.0132
Epoch 162/1000
72/72 - 1s - 20ms/step - loss: 0.0099 - val_loss: 0.0111
Epoch 163/1000
72/72 - 1s - 15ms/step - loss: 0.0093 - val_loss: 0.0124
Epoch 164/1000
72/72 - 1s - 14ms/step - loss: 0.0100 - val_loss: 0.0109
Epoch 165/1000
72/72 - 1s - 15ms/step - loss: 0.0105 - val_loss: 0.0125
Epoch 166/1000
72/72 - 1s - 17ms/step - loss: 0.0103 - val_loss: 0.0122
Epoch 167/1000
72/72 - 1s - 16ms/step - loss: 0.0100 - val_loss: 0.0123
Epoch 168/1000
72/72 - 1s - 14ms/step - loss: 0.0100 - val_loss: 0.0118
Epoch 169/1000
72/72 - 1s - 13ms/step - loss: 0.0097 - val_loss: 0.0113
Epoch 170/1000
72/72 - 1s - 12ms/step - loss: 0.0102 - val_loss: 0.0106
Epoch 171/1000
72/72 - 1s - 14ms/step - loss: 0.0098 - val_loss: 0.0125
Epoch 172/1000
72/72 - 1s - 13ms/step - loss: 0.0100 - val_loss: 0.0124
Epoch 173/1000
72/72 - 1s - 10ms/step - loss: 0.0101 - val_loss: 0.0127
Epoch 174/1000
72/72 - 1s - 13ms/step - loss: 0.0090 - val_loss: 0.0115
Epoch 175/1000
72/72 - 1s - 16ms/step - loss: 0.0098 - val_loss: 0.0109
Epoch 176/1000
72/72 - 1s - 13ms/step - loss: 0.0099 - val_loss: 0.0115
Epoch 177/1000
72/72 - 1s - 12ms/step - loss: 0.0093 - val_loss: 0.0117
Epoch 178/1000
72/72 - 1s - 17ms/step - loss: 0.0097 - val_loss: 0.0124
Epoch 179/1000
72/72 - 1s - 11ms/step - loss: 0.0093 - val_loss: 0.0124
Epoch 180/1000
72/72 - 1s - 12ms/step - loss: 0.0092 - val_loss: 0.0106
Epoch 181/1000
72/72 - 1s - 13ms/step - loss: 0.0097 - val_loss: 0.0125
Epoch 182/1000
72/72 - 1s - 11ms/step - loss: 0.0091 - val_loss: 0.0124
Epoch 183/1000
72/72 - 1s - 12ms/step - loss: 0.0094 - val_loss: 0.0104
Epoch 184/1000
72/72 - 1s - 11ms/step - loss: 0.0099 - val_loss: 0.0118
Epoch 185/1000
72/72 - 1s - 10ms/step - loss: 0.0093 - val_loss: 0.0122
Epoch 186/1000
72/72 - 1s - 21ms/step - loss: 0.0098 - val_loss: 0.0114
Epoch 187/1000
72/72 - 1s - 13ms/step - loss: 0.0097 - val_loss: 0.0126
Epoch 188/1000
72/72 - 1s - 14ms/step - loss: 0.0100 - val_loss: 0.0088
Epoch 189/1000
72/72 - 1s - 11ms/step - loss: 0.0095 - val_loss: 0.0127
Epoch 190/1000
72/72 - 1s - 20ms/step - loss: 0.0099 - val_loss: 0.0111
Epoch 191/1000
72/72 - 1s - 10ms/step - loss: 0.0097 - val_loss: 0.0094
Epoch 192/1000
72/72 - 1s - 12ms/step - loss: 0.0090 - val_loss: 0.0104
Epoch 193/1000
72/72 - 1s - 12ms/step - loss: 0.0092 - val_loss: 0.0102
Epoch 194/1000
72/72 - 1s - 13ms/step - loss: 0.0096 - val_loss: 0.0100
Epoch 195/1000
72/72 - 1s - 11ms/step - loss: 0.0095 - val_loss: 0.0119
Epoch 196/1000
72/72 - 1s - 17ms/step - loss: 0.0093 - val_loss: 0.0093
Epoch 197/1000
72/72 - 1s - 17ms/step - loss: 0.0094 - val_loss: 0.0106
Epoch 198/1000
72/72 - 1s - 13ms/step - loss: 0.0091 - val_loss: 0.0119
Epoch 199/1000
72/72 - 1s - 14ms/step - loss: 0.0086 - val_loss: 0.0111
Epoch 200/1000
72/72 - 1s - 14ms/step - loss: 0.0094 - val_loss: 0.0124
Epoch 201/1000
72/72 - 1s - 15ms/step - loss: 0.0097 - val_loss: 0.0122
Epoch 202/1000
72/72 - 1s - 12ms/step - loss: 0.0094 - val_loss: 0.0119
Epoch 203/1000
72/72 - 1s - 13ms/step - loss: 0.0092 - val_loss: 0.0121
Epoch 204/1000
72/72 - 1s - 15ms/step - loss: 0.0094 - val_loss: 0.0117
Epoch 205/1000
72/72 - 1s - 12ms/step - loss: 0.0096 - val_loss: 0.0102
Epoch 206/1000
72/72 - 1s - 13ms/step - loss: 0.0086 - val_loss: 0.0107
Epoch 207/1000
72/72 - 1s - 12ms/step - loss: 0.0093 - val_loss: 0.0101
Epoch 208/1000
72/72 - 1s - 13ms/step - loss: 0.0094 - val_loss: 0.0115
Epoch 209/1000
72/72 - 1s - 13ms/step - loss: 0.0094 - val_loss: 0.0109
Epoch 210/1000
72/72 - 1s - 12ms/step - loss: 0.0091 - val_loss: 0.0113
Epoch 211/1000
72/72 - 1s - 13ms/step - loss: 0.0096 - val_loss: 0.0112
Epoch 212/1000
72/72 - 1s - 13ms/step - loss: 0.0083 - val_loss: 0.0110
Epoch 213/1000
72/72 - 1s - 13ms/step - loss: 0.0094 - val_loss: 0.0128
Epoch 214/1000
72/72 - 1s - 11ms/step - loss: 0.0084 - val_loss: 0.0105
Epoch 215/1000
72/72 - 1s - 11ms/step - loss: 0.0092 - val_loss: 0.0097
Epoch 216/1000
72/72 - 1s - 11ms/step - loss: 0.0089 - val_loss: 0.0100
Epoch 217/1000
72/72 - 1s - 16ms/step - loss: 0.0094 - val_loss: 0.0120
Epoch 218/1000
72/72 - 1s - 12ms/step - loss: 0.0091 - val_loss: 0.0099
Epoch 219/1000
72/72 - 1s - 13ms/step - loss: 0.0091 - val_loss: 0.0108
Epoch 220/1000
72/72 - 1s - 14ms/step - loss: 0.0087 - val_loss: 0.0111
Epoch 221/1000
72/72 - 1s - 15ms/step - loss: 0.0094 - val_loss: 0.0128
Epoch 222/1000
72/72 - 1s - 12ms/step - loss: 0.0095 - val_loss: 0.0093
Epoch 223/1000
72/72 - 1s - 12ms/step - loss: 0.0100 - val_loss: 0.0118
Epoch 224/1000
72/72 - 1s - 12ms/step - loss: 0.0097 - val_loss: 0.0116
Epoch 225/1000
72/72 - 1s - 13ms/step - loss: 0.0092 - val_loss: 0.0129
Epoch 226/1000
72/72 - 1s - 13ms/step - loss: 0.0089 - val_loss: 0.0116
Epoch 227/1000
72/72 - 1s - 12ms/step - loss: 0.0094 - val_loss: 0.0111
Epoch 228/1000
72/72 - 1s - 12ms/step - loss: 0.0099 - val_loss: 0.0125
Epoch 229/1000
72/72 - 1s - 18ms/step - loss: 0.0087 - val_loss: 0.0100
Epoch 230/1000
72/72 - 1s - 12ms/step - loss: 0.0100 - val_loss: 0.0124
Epoch 231/1000
72/72 - 1s - 14ms/step - loss: 0.0092 - val_loss: 0.0135
Epoch 232/1000
72/72 - 1s - 16ms/step - loss: 0.0094 - val_loss: 0.0104
Epoch 233/1000
72/72 - 1s - 14ms/step - loss: 0.0091 - val_loss: 0.0084
Epoch 234/1000
72/72 - 1s - 12ms/step - loss: 0.0095 - val_loss: 0.0123
Epoch 235/1000
72/72 - 1s - 13ms/step - loss: 0.0084 - val_loss: 0.0105
Epoch 236/1000
72/72 - 1s - 13ms/step - loss: 0.0089 - val_loss: 0.0084
Epoch 237/1000
72/72 - 1s - 14ms/step - loss: 0.0090 - val_loss: 0.0125
Epoch 238/1000
72/72 - 1s - 12ms/step - loss: 0.0088 - val_loss: 0.0125
Epoch 239/1000
72/72 - 1s - 12ms/step - loss: 0.0087 - val_loss: 0.0124
Epoch 240/1000
72/72 - 1s - 11ms/step - loss: 0.0091 - val_loss: 0.0090
Epoch 241/1000
72/72 - 1s - 11ms/step - loss: 0.0092 - val_loss: 0.0095
Epoch 242/1000
72/72 - 1s - 11ms/step - loss: 0.0091 - val_loss: 0.0094
Epoch 243/1000
72/72 - 1s - 11ms/step - loss: 0.0089 - val_loss: 0.0105
Epoch 244/1000
72/72 - 1s - 18ms/step - loss: 0.0093 - val_loss: 0.0130
Epoch 245/1000
72/72 - 1s - 18ms/step - loss: 0.0092 - val_loss: 0.0114
Epoch 246/1000
72/72 - 1s - 10ms/step - loss: 0.0092 - val_loss: 0.0098
Epoch 247/1000
72/72 - 1s - 12ms/step - loss: 0.0092 - val_loss: 0.0120
Epoch 248/1000
72/72 - 1s - 10ms/step - loss: 0.0091 - val_loss: 0.0124
Epoch 249/1000
72/72 - 1s - 11ms/step - loss: 0.0087 - val_loss: 0.0134
Epoch 250/1000
72/72 - 1s - 12ms/step - loss: 0.0093 - val_loss: 0.0106
Epoch 251/1000
72/72 - 1s - 18ms/step - loss: 0.0089 - val_loss: 0.0097
Epoch 252/1000
72/72 - 1s - 11ms/step - loss: 0.0089 - val_loss: 0.0097
Epoch 253/1000
72/72 - 1s - 15ms/step - loss: 0.0091 - val_loss: 0.0102
Epoch 254/1000
72/72 - 1s - 12ms/step - loss: 0.0089 - val_loss: 0.0118
Epoch 255/1000
72/72 - 1s - 19ms/step - loss: 0.0090 - val_loss: 0.0107
Epoch 256/1000
72/72 - 1s - 12ms/step - loss: 0.0089 - val_loss: 0.0096
Epoch 257/1000
72/72 - 1s - 13ms/step - loss: 0.0087 - val_loss: 0.0087
Epoch 258/1000
72/72 - 1s - 13ms/step - loss: 0.0090 - val_loss: 0.0113
Epoch 259/1000
72/72 - 1s - 15ms/step - loss: 0.0088 - val_loss: 0.0101
Epoch 260/1000
72/72 - 1s - 14ms/step - loss: 0.0090 - val_loss: 0.0104
Epoch 261/1000
72/72 - 1s - 13ms/step - loss: 0.0087 - val_loss: 0.0120
Epoch 262/1000
72/72 - 1s - 12ms/step - loss: 0.0088 - val_loss: 0.0100
Epoch 263/1000
72/72 - 1s - 11ms/step - loss: 0.0084 - val_loss: 0.0093
Epoch 264/1000
72/72 - 1s - 13ms/step - loss: 0.0092 - val_loss: 0.0113
Epoch 265/1000
72/72 - 1s - 11ms/step - loss: 0.0088 - val_loss: 0.0086
Epoch 266/1000
72/72 - 1s - 12ms/step - loss: 0.0086 - val_loss: 0.0103
Epoch 267/1000
72/72 - 1s - 14ms/step - loss: 0.0088 - val_loss: 0.0132
Epoch 268/1000
72/72 - 1s - 15ms/step - loss: 0.0092 - val_loss: 0.0105
Epoch 269/1000
72/72 - 1s - 15ms/step - loss: 0.0087 - val_loss: 0.0097
Epoch 270/1000
72/72 - 1s - 14ms/step - loss: 0.0086 - val_loss: 0.0105
Epoch 271/1000
72/72 - 1s - 13ms/step - loss: 0.0084 - val_loss: 0.0105
Epoch 272/1000
72/72 - 1s - 13ms/step - loss: 0.0088 - val_loss: 0.0101
Epoch 273/1000
72/72 - 1s - 11ms/step - loss: 0.0084 - val_loss: 0.0106
Epoch 274/1000
72/72 - 1s - 10ms/step - loss: 0.0086 - val_loss: 0.0104
Epoch 275/1000
72/72 - 1s - 12ms/step - loss: 0.0087 - val_loss: 0.0107
Epoch 276/1000
72/72 - 1s - 12ms/step - loss: 0.0088 - val_loss: 0.0103
Epoch 277/1000
72/72 - 1s - 11ms/step - loss: 0.0094 - val_loss: 0.0109
Epoch 278/1000
72/72 - 1s - 11ms/step - loss: 0.0086 - val_loss: 0.0092
Epoch 279/1000
72/72 - 1s - 11ms/step - loss: 0.0097 - val_loss: 0.0089
Epoch 280/1000
72/72 - 1s - 10ms/step - loss: 0.0087 - val_loss: 0.0102
Epoch 281/1000
72/72 - 1s - 10ms/step - loss: 0.0092 - val_loss: 0.0089
Epoch 282/1000
72/72 - 1s - 10ms/step - loss: 0.0084 - val_loss: 0.0094
Epoch 283/1000
72/72 - 1s - 12ms/step - loss: 0.0088 - val_loss: 0.0096
Epoch 284/1000
72/72 - 1s - 13ms/step - loss: 0.0089 - val_loss: 0.0104
Epoch 285/1000
72/72 - 1s - 13ms/step - loss: 0.0085 - val_loss: 0.0109
Epoch 286/1000
72/72 - 1s - 12ms/step - loss: 0.0087 - val_loss: 0.0113
Epoch 287/1000
72/72 - 1s - 13ms/step - loss: 0.0089 - val_loss: 0.0111
Epoch 288/1000
72/72 - 1s - 18ms/step - loss: 0.0086 - val_loss: 0.0128
Epoch 289/1000
72/72 - 1s - 13ms/step - loss: 0.0093 - val_loss: 0.0098
Epoch 290/1000
72/72 - 1s - 12ms/step - loss: 0.0088 - val_loss: 0.0080
Epoch 291/1000
72/72 - 1s - 18ms/step - loss: 0.0091 - val_loss: 0.0125
Epoch 292/1000
72/72 - 1s - 13ms/step - loss: 0.0086 - val_loss: 0.0110
Epoch 293/1000
72/72 - 1s - 12ms/step - loss: 0.0091 - val_loss: 0.0079
Epoch 294/1000
72/72 - 1s - 14ms/step - loss: 0.0083 - val_loss: 0.0085
Epoch 295/1000
72/72 - 1s - 12ms/step - loss: 0.0085 - val_loss: 0.0087
Epoch 296/1000
72/72 - 1s - 13ms/step - loss: 0.0080 - val_loss: 0.0095
Epoch 297/1000
72/72 - 1s - 17ms/step - loss: 0.0090 - val_loss: 0.0092
Epoch 298/1000
72/72 - 1s - 13ms/step - loss: 0.0086 - val_loss: 0.0094
Epoch 299/1000
72/72 - 1s - 13ms/step - loss: 0.0080 - val_loss: 0.0095
Epoch 300/1000
72/72 - 1s - 13ms/step - loss: 0.0089 - val_loss: 0.0101
Epoch 301/1000
72/72 - 1s - 13ms/step - loss: 0.0085 - val_loss: 0.0098
Epoch 302/1000
72/72 - 1s - 11ms/step - loss: 0.0087 - val_loss: 0.0122
Epoch 303/1000
72/72 - 1s - 12ms/step - loss: 0.0083 - val_loss: 0.0117
Epoch 304/1000
72/72 - 1s - 17ms/step - loss: 0.0083 - val_loss: 0.0077
Epoch 305/1000
72/72 - 1s - 11ms/step - loss: 0.0084 - val_loss: 0.0096
Epoch 306/1000
72/72 - 1s - 10ms/step - loss: 0.0089 - val_loss: 0.0104
Epoch 307/1000
72/72 - 1s - 11ms/step - loss: 0.0089 - val_loss: 0.0104
Epoch 308/1000
72/72 - 1s - 11ms/step - loss: 0.0089 - val_loss: 0.0101
Epoch 309/1000
72/72 - 1s - 11ms/step - loss: 0.0090 - val_loss: 0.0086
Epoch 310/1000
72/72 - 1s - 14ms/step - loss: 0.0086 - val_loss: 0.0080
Epoch 311/1000
72/72 - 1s - 11ms/step - loss: 0.0084 - val_loss: 0.0083
Epoch 312/1000
72/72 - 1s - 11ms/step - loss: 0.0085 - val_loss: 0.0111
Epoch 313/1000
72/72 - 1s - 11ms/step - loss: 0.0089 - val_loss: 0.0113
Epoch 314/1000
72/72 - 1s - 10ms/step - loss: 0.0096 - val_loss: 0.0107
Epoch 315/1000
72/72 - 1s - 11ms/step - loss: 0.0083 - val_loss: 0.0095
Epoch 316/1000
72/72 - 1s - 20ms/step - loss: 0.0082 - val_loss: 0.0095
Epoch 317/1000
72/72 - 1s - 18ms/step - loss: 0.0081 - val_loss: 0.0104
Epoch 318/1000
72/72 - 1s - 12ms/step - loss: 0.0082 - val_loss: 0.0076
Epoch 319/1000
72/72 - 1s - 13ms/step - loss: 0.0086 - val_loss: 0.0111
Epoch 320/1000
72/72 - 1s - 15ms/step - loss: 0.0083 - val_loss: 0.0110
Epoch 321/1000
72/72 - 1s - 14ms/step - loss: 0.0082 - val_loss: 0.0103
Epoch 322/1000
72/72 - 1s - 13ms/step - loss: 0.0083 - val_loss: 0.0084
Epoch 323/1000
72/72 - 1s - 14ms/step - loss: 0.0087 - val_loss: 0.0092
Epoch 324/1000
72/72 - 1s - 13ms/step - loss: 0.0084 - val_loss: 0.0096
Epoch 325/1000
72/72 - 1s - 17ms/step - loss: 0.0083 - val_loss: 0.0101
Epoch 326/1000
72/72 - 1s - 15ms/step - loss: 0.0087 - val_loss: 0.0088
Epoch 327/1000
72/72 - 1s - 15ms/step - loss: 0.0085 - val_loss: 0.0127
Epoch 328/1000
72/72 - 1s - 14ms/step - loss: 0.0091 - val_loss: 0.0120
Epoch 329/1000
72/72 - 1s - 13ms/step - loss: 0.0081 - val_loss: 0.0094
Epoch 330/1000
72/72 - 1s - 14ms/step - loss: 0.0084 - val_loss: 0.0089
Epoch 331/1000
72/72 - 1s - 14ms/step - loss: 0.0086 - val_loss: 0.0096
Epoch 332/1000
72/72 - 1s - 11ms/step - loss: 0.0082 - val_loss: 0.0088
Epoch 333/1000
72/72 - 1s - 11ms/step - loss: 0.0077 - val_loss: 0.0082
Epoch 334/1000
72/72 - 1s - 11ms/step - loss: 0.0076 - val_loss: 0.0097
Epoch 335/1000
72/72 - 1s - 13ms/step - loss: 0.0083 - val_loss: 0.0124
Epoch 336/1000
72/72 - 1s - 13ms/step - loss: 0.0084 - val_loss: 0.0104
Epoch 337/1000
72/72 - 1s - 14ms/step - loss: 0.0088 - val_loss: 0.0118
Epoch 338/1000
72/72 - 1s - 14ms/step - loss: 0.0079 - val_loss: 0.0103
Epoch 339/1000
72/72 - 1s - 10ms/step - loss: 0.0084 - val_loss: 0.0085
Epoch 340/1000
72/72 - 2s - 22ms/step - loss: 0.0087 - val_loss: 0.0113
Epoch 341/1000
72/72 - 1s - 16ms/step - loss: 0.0090 - val_loss: 0.0115
Epoch 342/1000
72/72 - 1s - 11ms/step - loss: 0.0087 - val_loss: 0.0120
Epoch 343/1000
72/72 - 1s - 11ms/step - loss: 0.0082 - val_loss: 0.0084
Epoch 344/1000
72/72 - 1s - 9ms/step - loss: 0.0084 - val_loss: 0.0098
Epoch 345/1000
72/72 - 1s - 21ms/step - loss: 0.0081 - val_loss: 0.0103
Epoch 346/1000
72/72 - 1s - 14ms/step - loss: 0.0084 - val_loss: 0.0106
Epoch 347/1000
72/72 - 1s - 11ms/step - loss: 0.0088 - val_loss: 0.0086
Epoch 348/1000
72/72 - 1s - 14ms/step - loss: 0.0083 - val_loss: 0.0103
Epoch 349/1000
72/72 - 1s - 12ms/step - loss: 0.0089 - val_loss: 0.0107
Epoch 350/1000
72/72 - 1s - 15ms/step - loss: 0.0084 - val_loss: 0.0111
Epoch 351/1000
72/72 - 1s - 13ms/step - loss: 0.0079 - val_loss: 0.0099
Epoch 352/1000
72/72 - 1s - 14ms/step - loss: 0.0083 - val_loss: 0.0108
Epoch 353/1000
72/72 - 1s - 12ms/step - loss: 0.0082 - val_loss: 0.0095
Epoch 354/1000
72/72 - 1s - 14ms/step - loss: 0.0081 - val_loss: 0.0087
Epoch 355/1000
72/72 - 1s - 16ms/step - loss: 0.0087 - val_loss: 0.0110
Epoch 356/1000
72/72 - 1s - 18ms/step - loss: 0.0080 - val_loss: 0.0091
Epoch 357/1000
72/72 - 1s - 16ms/step - loss: 0.0082 - val_loss: 0.0096
Epoch 358/1000
72/72 - 1s - 14ms/step - loss: 0.0081 - val_loss: 0.0100
Epoch 359/1000
72/72 - 1s - 13ms/step - loss: 0.0078 - val_loss: 0.0084
Epoch 360/1000
72/72 - 1s - 17ms/step - loss: 0.0086 - val_loss: 0.0079
Epoch 361/1000
72/72 - 1s - 13ms/step - loss: 0.0079 - val_loss: 0.0104
Epoch 362/1000
72/72 - 1s - 11ms/step - loss: 0.0085 - val_loss: 0.0096
Epoch 363/1000
72/72 - 1s - 12ms/step - loss: 0.0083 - val_loss: 0.0098
Epoch 364/1000
72/72 - 1s - 11ms/step - loss: 0.0081 - val_loss: 0.0095
Epoch 365/1000
72/72 - 1s - 12ms/step - loss: 0.0086 - val_loss: 0.0102
Epoch 366/1000
72/72 - 1s - 11ms/step - loss: 0.0080 - val_loss: 0.0107
Epoch 367/1000
72/72 - 1s - 12ms/step - loss: 0.0086 - val_loss: 0.0100
Epoch 368/1000
72/72 - 1s - 11ms/step - loss: 0.0083 - val_loss: 0.0081
Epoch 369/1000
72/72 - 1s - 12ms/step - loss: 0.0085 - val_loss: 0.0098
Epoch 370/1000
72/72 - 1s - 11ms/step - loss: 0.0080 - val_loss: 0.0095
Epoch 371/1000
72/72 - 1s - 12ms/step - loss: 0.0085 - val_loss: 0.0083
Epoch 372/1000
72/72 - 1s - 12ms/step - loss: 0.0081 - val_loss: 0.0087
Epoch 373/1000
72/72 - 1s - 12ms/step - loss: 0.0089 - val_loss: 0.0103
Epoch 374/1000
72/72 - 1s - 12ms/step - loss: 0.0082 - val_loss: 0.0121
Epoch 375/1000
72/72 - 1s - 11ms/step - loss: 0.0085 - val_loss: 0.0094
Epoch 376/1000
72/72 - 1s - 10ms/step - loss: 0.0077 - val_loss: 0.0098
Epoch 377/1000
72/72 - 1s - 10ms/step - loss: 0.0080 - val_loss: 0.0083
Epoch 378/1000
72/72 - 1s - 10ms/step - loss: 0.0082 - val_loss: 0.0094
Epoch 379/1000
72/72 - 1s - 11ms/step - loss: 0.0086 - val_loss: 0.0110
Epoch 380/1000
72/72 - 1s - 13ms/step - loss: 0.0081 - val_loss: 0.0096
Epoch 381/1000
72/72 - 1s - 12ms/step - loss: 0.0084 - val_loss: 0.0096
Epoch 382/1000
72/72 - 1s - 12ms/step - loss: 0.0083 - val_loss: 0.0099
Epoch 383/1000
72/72 - 1s - 11ms/step - loss: 0.0085 - val_loss: 0.0088
Epoch 384/1000
72/72 - 1s - 20ms/step - loss: 0.0085 - val_loss: 0.0084
Epoch 385/1000
72/72 - 1s - 12ms/step - loss: 0.0085 - val_loss: 0.0089
Epoch 386/1000
72/72 - 1s - 13ms/step - loss: 0.0083 - val_loss: 0.0092
Epoch 387/1000
72/72 - 1s - 13ms/step - loss: 0.0081 - val_loss: 0.0091
Epoch 388/1000
72/72 - 1s - 15ms/step - loss: 0.0083 - val_loss: 0.0097
Epoch 389/1000
72/72 - 1s - 15ms/step - loss: 0.0085 - val_loss: 0.0084
Epoch 390/1000
72/72 - 1s - 18ms/step - loss: 0.0079 - val_loss: 0.0074
Epoch 391/1000
72/72 - 1s - 12ms/step - loss: 0.0076 - val_loss: 0.0075
Epoch 392/1000
72/72 - 1s - 13ms/step - loss: 0.0076 - val_loss: 0.0082
Epoch 393/1000
72/72 - 1s - 14ms/step - loss: 0.0083 - val_loss: 0.0090
Epoch 394/1000
72/72 - 1s - 11ms/step - loss: 0.0082 - val_loss: 0.0098
Epoch 395/1000
72/72 - 1s - 12ms/step - loss: 0.0089 - val_loss: 0.0102
Epoch 396/1000
72/72 - 1s - 12ms/step - loss: 0.0084 - val_loss: 0.0095
Epoch 397/1000
72/72 - 1s - 10ms/step - loss: 0.0085 - val_loss: 0.0095
Epoch 398/1000
72/72 - 1s - 13ms/step - loss: 0.0081 - val_loss: 0.0112
Epoch 399/1000
72/72 - 1s - 16ms/step - loss: 0.0082 - val_loss: 0.0110
Epoch 400/1000
72/72 - 1s - 16ms/step - loss: 0.0082 - val_loss: 0.0116
Epoch 401/1000
72/72 - 1s - 12ms/step - loss: 0.0079 - val_loss: 0.0114
Epoch 402/1000
72/72 - 1s - 15ms/step - loss: 0.0081 - val_loss: 0.0092
Epoch 403/1000
72/72 - 1s - 11ms/step - loss: 0.0076 - val_loss: 0.0097
Epoch 404/1000
72/72 - 2s - 24ms/step - loss: 0.0081 - val_loss: 0.0093
Epoch 405/1000
72/72 - 1s - 14ms/step - loss: 0.0083 - val_loss: 0.0111
Epoch 406/1000
72/72 - 1s - 12ms/step - loss: 0.0083 - val_loss: 0.0095
Epoch 407/1000
72/72 - 1s - 10ms/step - loss: 0.0082 - val_loss: 0.0093
Epoch 408/1000
72/72 - 1s - 12ms/step - loss: 0.0084 - val_loss: 0.0084
Epoch 409/1000
72/72 - 1s - 11ms/step - loss: 0.0079 - val_loss: 0.0103
Epoch 410/1000
72/72 - 1s - 15ms/step - loss: 0.0079 - val_loss: 0.0100
Epoch 411/1000
72/72 - 1s - 15ms/step - loss: 0.0077 - val_loss: 0.0105
Epoch 412/1000
72/72 - 1s - 14ms/step - loss: 0.0078 - val_loss: 0.0094
Epoch 413/1000
72/72 - 1s - 16ms/step - loss: 0.0076 - val_loss: 0.0130
Epoch 414/1000
72/72 - 1s - 15ms/step - loss: 0.0081 - val_loss: 0.0105
Epoch 415/1000
72/72 - 1s - 16ms/step - loss: 0.0088 - val_loss: 0.0091
Epoch 416/1000
72/72 - 1s - 14ms/step - loss: 0.0081 - val_loss: 0.0082
Epoch 417/1000
72/72 - 1s - 16ms/step - loss: 0.0081 - val_loss: 0.0094
Epoch 418/1000
72/72 - 1s - 14ms/step - loss: 0.0080 - val_loss: 0.0083
Epoch 419/1000
72/72 - 1s - 17ms/step - loss: 0.0081 - val_loss: 0.0082
Epoch 420/1000
72/72 - 1s - 14ms/step - loss: 0.0080 - val_loss: 0.0068
Epoch 421/1000
72/72 - 1s - 16ms/step - loss: 0.0081 - val_loss: 0.0080
Epoch 422/1000
72/72 - 1s - 15ms/step - loss: 0.0078 - val_loss: 0.0096
Epoch 423/1000
72/72 - 1s - 14ms/step - loss: 0.0074 - val_loss: 0.0118
Epoch 424/1000
72/72 - 1s - 12ms/step - loss: 0.0082 - val_loss: 0.0090
Epoch 425/1000
72/72 - 1s - 11ms/step - loss: 0.0078 - val_loss: 0.0108
Epoch 426/1000
72/72 - 1s - 11ms/step - loss: 0.0075 - val_loss: 0.0090
Epoch 427/1000
72/72 - 1s - 18ms/step - loss: 0.0082 - val_loss: 0.0088
Epoch 428/1000
72/72 - 1s - 12ms/step - loss: 0.0081 - val_loss: 0.0089
Epoch 429/1000
72/72 - 1s - 14ms/step - loss: 0.0080 - val_loss: 0.0100
Epoch 430/1000
72/72 - 1s - 12ms/step - loss: 0.0081 - val_loss: 0.0100
Epoch 431/1000
72/72 - 1s - 12ms/step - loss: 0.0084 - val_loss: 0.0092
Epoch 432/1000
72/72 - 1s - 9ms/step - loss: 0.0084 - val_loss: 0.0083
Epoch 433/1000
72/72 - 1s - 10ms/step - loss: 0.0078 - val_loss: 0.0097
Epoch 434/1000
72/72 - 1s - 12ms/step - loss: 0.0078 - val_loss: 0.0093
Epoch 435/1000
72/72 - 1s - 15ms/step - loss: 0.0076 - val_loss: 0.0091
Epoch 436/1000
72/72 - 1s - 13ms/step - loss: 0.0079 - val_loss: 0.0083
Epoch 437/1000
72/72 - 1s - 13ms/step - loss: 0.0085 - val_loss: 0.0099
Epoch 438/1000
72/72 - 1s - 11ms/step - loss: 0.0079 - val_loss: 0.0129
Epoch 439/1000
72/72 - 1s - 19ms/step - loss: 0.0084 - val_loss: 0.0095
Epoch 440/1000
72/72 - 1s - 14ms/step - loss: 0.0074 - val_loss: 0.0097
Epoch 441/1000
72/72 - 1s - 19ms/step - loss: 0.0082 - val_loss: 0.0080
Epoch 442/1000
72/72 - 1s - 18ms/step - loss: 0.0079 - val_loss: 0.0080
Epoch 443/1000
72/72 - 1s - 15ms/step - loss: 0.0085 - val_loss: 0.0071
Epoch 444/1000
72/72 - 1s - 17ms/step - loss: 0.0077 - val_loss: 0.0076
Epoch 445/1000
72/72 - 1s - 16ms/step - loss: 0.0078 - val_loss: 0.0098
Epoch 446/1000
72/72 - 1s - 16ms/step - loss: 0.0079 - val_loss: 0.0088
Epoch 447/1000
72/72 - 1s - 17ms/step - loss: 0.0078 - val_loss: 0.0086
Epoch 448/1000
72/72 - 1s - 19ms/step - loss: 0.0076 - val_loss: 0.0093
Epoch 449/1000
72/72 - 1s - 19ms/step - loss: 0.0079 - val_loss: 0.0095
Epoch 450/1000
72/72 - 1s - 15ms/step - loss: 0.0077 - val_loss: 0.0099
Epoch 451/1000
72/72 - 1s - 19ms/step - loss: 0.0081 - val_loss: 0.0098
Epoch 452/1000
72/72 - 1s - 13ms/step - loss: 0.0076 - val_loss: 0.0077
Epoch 453/1000
72/72 - 1s - 15ms/step - loss: 0.0081 - val_loss: 0.0083
Epoch 454/1000
72/72 - 1s - 11ms/step - loss: 0.0078 - val_loss: 0.0092
Epoch 455/1000
72/72 - 1s - 10ms/step - loss: 0.0085 - val_loss: 0.0082
Epoch 456/1000
72/72 - 1s - 10ms/step - loss: 0.0075 - val_loss: 0.0102
Epoch 457/1000
72/72 - 1s - 12ms/step - loss: 0.0075 - val_loss: 0.0087
Epoch 458/1000
72/72 - 1s - 13ms/step - loss: 0.0076 - val_loss: 0.0079
Epoch 459/1000
72/72 - 1s - 15ms/step - loss: 0.0081 - val_loss: 0.0092
Epoch 460/1000
72/72 - 1s - 12ms/step - loss: 0.0074 - val_loss: 0.0077
Epoch 461/1000
72/72 - 1s - 10ms/step - loss: 0.0081 - val_loss: 0.0099
Epoch 462/1000
72/72 - 1s - 12ms/step - loss: 0.0082 - val_loss: 0.0087
Epoch 463/1000
72/72 - 1s - 13ms/step - loss: 0.0081 - val_loss: 0.0100
Epoch 464/1000
72/72 - 1s - 15ms/step - loss: 0.0081 - val_loss: 0.0114
Epoch 465/1000
72/72 - 1s - 12ms/step - loss: 0.0075 - val_loss: 0.0088
Epoch 466/1000
72/72 - 1s - 11ms/step - loss: 0.0085 - val_loss: 0.0097
Epoch 467/1000
72/72 - 1s - 11ms/step - loss: 0.0081 - val_loss: 0.0080
Epoch 468/1000
72/72 - 1s - 14ms/step - loss: 0.0080 - val_loss: 0.0095
Epoch 469/1000
72/72 - 1s - 12ms/step - loss: 0.0085 - val_loss: 0.0093
Epoch 470/1000
72/72 - 1s - 13ms/step - loss: 0.0079 - val_loss: 0.0089
Epoch 471/1000
72/72 - 1s - 15ms/step - loss: 0.0086 - val_loss: 0.0094
Epoch 472/1000
72/72 - 1s - 16ms/step - loss: 0.0075 - val_loss: 0.0110
Epoch 473/1000
72/72 - 1s - 14ms/step - loss: 0.0080 - val_loss: 0.0116
Epoch 474/1000
72/72 - 1s - 15ms/step - loss: 0.0076 - val_loss: 0.0096
Epoch 475/1000
72/72 - 1s - 17ms/step - loss: 0.0080 - val_loss: 0.0092
Epoch 476/1000
72/72 - 1s - 19ms/step - loss: 0.0081 - val_loss: 0.0087
Epoch 477/1000
72/72 - 1s - 20ms/step - loss: 0.0080 - val_loss: 0.0099
Epoch 478/1000
72/72 - 1s - 17ms/step - loss: 0.0079 - val_loss: 0.0078
Epoch 479/1000
72/72 - 1s - 18ms/step - loss: 0.0076 - val_loss: 0.0093
Epoch 480/1000
72/72 - 1s - 12ms/step - loss: 0.0078 - val_loss: 0.0094
Epoch 481/1000
72/72 - 2s - 22ms/step - loss: 0.0080 - val_loss: 0.0083
Epoch 482/1000
72/72 - 1s - 13ms/step - loss: 0.0078 - val_loss: 0.0094
Epoch 483/1000
72/72 - 1s - 12ms/step - loss: 0.0076 - val_loss: 0.0084
Epoch 484/1000
72/72 - 1s - 12ms/step - loss: 0.0078 - val_loss: 0.0094
Epoch 485/1000
72/72 - 1s - 12ms/step - loss: 0.0076 - val_loss: 0.0083
Epoch 486/1000
72/72 - 1s - 13ms/step - loss: 0.0085 - val_loss: 0.0095
Epoch 487/1000
72/72 - 1s - 13ms/step - loss: 0.0080 - val_loss: 0.0094
Epoch 488/1000
72/72 - 1s - 13ms/step - loss: 0.0077 - val_loss: 0.0078
Epoch 489/1000
72/72 - 1s - 12ms/step - loss: 0.0077 - val_loss: 0.0082
Epoch 490/1000
72/72 - 1s - 16ms/step - loss: 0.0076 - val_loss: 0.0084
Epoch 491/1000
72/72 - 1s - 15ms/step - loss: 0.0079 - val_loss: 0.0085
Epoch 492/1000
72/72 - 1s - 13ms/step - loss: 0.0078 - val_loss: 0.0079
Epoch 493/1000
72/72 - 1s - 14ms/step - loss: 0.0078 - val_loss: 0.0086
Epoch 494/1000
72/72 - 1s - 12ms/step - loss: 0.0082 - val_loss: 0.0090
Epoch 495/1000
72/72 - 1s - 10ms/step - loss: 0.0075 - val_loss: 0.0103
Epoch 496/1000
72/72 - 1s - 11ms/step - loss: 0.0076 - val_loss: 0.0093
Epoch 497/1000
72/72 - 1s - 13ms/step - loss: 0.0075 - val_loss: 0.0089
Epoch 498/1000
72/72 - 1s - 12ms/step - loss: 0.0078 - val_loss: 0.0100
Epoch 499/1000
72/72 - 1s - 17ms/step - loss: 0.0081 - val_loss: 0.0093
Epoch 500/1000
72/72 - 1s - 16ms/step - loss: 0.0077 - val_loss: 0.0091
Epoch 501/1000
72/72 - 1s - 15ms/step - loss: 0.0076 - val_loss: 0.0080
Epoch 502/1000
72/72 - 1s - 14ms/step - loss: 0.0082 - val_loss: 0.0075
Epoch 503/1000
72/72 - 1s - 15ms/step - loss: 0.0081 - val_loss: 0.0098
Epoch 504/1000
72/72 - 1s - 15ms/step - loss: 0.0076 - val_loss: 0.0079
Epoch 505/1000
72/72 - 1s - 17ms/step - loss: 0.0075 - val_loss: 0.0098
Epoch 506/1000
72/72 - 1s - 14ms/step - loss: 0.0076 - val_loss: 0.0107
Epoch 507/1000
72/72 - 1s - 20ms/step - loss: 0.0079 - val_loss: 0.0117
Epoch 508/1000
72/72 - 1s - 18ms/step - loss: 0.0074 - val_loss: 0.0084
Epoch 509/1000
72/72 - 1s - 18ms/step - loss: 0.0078 - val_loss: 0.0091
Epoch 510/1000
72/72 - 1s - 18ms/step - loss: 0.0074 - val_loss: 0.0081
Epoch 511/1000
72/72 - 1s - 18ms/step - loss: 0.0076 - val_loss: 0.0072
Epoch 512/1000
72/72 - 1s - 14ms/step - loss: 0.0078 - val_loss: 0.0079
Epoch 513/1000
72/72 - 1s - 12ms/step - loss: 0.0079 - val_loss: 0.0074
Epoch 514/1000
72/72 - 1s - 12ms/step - loss: 0.0074 - val_loss: 0.0087
Epoch 515/1000
72/72 - 1s - 12ms/step - loss: 0.0079 - val_loss: 0.0079
Epoch 516/1000
72/72 - 1s - 12ms/step - loss: 0.0074 - val_loss: 0.0073
Epoch 517/1000
72/72 - 1s - 14ms/step - loss: 0.0076 - val_loss: 0.0092
Epoch 518/1000
72/72 - 1s - 14ms/step - loss: 0.0077 - val_loss: 0.0095
Epoch 519/1000
72/72 - 1s - 10ms/step - loss: 0.0077 - val_loss: 0.0076
Epoch 520/1000
72/72 - 1s - 12ms/step - loss: 0.0080 - val_loss: 0.0095
Epoch 521/1000
72/72 - 1s - 15ms/step - loss: 0.0078 - val_loss: 0.0092
Epoch 522/1000
72/72 - 1s - 15ms/step - loss: 0.0079 - val_loss: 0.0083
Epoch 523/1000
72/72 - 1s - 12ms/step - loss: 0.0071 - val_loss: 0.0088
Epoch 524/1000
72/72 - 1s - 16ms/step - loss: 0.0077 - val_loss: 0.0085
Epoch 525/1000
72/72 - 1s - 13ms/step - loss: 0.0077 - val_loss: 0.0090
Epoch 526/1000
72/72 - 1s - 16ms/step - loss: 0.0076 - val_loss: 0.0101
Epoch 527/1000
72/72 - 1s - 15ms/step - loss: 0.0077 - val_loss: 0.0078
Epoch 528/1000
72/72 - 1s - 16ms/step - loss: 0.0075 - val_loss: 0.0092
Epoch 529/1000
72/72 - 1s - 16ms/step - loss: 0.0074 - val_loss: 0.0086
Epoch 530/1000
72/72 - 1s - 16ms/step - loss: 0.0077 - val_loss: 0.0109
Epoch 531/1000
72/72 - 1s - 14ms/step - loss: 0.0081 - val_loss: 0.0073
Epoch 532/1000
72/72 - 1s - 17ms/step - loss: 0.0079 - val_loss: 0.0099
Epoch 533/1000
72/72 - 1s - 14ms/step - loss: 0.0075 - val_loss: 0.0104
Epoch 534/1000
72/72 - 1s - 20ms/step - loss: 0.0074 - val_loss: 0.0105
Epoch 535/1000
72/72 - 1s - 14ms/step - loss: 0.0075 - val_loss: 0.0077
Epoch 536/1000
72/72 - 1s - 13ms/step - loss: 0.0076 - val_loss: 0.0096
Epoch 537/1000
72/72 - 1s - 18ms/step - loss: 0.0078 - val_loss: 0.0122
Epoch 538/1000
72/72 - 1s - 16ms/step - loss: 0.0073 - val_loss: 0.0102
Epoch 539/1000
72/72 - 1s - 16ms/step - loss: 0.0073 - val_loss: 0.0094
Epoch 540/1000
72/72 - 1s - 17ms/step - loss: 0.0081 - val_loss: 0.0079
Epoch 541/1000
72/72 - 1s - 12ms/step - loss: 0.0078 - val_loss: 0.0092
Epoch 542/1000
72/72 - 1s - 11ms/step - loss: 0.0076 - val_loss: 0.0088
Epoch 543/1000
72/72 - 1s - 11ms/step - loss: 0.0078 - val_loss: 0.0071
Epoch 544/1000
72/72 - 1s - 13ms/step - loss: 0.0072 - val_loss: 0.0074
Epoch 545/1000
72/72 - 1s - 15ms/step - loss: 0.0080 - val_loss: 0.0081
Epoch 546/1000
72/72 - 1s - 14ms/step - loss: 0.0074 - val_loss: 0.0086
Epoch 547/1000
72/72 - 1s - 18ms/step - loss: 0.0078 - val_loss: 0.0083
Epoch 548/1000
72/72 - 1s - 13ms/step - loss: 0.0075 - val_loss: 0.0086
Epoch 549/1000
72/72 - 1s - 16ms/step - loss: 0.0077 - val_loss: 0.0082
Epoch 550/1000
72/72 - 1s - 16ms/step - loss: 0.0076 - val_loss: 0.0088
Epoch 551/1000
72/72 - 1s - 13ms/step - loss: 0.0077 - val_loss: 0.0084
Epoch 552/1000
72/72 - 1s - 11ms/step - loss: 0.0079 - val_loss: 0.0106
Epoch 553/1000
72/72 - 1s - 11ms/step - loss: 0.0078 - val_loss: 0.0083
Epoch 554/1000
72/72 - 1s - 14ms/step - loss: 0.0077 - val_loss: 0.0076
Epoch 555/1000
72/72 - 1s - 15ms/step - loss: 0.0077 - val_loss: 0.0071
Epoch 556/1000
72/72 - 1s - 16ms/step - loss: 0.0082 - val_loss: 0.0082
Epoch 557/1000
72/72 - 1s - 18ms/step - loss: 0.0074 - val_loss: 0.0082
Epoch 558/1000
72/72 - 1s - 14ms/step - loss: 0.0082 - val_loss: 0.0098
Epoch 559/1000
72/72 - 1s - 13ms/step - loss: 0.0078 - val_loss: 0.0089
Epoch 560/1000
72/72 - 1s - 20ms/step - loss: 0.0079 - val_loss: 0.0097
Epoch 561/1000
72/72 - 1s - 17ms/step - loss: 0.0080 - val_loss: 0.0090
Epoch 562/1000
72/72 - 1s - 17ms/step - loss: 0.0076 - val_loss: 0.0084
Epoch 563/1000
72/72 - 1s - 16ms/step - loss: 0.0077 - val_loss: 0.0070
Epoch 564/1000
72/72 - 1s - 16ms/step - loss: 0.0079 - val_loss: 0.0086
Epoch 565/1000
72/72 - 1s - 16ms/step - loss: 0.0074 - val_loss: 0.0067
Epoch 566/1000
72/72 - 1s - 17ms/step - loss: 0.0072 - val_loss: 0.0091
Epoch 567/1000
72/72 - 1s - 16ms/step - loss: 0.0077 - val_loss: 0.0081
Epoch 568/1000
72/72 - 1s - 13ms/step - loss: 0.0070 - val_loss: 0.0075
Epoch 569/1000
72/72 - 1s - 13ms/step - loss: 0.0080 - val_loss: 0.0080
Epoch 570/1000
72/72 - 1s - 11ms/step - loss: 0.0076 - val_loss: 0.0080
Epoch 571/1000
72/72 - 1s - 11ms/step - loss: 0.0072 - val_loss: 0.0096
Epoch 572/1000
72/72 - 1s - 14ms/step - loss: 0.0078 - val_loss: 0.0084
Epoch 573/1000
72/72 - 1s - 13ms/step - loss: 0.0077 - val_loss: 0.0084
Epoch 574/1000
72/72 - 1s - 12ms/step - loss: 0.0074 - val_loss: 0.0078
Epoch 575/1000
72/72 - 1s - 13ms/step - loss: 0.0078 - val_loss: 0.0075
Epoch 576/1000
72/72 - 1s - 9ms/step - loss: 0.0076 - val_loss: 0.0080
Epoch 577/1000
72/72 - 1s - 10ms/step - loss: 0.0077 - val_loss: 0.0086
Epoch 578/1000
72/72 - 1s - 15ms/step - loss: 0.0075 - val_loss: 0.0068
Epoch 579/1000
72/72 - 1s - 16ms/step - loss: 0.0074 - val_loss: 0.0092
Epoch 580/1000
72/72 - 1s - 11ms/step - loss: 0.0075 - val_loss: 0.0075
Epoch 581/1000
72/72 - 1s - 11ms/step - loss: 0.0075 - val_loss: 0.0079
Epoch 582/1000
72/72 - 1s - 11ms/step - loss: 0.0073 - val_loss: 0.0087
Epoch 583/1000
72/72 - 1s - 12ms/step - loss: 0.0070 - val_loss: 0.0070
Epoch 584/1000
72/72 - 1s - 14ms/step - loss: 0.0076 - val_loss: 0.0078
Epoch 585/1000
72/72 - 1s - 12ms/step - loss: 0.0073 - val_loss: 0.0097
Epoch 586/1000
72/72 - 1s - 17ms/step - loss: 0.0073 - val_loss: 0.0084
Epoch 587/1000
72/72 - 1s - 15ms/step - loss: 0.0074 - val_loss: 0.0076
Epoch 588/1000
72/72 - 1s - 16ms/step - loss: 0.0077 - val_loss: 0.0087
Epoch 589/1000
72/72 - 1s - 13ms/step - loss: 0.0079 - val_loss: 0.0085
Epoch 590/1000
72/72 - 1s - 13ms/step - loss: 0.0080 - val_loss: 0.0078
Epoch 591/1000
72/72 - 1s - 15ms/step - loss: 0.0077 - val_loss: 0.0093
Epoch 592/1000
72/72 - 1s - 18ms/step - loss: 0.0081 - val_loss: 0.0102
Epoch 593/1000
72/72 - 1s - 15ms/step - loss: 0.0072 - val_loss: 0.0080
Epoch 594/1000
72/72 - 1s - 14ms/step - loss: 0.0078 - val_loss: 0.0071
Epoch 595/1000
72/72 - 1s - 17ms/step - loss: 0.0077 - val_loss: 0.0074
Epoch 596/1000
72/72 - 1s - 14ms/step - loss: 0.0076 - val_loss: 0.0080
Epoch 597/1000
72/72 - 1s - 15ms/step - loss: 0.0076 - val_loss: 0.0092
Epoch 598/1000
72/72 - 1s - 17ms/step - loss: 0.0078 - val_loss: 0.0086
Epoch 599/1000
72/72 - 1s - 18ms/step - loss: 0.0072 - val_loss: 0.0076
Epoch 600/1000
72/72 - 1s - 14ms/step - loss: 0.0071 - val_loss: 0.0089
Epoch 601/1000
72/72 - 1s - 11ms/step - loss: 0.0076 - val_loss: 0.0072
Epoch 602/1000
72/72 - 1s - 12ms/step - loss: 0.0075 - val_loss: 0.0095
Epoch 603/1000
72/72 - 1s - 14ms/step - loss: 0.0078 - val_loss: 0.0094
Epoch 604/1000
72/72 - 1s - 13ms/step - loss: 0.0071 - val_loss: 0.0083
Epoch 605/1000
72/72 - 1s - 13ms/step - loss: 0.0081 - val_loss: 0.0089
Epoch 606/1000
72/72 - 1s - 10ms/step - loss: 0.0070 - val_loss: 0.0071
Epoch 607/1000
72/72 - 1s - 11ms/step - loss: 0.0078 - val_loss: 0.0073
Epoch 608/1000
72/72 - 1s - 21ms/step - loss: 0.0074 - val_loss: 0.0091
Epoch 609/1000
72/72 - 1s - 16ms/step - loss: 0.0070 - val_loss: 0.0086
Epoch 610/1000
72/72 - 1s - 13ms/step - loss: 0.0078 - val_loss: 0.0091
Epoch 611/1000
72/72 - 1s - 10ms/step - loss: 0.0074 - val_loss: 0.0086
Epoch 612/1000
72/72 - 1s - 13ms/step - loss: 0.0071 - val_loss: 0.0094
Epoch 613/1000
72/72 - 1s - 13ms/step - loss: 0.0074 - val_loss: 0.0089
Epoch 614/1000
72/72 - 1s - 14ms/step - loss: 0.0073 - val_loss: 0.0077
Epoch 615/1000
72/72 - 1s - 14ms/step - loss: 0.0074 - val_loss: 0.0074
Epoch 616/1000
72/72 - 1s - 16ms/step - loss: 0.0070 - val_loss: 0.0059
Epoch 617/1000
72/72 - 1s - 18ms/step - loss: 0.0076 - val_loss: 0.0079
Epoch 618/1000
72/72 - 1s - 15ms/step - loss: 0.0075 - val_loss: 0.0079
Epoch 619/1000
72/72 - 1s - 16ms/step - loss: 0.0077 - val_loss: 0.0078
Epoch 620/1000
72/72 - 1s - 17ms/step - loss: 0.0074 - val_loss: 0.0083
Epoch 621/1000
72/72 - 1s - 16ms/step - loss: 0.0073 - val_loss: 0.0092
Epoch 622/1000
72/72 - 1s - 13ms/step - loss: 0.0070 - val_loss: 0.0084
Epoch 623/1000
72/72 - 1s - 16ms/step - loss: 0.0072 - val_loss: 0.0087
Epoch 624/1000
72/72 - 1s - 14ms/step - loss: 0.0075 - val_loss: 0.0082
Epoch 625/1000
72/72 - 1s - 17ms/step - loss: 0.0075 - val_loss: 0.0091
Epoch 626/1000
72/72 - 1s - 17ms/step - loss: 0.0076 - val_loss: 0.0090
Epoch 627/1000
72/72 - 1s - 14ms/step - loss: 0.0074 - val_loss: 0.0076
Epoch 628/1000
72/72 - 1s - 13ms/step - loss: 0.0076 - val_loss: 0.0085
Epoch 629/1000
72/72 - 1s - 15ms/step - loss: 0.0075 - val_loss: 0.0069
Epoch 630/1000
72/72 - 1s - 11ms/step - loss: 0.0075 - val_loss: 0.0090
Epoch 631/1000
72/72 - 1s - 12ms/step - loss: 0.0080 - val_loss: 0.0084
Epoch 632/1000
72/72 - 1s - 13ms/step - loss: 0.0072 - val_loss: 0.0071
Epoch 633/1000
72/72 - 1s - 12ms/step - loss: 0.0080 - val_loss: 0.0080
Epoch 634/1000
72/72 - 1s - 12ms/step - loss: 0.0074 - val_loss: 0.0085
Epoch 635/1000
72/72 - 1s - 10ms/step - loss: 0.0069 - val_loss: 0.0076
Epoch 636/1000
72/72 - 1s - 10ms/step - loss: 0.0071 - val_loss: 0.0081
Epoch 637/1000
72/72 - 2s - 22ms/step - loss: 0.0071 - val_loss: 0.0100
Epoch 638/1000
72/72 - 1s - 15ms/step - loss: 0.0077 - val_loss: 0.0067
Epoch 639/1000
72/72 - 1s - 12ms/step - loss: 0.0073 - val_loss: 0.0082
Epoch 640/1000
72/72 - 1s - 11ms/step - loss: 0.0078 - val_loss: 0.0088
Epoch 641/1000
72/72 - 1s - 11ms/step - loss: 0.0074 - val_loss: 0.0104
Epoch 642/1000
72/72 - 1s - 12ms/step - loss: 0.0074 - val_loss: 0.0082
Epoch 643/1000
72/72 - 1s - 13ms/step - loss: 0.0072 - val_loss: 0.0081
Epoch 644/1000
72/72 - 1s - 13ms/step - loss: 0.0073 - val_loss: 0.0084
Epoch 645/1000
72/72 - 1s - 17ms/step - loss: 0.0076 - val_loss: 0.0092
Epoch 646/1000
72/72 - 1s - 16ms/step - loss: 0.0074 - val_loss: 0.0092
Epoch 647/1000
72/72 - 1s - 16ms/step - loss: 0.0076 - val_loss: 0.0095
Epoch 648/1000
72/72 - 1s - 15ms/step - loss: 0.0074 - val_loss: 0.0092
Epoch 649/1000
72/72 - 1s - 17ms/step - loss: 0.0070 - val_loss: 0.0094
Epoch 650/1000
72/72 - 1s - 16ms/step - loss: 0.0073 - val_loss: 0.0083
Epoch 651/1000
72/72 - 1s - 17ms/step - loss: 0.0079 - val_loss: 0.0078
Epoch 652/1000
72/72 - 1s - 19ms/step - loss: 0.0077 - val_loss: 0.0104
Epoch 653/1000
72/72 - 1s - 15ms/step - loss: 0.0072 - val_loss: 0.0104
Epoch 654/1000
72/72 - 1s - 14ms/step - loss: 0.0071 - val_loss: 0.0096
Epoch 655/1000
72/72 - 1s - 14ms/step - loss: 0.0074 - val_loss: 0.0086
Epoch 656/1000
72/72 - 1s - 19ms/step - loss: 0.0076 - val_loss: 0.0086
Epoch 657/1000
72/72 - 1s - 17ms/step - loss: 0.0073 - val_loss: 0.0070
Epoch 658/1000
72/72 - 1s - 16ms/step - loss: 0.0079 - val_loss: 0.0079
Epoch 659/1000
72/72 - 1s - 17ms/step - loss: 0.0070 - val_loss: 0.0073
Epoch 660/1000
72/72 - 1s - 17ms/step - loss: 0.0079 - val_loss: 0.0094
Epoch 661/1000
72/72 - 1s - 18ms/step - loss: 0.0073 - val_loss: 0.0073
Epoch 662/1000
72/72 - 1s - 12ms/step - loss: 0.0074 - val_loss: 0.0068
Epoch 663/1000
72/72 - 1s - 11ms/step - loss: 0.0074 - val_loss: 0.0085
Epoch 664/1000
72/72 - 1s - 11ms/step - loss: 0.0072 - val_loss: 0.0075
Epoch 665/1000
72/72 - 1s - 15ms/step - loss: 0.0072 - val_loss: 0.0082
Epoch 666/1000
72/72 - 1s - 17ms/step - loss: 0.0071 - val_loss: 0.0080
Epoch 667/1000
72/72 - 1s - 18ms/step - loss: 0.0074 - val_loss: 0.0069
Epoch 668/1000
72/72 - 1s - 18ms/step - loss: 0.0074 - val_loss: 0.0076
Epoch 669/1000
72/72 - 1s - 16ms/step - loss: 0.0074 - val_loss: 0.0086
Epoch 670/1000
72/72 - 1s - 13ms/step - loss: 0.0073 - val_loss: 0.0086
Epoch 671/1000
72/72 - 1s - 16ms/step - loss: 0.0077 - val_loss: 0.0077
Epoch 672/1000
72/72 - 1s - 14ms/step - loss: 0.0073 - val_loss: 0.0075
Epoch 673/1000
72/72 - 1s - 16ms/step - loss: 0.0076 - val_loss: 0.0083
Epoch 674/1000
72/72 - 1s - 19ms/step - loss: 0.0076 - val_loss: 0.0075
Epoch 675/1000
72/72 - 1s - 16ms/step - loss: 0.0071 - val_loss: 0.0081
Epoch 676/1000
72/72 - 1s - 18ms/step - loss: 0.0072 - val_loss: 0.0062
Epoch 677/1000
72/72 - 1s - 19ms/step - loss: 0.0077 - val_loss: 0.0082
Epoch 678/1000
72/72 - 1s - 17ms/step - loss: 0.0077 - val_loss: 0.0084
Epoch 679/1000
72/72 - 1s - 17ms/step - loss: 0.0075 - val_loss: 0.0087
Epoch 680/1000
72/72 - 1s - 16ms/step - loss: 0.0076 - val_loss: 0.0094
Epoch 681/1000
72/72 - 1s - 14ms/step - loss: 0.0076 - val_loss: 0.0079
Epoch 682/1000
72/72 - 1s - 15ms/step - loss: 0.0073 - val_loss: 0.0074
Epoch 683/1000
72/72 - 1s - 19ms/step - loss: 0.0077 - val_loss: 0.0081
Epoch 684/1000
72/72 - 1s - 18ms/step - loss: 0.0069 - val_loss: 0.0087
Epoch 685/1000
72/72 - 1s - 18ms/step - loss: 0.0072 - val_loss: 0.0079
Epoch 686/1000
72/72 - 1s - 17ms/step - loss: 0.0074 - val_loss: 0.0066
Epoch 687/1000
72/72 - 1s - 13ms/step - loss: 0.0077 - val_loss: 0.0098
Epoch 688/1000
72/72 - 1s - 15ms/step - loss: 0.0073 - val_loss: 0.0067
Epoch 689/1000
72/72 - 1s - 11ms/step - loss: 0.0070 - val_loss: 0.0066
Epoch 690/1000
72/72 - 1s - 15ms/step - loss: 0.0080 - val_loss: 0.0087
Epoch 691/1000
72/72 - 1s - 14ms/step - loss: 0.0076 - val_loss: 0.0076
Epoch 692/1000
72/72 - 1s - 14ms/step - loss: 0.0077 - val_loss: 0.0087
Epoch 693/1000
72/72 - 1s - 12ms/step - loss: 0.0073 - val_loss: 0.0091
Epoch 694/1000
72/72 - 1s - 12ms/step - loss: 0.0072 - val_loss: 0.0084
Epoch 695/1000
72/72 - 1s - 13ms/step - loss: 0.0071 - val_loss: 0.0064
Epoch 696/1000
72/72 - 1s - 18ms/step - loss: 0.0067 - val_loss: 0.0081
Epoch 697/1000
72/72 - 1s - 14ms/step - loss: 0.0069 - val_loss: 0.0077
Epoch 698/1000
72/72 - 1s - 15ms/step - loss: 0.0069 - val_loss: 0.0079
Epoch 699/1000
72/72 - 1s - 15ms/step - loss: 0.0073 - val_loss: 0.0074
Epoch 700/1000
72/72 - 1s - 18ms/step - loss: 0.0078 - val_loss: 0.0064
Epoch 701/1000
72/72 - 1s - 14ms/step - loss: 0.0069 - val_loss: 0.0065
Epoch 702/1000
72/72 - 1s - 18ms/step - loss: 0.0073 - val_loss: 0.0059
Epoch 703/1000
72/72 - 2s - 31ms/step - loss: 0.0074 - val_loss: 0.0081
Epoch 704/1000
72/72 - 1s - 15ms/step - loss: 0.0073 - val_loss: 0.0067
Epoch 705/1000
72/72 - 1s - 17ms/step - loss: 0.0070 - val_loss: 0.0080
Epoch 706/1000
72/72 - 1s - 16ms/step - loss: 0.0075 - val_loss: 0.0077
Epoch 707/1000
72/72 - 1s - 17ms/step - loss: 0.0068 - val_loss: 0.0097
Epoch 708/1000
72/72 - 1s - 14ms/step - loss: 0.0077 - val_loss: 0.0080
Epoch 709/1000
72/72 - 1s - 14ms/step - loss: 0.0076 - val_loss: 0.0083
Epoch 710/1000
72/72 - 1s - 12ms/step - loss: 0.0080 - val_loss: 0.0076
Epoch 711/1000
72/72 - 1s - 11ms/step - loss: 0.0070 - val_loss: 0.0096
Epoch 712/1000
72/72 - 1s - 11ms/step - loss: 0.0068 - val_loss: 0.0089
Epoch 713/1000
72/72 - 1s - 13ms/step - loss: 0.0076 - val_loss: 0.0080
Epoch 714/1000
72/72 - 1s - 11ms/step - loss: 0.0073 - val_loss: 0.0092
Epoch 715/1000
72/72 - 1s - 13ms/step - loss: 0.0070 - val_loss: 0.0081
Epoch 716/1000
72/72 - 1s - 13ms/step - loss: 0.0068 - val_loss: 0.0074
Epoch 717/1000
72/72 - 1s - 11ms/step - loss: 0.0072 - val_loss: 0.0108
Epoch 718/1000
72/72 - 1s - 10ms/step - loss: 0.0075 - val_loss: 0.0081
Epoch 719/1000
72/72 - 1s - 11ms/step - loss: 0.0069 - val_loss: 0.0069
Epoch 720/1000
72/72 - 1s - 14ms/step - loss: 0.0069 - val_loss: 0.0077
Epoch 721/1000
72/72 - 1s - 16ms/step - loss: 0.0075 - val_loss: 0.0075
Epoch 722/1000
72/72 - 1s - 12ms/step - loss: 0.0068 - val_loss: 0.0062
Epoch 723/1000
72/72 - 1s - 10ms/step - loss: 0.0073 - val_loss: 0.0073
Epoch 724/1000
72/72 - 1s - 20ms/step - loss: 0.0070 - val_loss: 0.0072
Epoch 725/1000
72/72 - 1s - 19ms/step - loss: 0.0076 - val_loss: 0.0078
Epoch 726/1000
72/72 - 2s - 21ms/step - loss: 0.0073 - val_loss: 0.0076
Epoch 727/1000
72/72 - 1s - 19ms/step - loss: 0.0070 - val_loss: 0.0096
Epoch 728/1000
72/72 - 1s - 17ms/step - loss: 0.0070 - val_loss: 0.0078
Epoch 729/1000
72/72 - 1s - 17ms/step - loss: 0.0072 - val_loss: 0.0086
Epoch 730/1000
72/72 - 1s - 16ms/step - loss: 0.0074 - val_loss: 0.0074
Epoch 731/1000
72/72 - 1s - 17ms/step - loss: 0.0072 - val_loss: 0.0076
Epoch 732/1000
72/72 - 1s - 14ms/step - loss: 0.0074 - val_loss: 0.0064
Epoch 733/1000
72/72 - 1s - 15ms/step - loss: 0.0068 - val_loss: 0.0072
Epoch 734/1000
72/72 - 1s - 18ms/step - loss: 0.0075 - val_loss: 0.0075
Epoch 735/1000
72/72 - 1s - 14ms/step - loss: 0.0071 - val_loss: 0.0082
Epoch 736/1000
72/72 - 1s - 14ms/step - loss: 0.0069 - val_loss: 0.0087
Epoch 737/1000
72/72 - 1s - 13ms/step - loss: 0.0073 - val_loss: 0.0081
Epoch 738/1000
72/72 - 1s - 13ms/step - loss: 0.0069 - val_loss: 0.0079
Epoch 739/1000
72/72 - 1s - 13ms/step - loss: 0.0071 - val_loss: 0.0069
Epoch 740/1000
72/72 - 1s - 11ms/step - loss: 0.0068 - val_loss: 0.0082
Epoch 741/1000
72/72 - 1s - 11ms/step - loss: 0.0073 - val_loss: 0.0082
Epoch 742/1000
72/72 - 1s - 11ms/step - loss: 0.0071 - val_loss: 0.0067
Epoch 743/1000
72/72 - 1s - 19ms/step - loss: 0.0073 - val_loss: 0.0071
Epoch 744/1000
72/72 - 1s - 16ms/step - loss: 0.0071 - val_loss: 0.0072
Epoch 745/1000
72/72 - 1s - 11ms/step - loss: 0.0072 - val_loss: 0.0083
Epoch 746/1000
72/72 - 1s - 10ms/step - loss: 0.0071 - val_loss: 0.0091
Epoch 747/1000
72/72 - 2s - 24ms/step - loss: 0.0072 - val_loss: 0.0075
Epoch 748/1000
72/72 - 1s - 14ms/step - loss: 0.0073 - val_loss: 0.0084
Epoch 749/1000
72/72 - 1s - 13ms/step - loss: 0.0071 - val_loss: 0.0083
Epoch 750/1000
72/72 - 1s - 10ms/step - loss: 0.0077 - val_loss: 0.0086
Epoch 751/1000
72/72 - 1s - 10ms/step - loss: 0.0070 - val_loss: 0.0078
Epoch 752/1000
72/72 - 1s - 10ms/step - loss: 0.0068 - val_loss: 0.0076
Epoch 753/1000
72/72 - 1s - 20ms/step - loss: 0.0073 - val_loss: 0.0080
Epoch 754/1000
72/72 - 1s - 13ms/step - loss: 0.0074 - val_loss: 0.0076
Epoch 755/1000
72/72 - 1s - 15ms/step - loss: 0.0068 - val_loss: 0.0073
Epoch 756/1000
72/72 - 1s - 11ms/step - loss: 0.0067 - val_loss: 0.0063
Epoch 757/1000
72/72 - 1s - 12ms/step - loss: 0.0074 - val_loss: 0.0074
Epoch 758/1000
72/72 - 1s - 16ms/step - loss: 0.0070 - val_loss: 0.0074
Epoch 759/1000
72/72 - 1s - 13ms/step - loss: 0.0073 - val_loss: 0.0080
Epoch 760/1000
72/72 - 1s - 15ms/step - loss: 0.0068 - val_loss: 0.0067
Epoch 761/1000
72/72 - 1s - 16ms/step - loss: 0.0067 - val_loss: 0.0065
Epoch 762/1000
72/72 - 1s - 19ms/step - loss: 0.0068 - val_loss: 0.0071
Epoch 763/1000
72/72 - 1s - 19ms/step - loss: 0.0072 - val_loss: 0.0084
Epoch 764/1000
72/72 - 1s - 13ms/step - loss: 0.0072 - val_loss: 0.0084
Epoch 765/1000
72/72 - 1s - 13ms/step - loss: 0.0072 - val_loss: 0.0077
Epoch 766/1000
72/72 - 1s - 14ms/step - loss: 0.0070 - val_loss: 0.0069
Epoch 767/1000
72/72 - 1s - 14ms/step - loss: 0.0071 - val_loss: 0.0067
Epoch 768/1000
72/72 - 1s - 13ms/step - loss: 0.0072 - val_loss: 0.0080
Epoch 769/1000
72/72 - 1s - 12ms/step - loss: 0.0069 - val_loss: 0.0107
Epoch 770/1000
72/72 - 1s - 10ms/step - loss: 0.0068 - val_loss: 0.0077
Epoch 771/1000
72/72 - 1s - 11ms/step - loss: 0.0076 - val_loss: 0.0079
Epoch 772/1000
72/72 - 1s - 11ms/step - loss: 0.0068 - val_loss: 0.0085
Epoch 773/1000
72/72 - 1s - 13ms/step - loss: 0.0068 - val_loss: 0.0080
Epoch 774/1000
72/72 - 1s - 12ms/step - loss: 0.0068 - val_loss: 0.0077
Epoch 775/1000
72/72 - 1s - 13ms/step - loss: 0.0076 - val_loss: 0.0084
Epoch 776/1000
72/72 - 1s - 11ms/step - loss: 0.0069 - val_loss: 0.0086
Epoch 777/1000
72/72 - 1s - 10ms/step - loss: 0.0071 - val_loss: 0.0080
Epoch 778/1000
72/72 - 2s - 33ms/step - loss: 0.0067 - val_loss: 0.0083
Epoch 779/1000
72/72 - 1s - 14ms/step - loss: 0.0071 - val_loss: 0.0061
Epoch 780/1000
72/72 - 1s - 11ms/step - loss: 0.0066 - val_loss: 0.0067
Epoch 781/1000
72/72 - 1s - 11ms/step - loss: 0.0073 - val_loss: 0.0094
Epoch 782/1000
72/72 - 1s - 20ms/step - loss: 0.0072 - val_loss: 0.0073
Epoch 783/1000
72/72 - 1s - 14ms/step - loss: 0.0068 - val_loss: 0.0076
Epoch 784/1000
72/72 - 1s - 16ms/step - loss: 0.0073 - val_loss: 0.0083
Epoch 785/1000
72/72 - 1s - 16ms/step - loss: 0.0068 - val_loss: 0.0085
Epoch 786/1000
72/72 - 1s - 16ms/step - loss: 0.0068 - val_loss: 0.0081
Epoch 787/1000
72/72 - 1s - 15ms/step - loss: 0.0075 - val_loss: 0.0072
Epoch 788/1000
72/72 - 1s - 15ms/step - loss: 0.0073 - val_loss: 0.0092
Epoch 789/1000
72/72 - 1s - 15ms/step - loss: 0.0068 - val_loss: 0.0093
Epoch 790/1000
72/72 - 1s - 17ms/step - loss: 0.0074 - val_loss: 0.0080
Epoch 791/1000
72/72 - 1s - 12ms/step - loss: 0.0074 - val_loss: 0.0086
Epoch 792/1000
72/72 - 1s - 18ms/step - loss: 0.0069 - val_loss: 0.0090
Epoch 793/1000
72/72 - 1s - 16ms/step - loss: 0.0073 - val_loss: 0.0091
Epoch 794/1000
72/72 - 1s - 17ms/step - loss: 0.0068 - val_loss: 0.0080
Epoch 795/1000
72/72 - 1s - 13ms/step - loss: 0.0067 - val_loss: 0.0080
Epoch 796/1000
72/72 - 1s - 16ms/step - loss: 0.0072 - val_loss: 0.0091
Epoch 797/1000
72/72 - 1s - 14ms/step - loss: 0.0068 - val_loss: 0.0086
Epoch 798/1000
72/72 - 1s - 16ms/step - loss: 0.0071 - val_loss: 0.0085
Epoch 799/1000
72/72 - 1s - 11ms/step - loss: 0.0070 - val_loss: 0.0066
Epoch 800/1000
72/72 - 1s - 13ms/step - loss: 0.0070 - val_loss: 0.0091
Epoch 801/1000
72/72 - 1s - 13ms/step - loss: 0.0069 - val_loss: 0.0099
Epoch 802/1000
72/72 - 1s - 18ms/step - loss: 0.0073 - val_loss: 0.0103
Epoch 803/1000
72/72 - 1s - 12ms/step - loss: 0.0075 - val_loss: 0.0077
Epoch 804/1000
72/72 - 1s - 12ms/step - loss: 0.0067 - val_loss: 0.0085
Epoch 805/1000
72/72 - 1s - 14ms/step - loss: 0.0068 - val_loss: 0.0098
Epoch 806/1000
72/72 - 1s - 16ms/step - loss: 0.0074 - val_loss: 0.0095
Epoch 807/1000
72/72 - 1s - 14ms/step - loss: 0.0069 - val_loss: 0.0086
Epoch 808/1000
72/72 - 1s - 12ms/step - loss: 0.0075 - val_loss: 0.0088
Epoch 809/1000
72/72 - 1s - 10ms/step - loss: 0.0066 - val_loss: 0.0107
Epoch 810/1000
72/72 - 1s - 11ms/step - loss: 0.0071 - val_loss: 0.0081
Epoch 811/1000
72/72 - 1s - 14ms/step - loss: 0.0067 - val_loss: 0.0072
Epoch 812/1000
72/72 - 1s - 16ms/step - loss: 0.0074 - val_loss: 0.0071
Epoch 813/1000
72/72 - 1s - 16ms/step - loss: 0.0067 - val_loss: 0.0077
Epoch 814/1000
72/72 - 1s - 16ms/step - loss: 0.0076 - val_loss: 0.0090
Epoch 815/1000
72/72 - 1s - 15ms/step - loss: 0.0071 - val_loss: 0.0086
Epoch 816/1000
72/72 - 1s - 16ms/step - loss: 0.0067 - val_loss: 0.0089
Epoch 817/1000
72/72 - 1s - 14ms/step - loss: 0.0072 - val_loss: 0.0082
Epoch 818/1000
72/72 - 1s - 11ms/step - loss: 0.0070 - val_loss: 0.0073
Epoch 819/1000
72/72 - 2s - 24ms/step - loss: 0.0073 - val_loss: 0.0090
Epoch 820/1000
72/72 - 1s - 15ms/step - loss: 0.0082 - val_loss: 0.0093
Epoch 821/1000
72/72 - 1s - 16ms/step - loss: 0.0070 - val_loss: 0.0096
Epoch 822/1000
72/72 - 1s - 16ms/step - loss: 0.0070 - val_loss: 0.0100
Epoch 823/1000
72/72 - 1s - 17ms/step - loss: 0.0069 - val_loss: 0.0079
Epoch 824/1000
72/72 - 1s - 14ms/step - loss: 0.0065 - val_loss: 0.0068
Epoch 825/1000
72/72 - 1s - 15ms/step - loss: 0.0067 - val_loss: 0.0080
Epoch 826/1000
72/72 - 1s - 10ms/step - loss: 0.0073 - val_loss: 0.0071
Epoch 827/1000
72/72 - 1s - 13ms/step - loss: 0.0073 - val_loss: 0.0078
Epoch 828/1000
72/72 - 1s - 9ms/step - loss: 0.0069 - val_loss: 0.0084
Epoch 829/1000
72/72 - 1s - 11ms/step - loss: 0.0072 - val_loss: 0.0091
Epoch 830/1000
72/72 - 1s - 14ms/step - loss: 0.0074 - val_loss: 0.0070
Epoch 831/1000
72/72 - 1s - 15ms/step - loss: 0.0070 - val_loss: 0.0088
Epoch 832/1000
72/72 - 1s - 13ms/step - loss: 0.0068 - val_loss: 0.0086
Epoch 833/1000
72/72 - 1s - 12ms/step - loss: 0.0071 - val_loss: 0.0079
Epoch 834/1000
72/72 - 1s - 12ms/step - loss: 0.0072 - val_loss: 0.0070
Epoch 835/1000
72/72 - 1s - 12ms/step - loss: 0.0069 - val_loss: 0.0080
Epoch 836/1000
72/72 - 1s - 15ms/step - loss: 0.0069 - val_loss: 0.0089
Epoch 837/1000
72/72 - 1s - 12ms/step - loss: 0.0068 - val_loss: 0.0087
Epoch 838/1000
72/72 - 1s - 11ms/step - loss: 0.0072 - val_loss: 0.0062
Epoch 839/1000
72/72 - 1s - 10ms/step - loss: 0.0072 - val_loss: 0.0070
Epoch 840/1000
72/72 - 1s - 12ms/step - loss: 0.0068 - val_loss: 0.0068
Epoch 841/1000
72/72 - 1s - 14ms/step - loss: 0.0072 - val_loss: 0.0074
Epoch 842/1000
72/72 - 1s - 13ms/step - loss: 0.0072 - val_loss: 0.0090
Epoch 843/1000
72/72 - 1s - 13ms/step - loss: 0.0076 - val_loss: 0.0070
Epoch 844/1000
72/72 - 1s - 15ms/step - loss: 0.0071 - val_loss: 0.0092
Epoch 845/1000
72/72 - 1s - 12ms/step - loss: 0.0078 - val_loss: 0.0072
Epoch 846/1000
72/72 - 1s - 16ms/step - loss: 0.0068 - val_loss: 0.0063
Epoch 847/1000
72/72 - 1s - 15ms/step - loss: 0.0069 - val_loss: 0.0082
Epoch 848/1000
72/72 - 1s - 16ms/step - loss: 0.0071 - val_loss: 0.0081
Epoch 849/1000
72/72 - 1s - 15ms/step - loss: 0.0065 - val_loss: 0.0092
Epoch 850/1000
72/72 - 1s - 16ms/step - loss: 0.0069 - val_loss: 0.0069
Epoch 851/1000
72/72 - 1s - 19ms/step - loss: 0.0071 - val_loss: 0.0066
Epoch 852/1000
72/72 - 1s - 18ms/step - loss: 0.0072 - val_loss: 0.0095
Epoch 853/1000
72/72 - 2s - 30ms/step - loss: 0.0078 - val_loss: 0.0080
Epoch 854/1000
72/72 - 1s - 15ms/step - loss: 0.0074 - val_loss: 0.0089
Epoch 855/1000
72/72 - 1s - 12ms/step - loss: 0.0070 - val_loss: 0.0082
Epoch 856/1000
72/72 - 1s - 12ms/step - loss: 0.0067 - val_loss: 0.0077
Epoch 857/1000
72/72 - 1s - 10ms/step - loss: 0.0069 - val_loss: 0.0071
Epoch 858/1000
72/72 - 1s - 12ms/step - loss: 0.0070 - val_loss: 0.0074
Epoch 859/1000
72/72 - 1s - 11ms/step - loss: 0.0067 - val_loss: 0.0099
Epoch 860/1000
72/72 - 2s - 21ms/step - loss: 0.0068 - val_loss: 0.0090
Epoch 861/1000
72/72 - 1s - 10ms/step - loss: 0.0067 - val_loss: 0.0087
Epoch 862/1000
72/72 - 1s - 11ms/step - loss: 0.0067 - val_loss: 0.0074
Epoch 863/1000
72/72 - 1s - 9ms/step - loss: 0.0065 - val_loss: 0.0080
Epoch 864/1000
72/72 - 1s - 10ms/step - loss: 0.0068 - val_loss: 0.0083
Epoch 865/1000
72/72 - 1s - 11ms/step - loss: 0.0077 - val_loss: 0.0081
Epoch 866/1000
72/72 - 1s - 16ms/step - loss: 0.0067 - val_loss: 0.0094
Epoch 867/1000
72/72 - 1s - 11ms/step - loss: 0.0070 - val_loss: 0.0078
Epoch 868/1000
72/72 - 1s - 13ms/step - loss: 0.0072 - val_loss: 0.0080
Epoch 869/1000
72/72 - 1s - 12ms/step - loss: 0.0070 - val_loss: 0.0099
Epoch 870/1000
72/72 - 1s - 14ms/step - loss: 0.0072 - val_loss: 0.0070
Epoch 871/1000
72/72 - 1s - 18ms/step - loss: 0.0072 - val_loss: 0.0070
Epoch 872/1000
72/72 - 1s - 14ms/step - loss: 0.0067 - val_loss: 0.0069
Epoch 873/1000
72/72 - 1s - 21ms/step - loss: 0.0072 - val_loss: 0.0090
Epoch 874/1000
72/72 - 1s - 16ms/step - loss: 0.0066 - val_loss: 0.0073
Epoch 875/1000
72/72 - 1s - 16ms/step - loss: 0.0070 - val_loss: 0.0096
Epoch 876/1000
72/72 - 1s - 14ms/step - loss: 0.0069 - val_loss: 0.0077
Epoch 877/1000
72/72 - 1s - 13ms/step - loss: 0.0068 - val_loss: 0.0086
Epoch 878/1000
72/72 - 1s - 19ms/step - loss: 0.0073 - val_loss: 0.0082
Epoch 879/1000
72/72 - 1s - 16ms/step - loss: 0.0075 - val_loss: 0.0089
Epoch 880/1000
72/72 - 1s - 16ms/step - loss: 0.0068 - val_loss: 0.0083
Epoch 881/1000
72/72 - 1s - 14ms/step - loss: 0.0071 - val_loss: 0.0086
Epoch 882/1000
72/72 - 1s - 17ms/step - loss: 0.0068 - val_loss: 0.0076
Epoch 883/1000
72/72 - 1s - 13ms/step - loss: 0.0072 - val_loss: 0.0074
Epoch 884/1000
72/72 - 1s - 16ms/step - loss: 0.0067 - val_loss: 0.0070
Epoch 885/1000
72/72 - 1s - 13ms/step - loss: 0.0071 - val_loss: 0.0079
Epoch 886/1000
72/72 - 1s - 10ms/step - loss: 0.0070 - val_loss: 0.0075
Epoch 887/1000
72/72 - 1s - 10ms/step - loss: 0.0070 - val_loss: 0.0079
Epoch 888/1000
72/72 - 1s - 12ms/step - loss: 0.0072 - val_loss: 0.0094
Epoch 889/1000
72/72 - 1s - 13ms/step - loss: 0.0073 - val_loss: 0.0096
Epoch 890/1000
72/72 - 1s - 15ms/step - loss: 0.0070 - val_loss: 0.0091
Epoch 891/1000
