Rank 0: Starting epoch 1/200
Rank 0: Starting epoch 2/200
Rank 0: Starting epoch 3/200
Rank 0: Starting epoch 4/200
Rank 0: Starting epoch 5/200
Rank 0: Starting epoch 6/200
Rank 0: Starting epoch 7/200
Rank 0: Starting epoch 8/200
Rank 0: Starting epoch 9/200
Rank 0: Starting epoch 10/200
Rank 0: Starting epoch 11/200
Rank 0: Starting epoch 12/200
Rank 0: Starting epoch 13/200
Rank 0: Starting epoch 14/200
Rank 0: Starting epoch 15/200
Rank 0: Starting epoch 16/200
Rank 0: Starting epoch 17/200
Rank 0: Starting epoch 18/200
Rank 0: Starting epoch 19/200
Rank 0: Starting epoch 20/200
Rank 0: Starting epoch 21/200
Rank 0: Starting epoch 22/200
Rank 0: Starting epoch 23/200
Rank 0: Starting epoch 24/200
Rank 0: Starting epoch 25/200
Rank 0: Starting epoch 26/200
Rank 0: Starting epoch 27/200
Rank 0: Starting epoch 28/200
Rank 0: Starting epoch 29/200
Rank 0: Starting epoch 30/200
Rank 0: Starting epoch 31/200
Rank 0: Starting epoch 32/200
Rank 0: Starting epoch 33/200
Rank 0: Starting epoch 34/200
Rank 0: Starting epoch 35/200
Rank 0: Starting epoch 36/200
Rank 0: Starting epoch 37/200
Rank 0: Starting epoch 38/200
Rank 0: Starting epoch 39/200
Rank 0: Starting epoch 40/200
Rank 0: Starting epoch 41/200
Rank 0: Starting epoch 42/200
Rank 0: Starting epoch 43/200
Rank 0: Starting epoch 44/200
Rank 0: Starting epoch 45/200
Rank 0: Starting epoch 46/200
Rank 0: Starting epoch 47/200
Rank 0: Starting epoch 48/200
Rank 0: Starting epoch 49/200
Rank 0: Starting epoch 50/200
Rank 0: Starting epoch 51/200
Rank 0: Starting epoch 52/200
Rank 0: Starting epoch 53/200
Rank 0: Starting epoch 54/200
Rank 0: Starting epoch 55/200
Rank 0: Starting epoch 56/200
Rank 0: Starting epoch 57/200
Rank 0: Starting epoch 58/200
Rank 0: Starting epoch 59/200
Rank 0: Starting epoch 60/200
Rank 0: Starting epoch 61/200
Rank 0: Starting epoch 62/200
Rank 0: Starting epoch 63/200
Rank 0: Starting epoch 64/200
Rank 0: Starting epoch 65/200
Rank 0: Starting epoch 66/200
Rank 0: Starting epoch 67/200
Rank 0: Starting epoch 68/200
Rank 0: Starting epoch 69/200
Rank 0: Starting epoch 70/200
Rank 0: Starting epoch 71/200
Rank 0: Starting epoch 72/200
Rank 0: Starting epoch 73/200
Rank 0: Starting epoch 74/200
Rank 0: Starting epoch 75/200
Rank 0: Starting epoch 76/200
Rank 0: Starting epoch 77/200
Rank 0: Starting epoch 78/200
Rank 0: Starting epoch 79/200
Rank 0: Starting epoch 80/200
Rank 0: Starting epoch 81/200
Rank 0: Starting epoch 82/200
Rank 0: Starting epoch 83/200
Rank 0: Starting epoch 84/200
Rank 0: Starting epoch 85/200
Rank 0: Starting epoch 86/200
Rank 0: Starting epoch 87/200
Rank 0: Starting epoch 88/200
Rank 0: Starting epoch 89/200
Rank 0: Starting epoch 90/200
Rank 0: Starting epoch 91/200
Rank 0: Starting epoch 92/200
Rank 0: Starting epoch 93/200
Rank 0: Starting epoch 94/200
Rank 0: Starting epoch 95/200
Rank 0: Starting epoch 96/200
Rank 0: Starting epoch 97/200
Rank 0: Starting epoch 98/200
Rank 0: Starting epoch 99/200
Rank 0: Starting epoch 100/200
Rank 0: Starting epoch 101/200
Rank 0: Starting epoch 102/200
Rank 0: Starting epoch 103/200
Rank 0: Starting epoch 104/200
Rank 0: Starting epoch 105/200
Rank 0: Starting epoch 106/200
Rank 0: Starting epoch 107/200
Rank 0: Starting epoch 108/200
Rank 0: Starting epoch 109/200
Rank 0: Starting epoch 110/200
Rank 0: Starting epoch 111/200
Rank 0: Starting epoch 112/200
Rank 0: Starting epoch 113/200
Rank 0: Starting epoch 114/200
Rank 0: Starting epoch 115/200
Rank 0: Starting epoch 116/200
Rank 0: Starting epoch 117/200
Rank 0: Starting epoch 118/200
Rank 0: Starting epoch 119/200
Rank 0: Starting epoch 120/200
Rank 0: Starting epoch 121/200
Rank 0: Starting epoch 122/200
Rank 0: Starting epoch 123/200
Rank 0: Starting epoch 124/200
Rank 0: Starting epoch 125/200
Rank 0: Starting epoch 126/200
Rank 0: Starting epoch 127/200
Rank 0: Starting epoch 128/200
Rank 0: Starting epoch 129/200
Rank 0: Starting epoch 130/200
Rank 0: Starting epoch 131/200
Rank 0: Starting epoch 132/200
Rank 0: Starting epoch 133/200
Rank 0: Starting epoch 134/200
Rank 0: Starting epoch 135/200
Rank 0: Starting epoch 136/200
Rank 0: Starting epoch 137/200
Rank 0: Starting epoch 138/200
Rank 0: Starting epoch 139/200
Rank 0: Starting epoch 140/200
Rank 0: Starting epoch 141/200
Rank 0: Starting epoch 142/200
Rank 0: Starting epoch 143/200
Rank 0: Starting epoch 144/200
Rank 0: Starting epoch 145/200
Rank 0: Starting epoch 146/200
Rank 0: Starting epoch 147/200
Rank 0: Starting epoch 148/200
Rank 0: Starting epoch 149/200
Rank 0: Starting epoch 150/200
Rank 0: Starting epoch 151/200
Rank 0: Starting epoch 152/200
Rank 0: Starting epoch 153/200
Rank 0: Starting epoch 154/200
Rank 0: Starting epoch 155/200
Rank 0: Starting epoch 156/200
Rank 0: Starting epoch 157/200
Rank 0: Starting epoch 158/200
Rank 0: Starting epoch 159/200
Rank 0: Starting epoch 160/200
Rank 0: Starting epoch 161/200
Rank 0: Starting epoch 162/200
Rank 0: Starting epoch 163/200
Rank 0: Starting epoch 164/200
Rank 0: Starting epoch 165/200
Rank 0: Starting epoch 166/200
Rank 0: Starting epoch 167/200
Rank 0: Starting epoch 168/200
Epoch: 1, Validation Loss: 0.0612499862909317
Epoch: 2, Validation Loss: 0.03440844640135765
Epoch: 3, Validation Loss: 0.03409701585769653
Epoch: 4, Validation Loss: 0.03009081818163395
Epoch: 5, Validation Loss: 0.03183980658650398
Epoch: 6, Validation Loss: 0.03924829885363579
Epoch: 7, Validation Loss: 0.0340939424932003
Epoch: 8, Validation Loss: 0.03703496977686882
Epoch: 9, Validation Loss: 0.039538901299238205
Epoch: 10, Validation Loss: 0.04168900474905968
Epoch: 11, Validation Loss: 0.049027130007743835
Epoch: 12, Validation Loss: 0.045535020530223846
Epoch: 13, Validation Loss: 0.06354270130395889
Epoch: 14, Validation Loss: 0.08107669651508331
Epoch: 15, Validation Loss: 0.0608692467212677
Epoch: 16, Validation Loss: 0.08220525830984116
Epoch: 17, Validation Loss: 0.16301549971103668
Epoch: 18, Validation Loss: 0.16752442717552185
Epoch: 19, Validation Loss: 0.12660697102546692
Epoch: 20, Validation Loss: 0.20320366322994232
Epoch: 21, Validation Loss: 0.12674853205680847
Epoch: 22, Validation Loss: 0.17828711867332458
Epoch: 23, Validation Loss: 0.2012467086315155
Epoch: 24, Validation Loss: 0.21376915276050568
Epoch: 25, Validation Loss: 0.16576500236988068
Epoch: 26, Validation Loss: 0.12266512960195541
Epoch: 27, Validation Loss: 0.11222667992115021
Epoch: 28, Validation Loss: 0.07667537778615952
Epoch: 29, Validation Loss: 0.0646781474351883
Epoch: 30, Validation Loss: 0.043651025742292404
Epoch: 31, Validation Loss: 0.04272391274571419
Epoch: 32, Validation Loss: 0.043339136987924576
Epoch: 33, Validation Loss: 0.04524517059326172
Epoch: 34, Validation Loss: 0.03922600299119949
Epoch: 35, Validation Loss: 0.04288233816623688
Epoch: 36, Validation Loss: 0.041658539324998856
Epoch: 37, Validation Loss: 0.03774849325418472
Epoch: 38, Validation Loss: 0.0373501181602478
Epoch: 39, Validation Loss: 0.03602356091141701
Epoch: 40, Validation Loss: 0.03720340132713318
Epoch: 41, Validation Loss: 0.03143363445997238
Epoch: 42, Validation Loss: 0.034609779715538025
Epoch: 43, Validation Loss: 0.033724453300237656
Epoch: 44, Validation Loss: 0.031151236966252327
Epoch: 45, Validation Loss: 0.029446063563227654
Epoch: 46, Validation Loss: 0.029210038483142853
Epoch: 47, Validation Loss: 0.02882097288966179
Epoch: 48, Validation Loss: 0.02966208942234516
Epoch: 49, Validation Loss: 0.02849479578435421
Epoch: 50, Validation Loss: 0.02915704809129238
Epoch: 51, Validation Loss: 0.02795322798192501
Epoch: 52, Validation Loss: 0.023899022489786148
Epoch: 53, Validation Loss: 0.021506626158952713
Epoch: 54, Validation Loss: 0.024700472131371498
Epoch: 55, Validation Loss: 0.025431662797927856
Epoch: 56, Validation Loss: 0.025202512741088867
Epoch: 57, Validation Loss: 0.025260411202907562
Epoch: 58, Validation Loss: 0.02440231665968895
Epoch: 59, Validation Loss: 0.020512085407972336
Epoch: 60, Validation Loss: 0.020708313211798668
Epoch: 61, Validation Loss: 0.02104746364057064
Epoch: 62, Validation Loss: 0.022308703511953354
Epoch: 63, Validation Loss: 0.022193463519215584
Epoch: 64, Validation Loss: 0.02265787497162819
Epoch: 65, Validation Loss: 0.022257128730416298
Epoch: 66, Validation Loss: 0.023233618587255478
Epoch: 67, Validation Loss: 0.02293231338262558
Epoch: 68, Validation Loss: 0.02241636998951435
Epoch: 69, Validation Loss: 0.022793713957071304
Epoch: 70, Validation Loss: 0.017298240214586258
Epoch: 71, Validation Loss: 0.01712043583393097
Epoch: 72, Validation Loss: 0.014201614074409008
Epoch: 73, Validation Loss: 0.015851382166147232
Epoch: 74, Validation Loss: 0.01709108240902424
Epoch: 75, Validation Loss: 0.015638649463653564
Epoch: 76, Validation Loss: 0.016193998977541924
Epoch: 77, Validation Loss: 0.01665603369474411
Epoch: 78, Validation Loss: 0.01823711395263672
Epoch: 79, Validation Loss: 0.013268220238387585
Epoch: 80, Validation Loss: 0.015651362016797066
Epoch: 81, Validation Loss: 0.014595591463148594
Epoch: 82, Validation Loss: 0.016389688476920128
Epoch: 83, Validation Loss: 0.01586427353322506
Epoch: 84, Validation Loss: 0.015988225117325783
Epoch: 85, Validation Loss: 0.014131488278508186
Epoch: 86, Validation Loss: 0.014921261928975582
Epoch: 87, Validation Loss: 0.014947171323001385
Epoch: 88, Validation Loss: 0.016313128173351288
Epoch: 89, Validation Loss: 0.013302545994520187
Epoch: 90, Validation Loss: 0.01506870612502098
Epoch: 91, Validation Loss: 0.013576101511716843
Epoch: 92, Validation Loss: 0.014291366562247276
Epoch: 93, Validation Loss: 0.012742778286337852
Epoch: 94, Validation Loss: 0.01374541874974966
Epoch: 95, Validation Loss: 0.01611398160457611
Epoch: 96, Validation Loss: 0.016729753464460373
Epoch: 97, Validation Loss: 0.017652347683906555
Epoch: 98, Validation Loss: 0.01592642441391945
Epoch: 99, Validation Loss: 0.013722732663154602
Epoch: 100, Validation Loss: 0.012088640592992306
Epoch: 101, Validation Loss: 0.012674297206103802
Epoch: 102, Validation Loss: 0.011460015550255775
Epoch: 103, Validation Loss: 0.011518607847392559
Epoch: 104, Validation Loss: 0.009832457639276981
Epoch: 105, Validation Loss: 0.010987319983541965
Epoch: 106, Validation Loss: 0.014111476950347424
Epoch: 107, Validation Loss: 0.01436847634613514
Epoch: 108, Validation Loss: 0.01723000593483448
Epoch: 109, Validation Loss: 0.01611168310046196
Epoch: 110, Validation Loss: 0.0180458202958107
Epoch: 111, Validation Loss: 0.012385834939777851
Epoch: 112, Validation Loss: 0.014252371154725552
Epoch: 113, Validation Loss: 0.013421307317912579
Epoch: 114, Validation Loss: 0.015366971492767334
Epoch: 115, Validation Loss: 0.01299070194363594
Epoch: 116, Validation Loss: 0.012586546130478382
Epoch: 117, Validation Loss: 0.01162431575357914
Epoch: 118, Validation Loss: 0.010701335035264492
Epoch: 119, Validation Loss: 0.012452534399926662
Epoch: 120, Validation Loss: 0.012575527653098106
Epoch: 121, Validation Loss: 0.01243853010237217
Epoch: 122, Validation Loss: 0.013583258725702763
Epoch: 123, Validation Loss: 0.012039965949952602
Epoch: 124, Validation Loss: 0.011396778747439384
Epoch: 125, Validation Loss: 0.01074717566370964
Epoch: 126, Validation Loss: 0.010814589448273182
Epoch: 127, Validation Loss: 0.009769981727004051
Epoch: 128, Validation Loss: 0.009595165960490704
Epoch: 129, Validation Loss: 0.010521072894334793
Epoch: 130, Validation Loss: 0.011969166807830334
Epoch: 131, Validation Loss: 0.010224568657577038
Epoch: 132, Validation Loss: 0.013052784837782383
Epoch: 133, Validation Loss: 0.014294099062681198
Epoch: 134, Validation Loss: 0.012572484090924263
Epoch: 135, Validation Loss: 0.010102387517690659
Epoch: 136, Validation Loss: 0.010762864723801613
Epoch: 137, Validation Loss: 0.010087952949106693
Epoch: 138, Validation Loss: 0.011621231213212013
Epoch: 139, Validation Loss: 0.011272106319665909
Epoch: 140, Validation Loss: 0.011669271625578403
Epoch: 141, Validation Loss: 0.011712289415299892
Epoch: 142, Validation Loss: 0.011754041537642479
Epoch: 143, Validation Loss: 0.012625543400645256
Epoch: 144, Validation Loss: 0.013485562987625599
Epoch: 145, Validation Loss: 0.010449306108057499
Epoch: 146, Validation Loss: 0.009913362562656403
Epoch: 147, Validation Loss: 0.010304645635187626
Epoch: 148, Validation Loss: 0.010538112372159958
Epoch: 149, Validation Loss: 0.011210832744836807
Epoch: 150, Validation Loss: 0.009639091789722443
Epoch: 151, Validation Loss: 0.00893332064151764
Epoch: 152, Validation Loss: 0.009678776375949383
Epoch: 153, Validation Loss: 0.012920552864670753
Epoch: 154, Validation Loss: 0.011247780174016953
Epoch: 155, Validation Loss: 0.010034149512648582
Epoch: 156, Validation Loss: 0.009667006321251392
Epoch: 157, Validation Loss: 0.010104530490934849
Epoch: 158, Validation Loss: 0.009262636303901672
Epoch: 159, Validation Loss: 0.009615407325327396
Epoch: 160, Validation Loss: 0.010168862529098988
Epoch: 161, Validation Loss: 0.009809023700654507
Epoch: 162, Validation Loss: 0.009278311394155025
Epoch: 163, Validation Loss: 0.009943345561623573
Epoch: 164, Validation Loss: 0.009954523295164108
Epoch: 165, Validation Loss: 0.009853682480752468
Epoch: 166, Validation Loss: 0.010464262217283249
Epoch: 167, Validation Loss: 0.009200368076562881
Rank 0: Starting epoch 169/200
Rank 0: Starting epoch 170/200
Rank 0: Starting epoch 171/200
Rank 0: Starting epoch 172/200
Rank 0: Starting epoch 173/200
Rank 0: Starting epoch 174/200
Rank 0: Starting epoch 175/200
Rank 0: Starting epoch 176/200
Rank 0: Starting epoch 177/200
Rank 0: Starting epoch 178/200
Rank 0: Starting epoch 179/200
Rank 0: Starting epoch 180/200
Rank 0: Starting epoch 181/200
Rank 0: Starting epoch 182/200
Rank 0: Starting epoch 183/200
Rank 0: Starting epoch 184/200
Rank 0: Starting epoch 185/200
Rank 0: Starting epoch 186/200
Rank 0: Starting epoch 187/200
Rank 0: Starting epoch 188/200
Rank 0: Starting epoch 189/200
Rank 0: Starting epoch 190/200
Rank 0: Starting epoch 191/200
Rank 0: Starting epoch 192/200
Rank 0: Starting epoch 193/200
Rank 0: Starting epoch 194/200
Rank 0: Starting epoch 195/200
Rank 0: Starting epoch 196/200
Rank 0: Starting epoch 197/200
Rank 0: Starting epoch 198/200
Rank 0: Starting epoch 199/200
Rank 0: Starting epoch 200/200
Rank 0: Sent training data output to rank 1
Rank 0: Sent test data output to rank 1
Epoch: 168, Validation Loss: 0.009328433312475681
Epoch: 169, Validation Loss: 0.008697926066815853
Epoch: 170, Validation Loss: 0.008637270890176296
Epoch: 171, Validation Loss: 0.009442786686122417
Epoch: 172, Validation Loss: 0.010317547246813774
Epoch: 173, Validation Loss: 0.010154973715543747
Epoch: 174, Validation Loss: 0.009210117161273956
Epoch: 175, Validation Loss: 0.009303665719926357
Epoch: 176, Validation Loss: 0.007487929426133633
Epoch: 177, Validation Loss: 0.007065126672387123
Epoch: 178, Validation Loss: 0.0083193089812994
Epoch: 179, Validation Loss: 0.011109666898846626
Epoch: 180, Validation Loss: 0.012617571279406548
Epoch: 181, Validation Loss: 0.015857459977269173
Epoch: 182, Validation Loss: 0.013911480084061623
Epoch: 183, Validation Loss: 0.013566491194069386
Epoch: 184, Validation Loss: 0.011083235964179039
Epoch: 185, Validation Loss: 0.008933832868933678
Epoch: 186, Validation Loss: 0.007820265367627144
Epoch: 187, Validation Loss: 0.007420949637889862
Epoch: 188, Validation Loss: 0.007734578102827072
Epoch: 189, Validation Loss: 0.007089589722454548
Epoch: 190, Validation Loss: 0.006923334207385778
Epoch: 191, Validation Loss: 0.00709237065166235
Epoch: 192, Validation Loss: 0.008908304385840893
Epoch: 193, Validation Loss: 0.0113139683380723
Epoch: 194, Validation Loss: 0.014268980361521244
Epoch: 195, Validation Loss: 0.013554488308727741
Epoch: 196, Validation Loss: 0.013012691400945187
Epoch: 197, Validation Loss: 0.01102874893695116
Epoch: 198, Validation Loss: 0.008241004310548306
Epoch: 199, Validation Loss: 0.007420730777084827
Epoch: 200, Validation Loss: 0.00700201652944088
Model: ModelParallel_2L-GL
Training Time: 7603.82 seconds
Final Training MSE: 0.007002
Final Validation MSE: 0.005079
Test MSE: 0.138981
